<?xml version="1.0" encoding="utf-8"?>
<TestRun id="c6d6351a-e145-4891-8a58-5389144372e1" name="Ernane@ALIENWARE 2025-12-24 18:39:44" runUser="ALIENWARE\Ernane" xmlns="http://microsoft.com/schemas/VisualStudio/TeamTest/2010">
  <Times creation="2025-12-24T18:39:44.0959877-03:00" queuing="2025-12-24T18:39:44.0959883-03:00" start="2025-12-24T18:39:43.4705927-03:00" finish="2025-12-24T18:42:13.7974661-03:00" />
  <TestSettings name="default" id="8334838f-e750-48ea-ac85-915cea973d64">
    <Deployment runDeploymentRoot="Ernane_ALIENWARE_2025-12-24_18_39_44" />
  </TestSettings>
  <Results>
    <UnitTestResult executionId="f8b84dbc-ab66-4f86-8580-90fdabd684d1" testId="9d2d923f-1fc5-75ab-b397-b64d3f03a3f9" testName="MercadoBitcoin.Client.ComprehensiveTests.ExhaustiveApiCoverageTests.DepositAddresses_ShouldReturnAddresses" computerName="ALIENWARE" duration="00:00:01.2245101" startTime="2025-12-24T18:41:36.1302166-03:00" endTime="2025-12-24T18:41:37.3550172-03:00" testType="13cdc9d9-ddb5-4fa4-a97d-d965ccfc6d4b" outcome="Passed" testListId="8c84fa94-04c1-424b-9868-57a2d4851a1d" relativeResultsDirectory="f8b84dbc-ab66-4f86-8580-90fdabd684d1">
      <Output>
        <StdOut>[INIT] Using Account ID: 45eb3fd89244f26e696801b09ef2faa3487da99dba6435180c9ae058f4ae6981&#xD;
[INIT] Time synchronized at 2025-12-24 21:41:36 UTC&#xD;
✅ Deposit Addresses (BTC): 1 address(es)&#xD;
[CLEANUP] Client disposed at 21:41:37 UTC</StdOut>
      </Output>
    </UnitTestResult>
    <UnitTestResult executionId="16d3ed89-ab2c-46d9-9754-4e594f9ffad0" testId="f908b880-2f8c-d520-a58d-cdb8c0dd018e" testName="MercadoBitcoin.Client.ComprehensiveTests.ExhaustiveApiCoverageTests.AssetFees_WithNetwork_ShouldReturnNetworkFee" computerName="ALIENWARE" duration="00:00:00.9431603" startTime="2025-12-24T18:41:21.7918262-03:00" endTime="2025-12-24T18:41:22.7351689-03:00" testType="13cdc9d9-ddb5-4fa4-a97d-d965ccfc6d4b" outcome="Passed" testListId="8c84fa94-04c1-424b-9868-57a2d4851a1d" relativeResultsDirectory="16d3ed89-ab2c-46d9-9754-4e594f9ffad0">
      <Output>
        <StdOut>[INIT] Using Account ID: 45eb3fd89244f26e696801b09ef2faa3487da99dba6435180c9ae058f4ae6981&#xD;
[INIT] Time synchronized at 2025-12-24 21:41:22 UTC&#xD;
✅ Asset Fees (BTC-bitcoin): 0.00016&#xD;
[CLEANUP] Client disposed at 21:41:22 UTC</StdOut>
      </Output>
    </UnitTestResult>
    <UnitTestResult executionId="158f9f49-92b2-43c5-a406-fc9f8b50c0d2" testId="4305fb0f-90e2-8066-039a-c78df2a1633e" testName="MercadoBitcoin.Client.ComprehensiveTests.AllRoutesIntegrationTests.Private_Withdrawals_ShouldReturnWithdrawalHistory" computerName="ALIENWARE" duration="00:00:00.8095151" startTime="2025-12-24T18:41:57.3446772-03:00" endTime="2025-12-24T18:41:58.1541178-03:00" testType="13cdc9d9-ddb5-4fa4-a97d-d965ccfc6d4b" outcome="Passed" testListId="8c84fa94-04c1-424b-9868-57a2d4851a1d" relativeResultsDirectory="158f9f49-92b2-43c5-a406-fc9f8b50c0d2">
      <Output>
        <StdOut>DEBUG: API Key found: True&#xD;
DEBUG: API Secret found: True&#xD;
✅ [INIT] Time synchronized. Timestamp: 1766612517&#xD;
✅ [INIT] Account ID: 45eb3fd89244f26e696801b09ef2faa3487da99dba6435180c9ae058f4ae6981&#xD;
✅ Found 0 withdrawal(s)</StdOut>
      </Output>
    </UnitTestResult>
    <UnitTestResult executionId="efa903e8-ae18-45d0-8a57-2421f0c89ba0" testId="9e31a085-28c9-5346-5cdb-cf39e7e9e597" testName="MercadoBitcoin.Client.ComprehensiveTests.ErrorHandlingTests.PrivateEndpoints_WithInvalidCredentials_ShouldHandleAuthError" computerName="ALIENWARE" duration="00:00:06.0080954" startTime="2025-12-24T18:39:44.0038200-03:00" endTime="2025-12-24T18:39:49.9917545-03:00" testType="13cdc9d9-ddb5-4fa4-a97d-d965ccfc6d4b" outcome="Passed" testListId="8c84fa94-04c1-424b-9868-57a2d4851a1d" relativeResultsDirectory="efa903e8-ae18-45d0-8a57-2421f0c89ba0" />
    <UnitTestResult executionId="cf4418a2-ede6-403a-afde-b5c7b7da4a14" testId="7939c84e-989e-998a-7949-02d47bb34763" testName="MercadoBitcoin.Client.ComprehensiveTests.AllRoutesIntegrationTests.Private_TradingFees_ShouldReturnFees" computerName="ALIENWARE" duration="00:00:00.9840979" startTime="2025-12-24T18:42:08.9706042-03:00" endTime="2025-12-24T18:42:09.9547941-03:00" testType="13cdc9d9-ddb5-4fa4-a97d-d965ccfc6d4b" outcome="Passed" testListId="8c84fa94-04c1-424b-9868-57a2d4851a1d" relativeResultsDirectory="cf4418a2-ede6-403a-afde-b5c7b7da4a14">
      <Output>
        <StdOut>DEBUG: API Key found: True&#xD;
DEBUG: API Secret found: True&#xD;
✅ [INIT] Time synchronized. Timestamp: 1766612529&#xD;
✅ [INIT] Account ID: 45eb3fd89244f26e696801b09ef2faa3487da99dba6435180c9ae058f4ae6981&#xD;
✅ Trading Fees for BTC-BRL: Maker=0.00300000, Taker=0.00700000</StdOut>
      </Output>
    </UnitTestResult>
    <UnitTestResult executionId="a28dadb6-578c-4fa4-b900-f5c1ae1f7f23" testId="8a1ff221-4679-4977-a4b0-de8d4c6d4848" testName="MercadoBitcoin.Client.ComprehensiveTests.ExhaustiveApiCoverageTests.DepositAddresses_All_ShouldReturnAllAssets" computerName="ALIENWARE" duration="00:00:00.7504922" startTime="2025-12-24T18:41:43.6582063-03:00" endTime="2025-12-24T18:41:44.4090291-03:00" testType="13cdc9d9-ddb5-4fa4-a97d-d965ccfc6d4b" outcome="Passed" testListId="8c84fa94-04c1-424b-9868-57a2d4851a1d" relativeResultsDirectory="a28dadb6-578c-4fa4-b900-f5c1ae1f7f23">
      <Output>
        <StdOut>[INIT] Using Account ID: 45eb3fd89244f26e696801b09ef2faa3487da99dba6435180c9ae058f4ae6981&#xD;
[INIT] Time synchronized at 2025-12-24 21:41:44 UTC&#xD;
✅ All Deposit Addresses: 0 address(es)&#xD;
[CLEANUP] Client disposed at 21:41:44 UTC</StdOut>
      </Output>
    </UnitTestResult>
    <UnitTestResult executionId="46610cb8-3b8f-45e2-862e-bb1a175b912e" testId="c5a7baa4-acd4-dfb0-91b6-359071def4e0" testName="MercadoBitcoin.Client.ComprehensiveTests.ExhaustiveApiCoverageTests.Trades_WithTimeRange_ShouldFilterByTime" computerName="ALIENWARE" duration="00:00:00.7129219" startTime="2025-12-24T18:41:54.4328497-03:00" endTime="2025-12-24T18:41:55.1459967-03:00" testType="13cdc9d9-ddb5-4fa4-a97d-d965ccfc6d4b" outcome="Passed" testListId="8c84fa94-04c1-424b-9868-57a2d4851a1d" relativeResultsDirectory="46610cb8-3b8f-45e2-862e-bb1a175b912e">
      <Output>
        <StdOut>[INIT] Using Account ID: 45eb3fd89244f26e696801b09ef2faa3487da99dba6435180c9ae058f4ae6981&#xD;
[INIT] Time synchronized at 2025-12-24 21:41:54 UTC&#xD;
✅ Trades (24h range): 1000 trades&#xD;
[CLEANUP] Client disposed at 21:41:55 UTC</StdOut>
      </Output>
    </UnitTestResult>
    <UnitTestResult executionId="13be1661-4459-4959-82fd-1d0000d178af" testId="001303bc-c04a-34d5-0357-e8e28ea8b8b1" testName="MercadoBitcoin.Client.ComprehensiveTests.ExhaustiveApiCoverageTests.Tickers_WithSingleFilter_ShouldReturnOne" computerName="ALIENWARE" duration="00:00:00.7445515" startTime="2025-12-24T18:41:42.1192001-03:00" endTime="2025-12-24T18:41:42.8639088-03:00" testType="13cdc9d9-ddb5-4fa4-a97d-d965ccfc6d4b" outcome="Passed" testListId="8c84fa94-04c1-424b-9868-57a2d4851a1d" relativeResultsDirectory="13be1661-4459-4959-82fd-1d0000d178af">
      <Output>
        <StdOut>[INIT] Using Account ID: 45eb3fd89244f26e696801b09ef2faa3487da99dba6435180c9ae058f4ae6981&#xD;
[INIT] Time synchronized at 2025-12-24 21:41:42 UTC&#xD;
✅ Tickers (BTC-BRL): Last=485785.00000000, Vol=17.16775240&#xD;
[CLEANUP] Client disposed at 21:41:42 UTC</StdOut>
      </Output>
    </UnitTestResult>
    <UnitTestResult executionId="79688694-d948-4813-8080-2348dcd4cda6" testId="9bf8b6e3-40cd-3e32-6c69-02f36a8fc152" testName="MercadoBitcoin.Client.ComprehensiveTests.FullCoverageTests.Streaming_StreamOrders_ShouldWork" computerName="ALIENWARE" duration="00:00:01.1242253" startTime="2025-12-24T18:40:49.6627746-03:00" endTime="2025-12-24T18:40:50.7873421-03:00" testType="13cdc9d9-ddb5-4fa4-a97d-d965ccfc6d4b" outcome="Passed" testListId="8c84fa94-04c1-424b-9868-57a2d4851a1d" relativeResultsDirectory="79688694-d948-4813-8080-2348dcd4cda6" />
    <UnitTestResult executionId="53b47490-49f6-4797-8eec-70f99027f844" testId="df92a9de-c8d8-d70f-b194-05a833c4499c" testName="MercadoBitcoin.Client.ComprehensiveTests.FullCoverageTests.Streaming_StreamCandles_ShouldWork" computerName="ALIENWARE" duration="00:00:05.1919400" startTime="2025-12-24T18:39:50.7405458-03:00" endTime="2025-12-24T18:39:55.9327217-03:00" testType="13cdc9d9-ddb5-4fa4-a97d-d965ccfc6d4b" outcome="Passed" testListId="8c84fa94-04c1-424b-9868-57a2d4851a1d" relativeResultsDirectory="53b47490-49f6-4797-8eec-70f99027f844" />
    <UnitTestResult executionId="be54ef68-6953-4043-b896-e0609ca8cdb7" testId="4be3311c-cd14-aabe-89f1-fb06de8bd618" testName="MercadoBitcoin.Client.ComprehensiveTests.ExhaustiveApiCoverageTests.Symbols_WithMultipleFilters_ShouldReturnMultiple" computerName="ALIENWARE" duration="00:00:00.6292552" startTime="2025-12-24T18:41:52.1486746-03:00" endTime="2025-12-24T18:41:52.7780748-03:00" testType="13cdc9d9-ddb5-4fa4-a97d-d965ccfc6d4b" outcome="Passed" testListId="8c84fa94-04c1-424b-9868-57a2d4851a1d" relativeResultsDirectory="be54ef68-6953-4043-b896-e0609ca8cdb7">
      <Output>
        <StdOut>[INIT] Using Account ID: 45eb3fd89244f26e696801b09ef2faa3487da99dba6435180c9ae058f4ae6981&#xD;
[INIT] Time synchronized at 2025-12-24 21:41:52 UTC&#xD;
✅ Symbols (multiple filters): 3 symbols&#xD;
[CLEANUP] Client disposed at 21:41:52 UTC</StdOut>
      </Output>
    </UnitTestResult>
    <UnitTestResult executionId="0eb9f355-3192-4dc8-87b4-85af707a5862" testId="83dc407b-2288-1528-3fd7-06c9b60fd9f6" testName="MercadoBitcoin.Client.ComprehensiveTests.PrivateEndpointsTests.GetOrders_ShouldReturnOrderHistory" computerName="ALIENWARE" duration="00:00:04.8092641" startTime="2025-12-24T18:40:27.3904227-03:00" endTime="2025-12-24T18:40:32.2000987-03:00" testType="13cdc9d9-ddb5-4fa4-a97d-d965ccfc6d4b" outcome="Passed" testListId="8c84fa94-04c1-424b-9868-57a2d4851a1d" relativeResultsDirectory="0eb9f355-3192-4dc8-87b4-85af707a5862" />
    <UnitTestResult executionId="01aeb459-0a6e-4218-9bfa-0ef61f7fbd78" testId="ac703200-acc0-16e2-36e2-5adb7eb3d901" testName="MercadoBitcoin.Client.ComprehensiveTests.UniversalFilterTests.GetSymbolsAsync_NoParams_ShouldReturnAllSymbols" computerName="ALIENWARE" duration="00:00:04.9945519" startTime="2025-12-24T18:39:54.3913175-03:00" endTime="2025-12-24T18:39:59.3863156-03:00" testType="13cdc9d9-ddb5-4fa4-a97d-d965ccfc6d4b" outcome="Passed" testListId="8c84fa94-04c1-424b-9868-57a2d4851a1d" relativeResultsDirectory="01aeb459-0a6e-4218-9bfa-0ef61f7fbd78">
      <Output>
        <StdOut>✅ Fetched 1172 symbols.</StdOut>
      </Output>
    </UnitTestResult>
    <UnitTestResult executionId="a8a2b5f9-751a-4a96-a09b-bf28834ef777" testId="d5ce112e-ba5b-9033-a2e7-b514fbc5d993" testName="MercadoBitcoin.Client.ComprehensiveTests.FullCoverageTests.Public_GetTickers_Plural_ShouldWork" computerName="ALIENWARE" duration="00:00:04.0106458" startTime="2025-12-24T18:40:21.8890924-03:00" endTime="2025-12-24T18:40:25.8995533-03:00" testType="13cdc9d9-ddb5-4fa4-a97d-d965ccfc6d4b" outcome="Passed" testListId="8c84fa94-04c1-424b-9868-57a2d4851a1d" relativeResultsDirectory="a8a2b5f9-751a-4a96-a09b-bf28834ef777" />
    <UnitTestResult executionId="8a04f3ad-bef6-4757-aa89-1a2a8f94b213" testId="17a8ec02-75a7-7653-cb31-a56564a3377e" testName="MercadoBitcoin.Client.ComprehensiveTests.PublicEndpointsTests.GetCandles_DifferentTimeframes_ShouldWork(timeframe: &quot;1h&quot;)" computerName="ALIENWARE" duration="00:00:05.5876467" startTime="2025-12-24T18:40:06.3151528-03:00" endTime="2025-12-24T18:40:11.9030495-03:00" testType="13cdc9d9-ddb5-4fa4-a97d-d965ccfc6d4b" outcome="Passed" testListId="8c84fa94-04c1-424b-9868-57a2d4851a1d" relativeResultsDirectory="8a04f3ad-bef6-4757-aa89-1a2a8f94b213" />
    <UnitTestResult executionId="c52deebb-6a3e-442a-a7af-2f3848209b85" testId="f590be54-1fde-d313-7d36-8f926e12367f" testName="MercadoBitcoin.Client.ComprehensiveTests.WebSocketTests.SubscribeOrderBookAsync_ShouldReceiveMessages" computerName="ALIENWARE" duration="00:00:00.6327509" startTime="2025-12-24T18:39:44.0038765-03:00" endTime="2025-12-24T18:39:44.6179091-03:00" testType="13cdc9d9-ddb5-4fa4-a97d-d965ccfc6d4b" outcome="Passed" testListId="8c84fa94-04c1-424b-9868-57a2d4851a1d" relativeResultsDirectory="c52deebb-6a3e-442a-a7af-2f3848209b85">
      <Output>
        <StdOut>✅ OrderBook subscription test completed. Received 1 orderbook messages for BRLBTC</StdOut>
      </Output>
    </UnitTestResult>
    <UnitTestResult executionId="8edf905d-776d-44aa-8500-efa6257965e8" testId="0c2616df-1ee2-0d1b-7f2c-cc81102c1cd9" testName="MercadoBitcoin.Client.ComprehensiveTests.ExhaustiveApiCoverageTests.DepositAddresses_WithNetwork_ShouldReturnNetworkAddress" computerName="ALIENWARE" duration="00:00:01.3328154" startTime="2025-12-24T18:41:20.4587999-03:00" endTime="2025-12-24T18:41:21.7917672-03:00" testType="13cdc9d9-ddb5-4fa4-a97d-d965ccfc6d4b" outcome="Passed" testListId="8c84fa94-04c1-424b-9868-57a2d4851a1d" relativeResultsDirectory="8edf905d-776d-44aa-8500-efa6257965e8">
      <Output>
        <StdOut>[INIT] Using Account ID: 45eb3fd89244f26e696801b09ef2faa3487da99dba6435180c9ae058f4ae6981&#xD;
[INIT] Time synchronized at 2025-12-24 21:41:20 UTC&#xD;
✅ Deposit Addresses (USDT-Ethereum): Retrieved&#xD;
[CLEANUP] Client disposed at 21:41:21 UTC</StdOut>
      </Output>
    </UnitTestResult>
    <UnitTestResult executionId="65deaa73-c95f-4e7d-beee-597946faa2bd" testId="84dbe3bc-32e3-aa19-87ee-e3b7ecca57f9" testName="MercadoBitcoin.Client.ComprehensiveTests.WebSocketTests.SubscribeTickerAsync_ShouldReceiveMessages" computerName="ALIENWARE" duration="00:00:30.0011554" startTime="2025-12-24T18:39:45.0649747-03:00" endTime="2025-12-24T18:40:15.0662828-03:00" testType="13cdc9d9-ddb5-4fa4-a97d-d965ccfc6d4b" outcome="Passed" testListId="8c84fa94-04c1-424b-9868-57a2d4851a1d" relativeResultsDirectory="65deaa73-c95f-4e7d-beee-597946faa2bd">
      <Output>
        <StdOut>⚠️ No ticker messages received within timeout - this may happen in low-activity periods</StdOut>
      </Output>
    </UnitTestResult>
    <UnitTestResult executionId="53a10488-aa2b-43f6-a56f-86485a6e86c5" testId="e8e9fde3-fddf-89b5-7a87-5815c9b02966" testName="MercadoBitcoin.Client.ComprehensiveTests.PerformanceTests.MeasureApiResponseTimes_ShouldBeFast" computerName="ALIENWARE" duration="00:00:06.8662629" startTime="2025-12-24T18:39:44.0023394-03:00" endTime="2025-12-24T18:39:50.8498169-03:00" testType="13cdc9d9-ddb5-4fa4-a97d-d965ccfc6d4b" outcome="Passed" testListId="8c84fa94-04c1-424b-9868-57a2d4851a1d" relativeResultsDirectory="53a10488-aa2b-43f6-a56f-86485a6e86c5" />
    <UnitTestResult executionId="604d4576-e46d-4244-809d-e1ddf2303445" testId="436cf42f-7758-4208-1695-936d2892f157" testName="MercadoBitcoin.Client.ComprehensiveTests.BalanceSmokeTests.Authenticate_And_GetFirstAccountBalances" computerName="ALIENWARE" duration="00:00:00.0055722" startTime="2025-12-24T18:39:44.0040151-03:00" endTime="2025-12-24T18:39:44.0053474-03:00" testType="13cdc9d9-ddb5-4fa4-a97d-d965ccfc6d4b" outcome="Passed" testListId="8c84fa94-04c1-424b-9868-57a2d4851a1d" relativeResultsDirectory="604d4576-e46d-4244-809d-e1ddf2303445" />
    <UnitTestResult executionId="dcacce57-5fcb-4acf-91b6-99f0183c094b" testId="ca81f413-ea15-d1d8-5978-e40594e6c0b2" testName="MercadoBitcoin.Client.ComprehensiveTests.ExhaustiveApiCoverageTests.OrderBook_DefaultLimit_ShouldReturnBook" computerName="ALIENWARE" duration="00:00:00.7231010" startTime="2025-12-24T18:41:29.2526445-03:00" endTime="2025-12-24T18:41:29.9759546-03:00" testType="13cdc9d9-ddb5-4fa4-a97d-d965ccfc6d4b" outcome="Passed" testListId="8c84fa94-04c1-424b-9868-57a2d4851a1d" relativeResultsDirectory="dcacce57-5fcb-4acf-91b6-99f0183c094b">
      <Output>
        <StdOut>[INIT] Using Account ID: 45eb3fd89244f26e696801b09ef2faa3487da99dba6435180c9ae058f4ae6981&#xD;
[INIT] Time synchronized at 2025-12-24 21:41:29 UTC&#xD;
✅ OrderBook (default): 518 bids, 1000 asks&#xD;
[CLEANUP] Client disposed at 21:41:29 UTC</StdOut>
      </Output>
    </UnitTestResult>
    <UnitTestResult executionId="ed6794dc-d65d-44b9-9751-de83addee162" testId="174fcb4f-49b5-a34a-282d-814c3a0eb267" testName="Async pagination of crypto deposits returns items and respects cancellation" computerName="ALIENWARE" duration="00:00:06.1348164" startTime="2025-12-24T18:39:44.0039340-03:00" endTime="2025-12-24T18:39:50.1188242-03:00" testType="13cdc9d9-ddb5-4fa4-a97d-d965ccfc6d4b" outcome="Passed" testListId="8c84fa94-04c1-424b-9868-57a2d4851a1d" relativeResultsDirectory="ed6794dc-d65d-44b9-9751-de83addee162" />
    <UnitTestResult executionId="a76dd395-2d3c-4037-867f-1f12b951aa45" testId="9dd28c94-23d1-075d-5cd3-f27fc963795f" testName="MercadoBitcoin.Client.ComprehensiveTests.ErrorHandlingTests.ConcurrentRequests_WithErrors_ShouldNotAffectOthers" computerName="ALIENWARE" duration="00:00:05.1373450" startTime="2025-12-24T18:40:18.5237647-03:00" endTime="2025-12-24T18:40:23.6612825-03:00" testType="13cdc9d9-ddb5-4fa4-a97d-d965ccfc6d4b" outcome="Passed" testListId="8c84fa94-04c1-424b-9868-57a2d4851a1d" relativeResultsDirectory="a76dd395-2d3c-4037-867f-1f12b951aa45" />
    <UnitTestResult executionId="5ac468a4-8349-456d-8c02-28bd132d135e" testId="689b3e33-b3af-7a80-a177-b949b0e9d34b" testName="MercadoBitcoin.Client.ComprehensiveTests.DebugTests.DebugSymbols" computerName="ALIENWARE" duration="00:00:00.7252298" startTime="2025-12-24T18:39:45.6429726-03:00" endTime="2025-12-24T18:39:46.3684043-03:00" testType="13cdc9d9-ddb5-4fa4-a97d-d965ccfc6d4b" outcome="Passed" testListId="8c84fa94-04c1-424b-9868-57a2d4851a1d" relativeResultsDirectory="5ac468a4-8349-456d-8c02-28bd132d135e" />
    <UnitTestResult executionId="bc166065-b64b-4797-b77b-9c5569debb6a" testId="14ccc3bf-3a58-a776-2cb8-7298dd928d7d" testName="MercadoBitcoin.Client.ComprehensiveTests.PrivateEndpointsTests.GetOrdersWithDateRange_ShouldReturnFilteredResults" computerName="ALIENWARE" duration="00:00:05.3797887" startTime="2025-12-24T18:40:22.0103050-03:00" endTime="2025-12-24T18:40:27.3903259-03:00" testType="13cdc9d9-ddb5-4fa4-a97d-d965ccfc6d4b" outcome="Passed" testListId="8c84fa94-04c1-424b-9868-57a2d4851a1d" relativeResultsDirectory="bc166065-b64b-4797-b77b-9c5569debb6a" />
    <UnitTestResult executionId="15c89662-f4cc-4a6f-b921-3cdf5ce446d8" testId="420763c6-98ec-9dd1-066d-36dae89d2f54" testName="MercadoBitcoin.Client.ComprehensiveTests.StressTests.WebSocket_ParallelSubscriptions_ShouldHandleLoad" computerName="ALIENWARE" duration="00:00:42.5254034" startTime="2025-12-24T18:39:44.0039945-03:00" endTime="2025-12-24T18:40:26.5089309-03:00" testType="13cdc9d9-ddb5-4fa4-a97d-d965ccfc6d4b" outcome="Passed" testListId="8c84fa94-04c1-424b-9868-57a2d4851a1d" relativeResultsDirectory="15c89662-f4cc-4a6f-b921-3cdf5ce446d8">
      <Output>
        <StdOut>✅ 10 clients connected&#xD;
✅ All 10 clients received messages</StdOut>
      </Output>
    </UnitTestResult>
    <UnitTestResult executionId="de4d1c37-98a3-4fa8-9d8e-3d3d91a52c6d" testId="addf791d-b614-a197-3351-013ada46fe58" testName="MercadoBitcoin.Client.ComprehensiveTests.FullCoverageTests.Private_GetWithdrawLimits_Plural_ShouldWork" computerName="ALIENWARE" duration="00:00:01.1645274" startTime="2025-12-24T18:40:39.8453403-03:00" endTime="2025-12-24T18:40:41.0098872-03:00" testType="13cdc9d9-ddb5-4fa4-a97d-d965ccfc6d4b" outcome="Passed" testListId="8c84fa94-04c1-424b-9868-57a2d4851a1d" relativeResultsDirectory="de4d1c37-98a3-4fa8-9d8e-3d3d91a52c6d" />
    <UnitTestResult executionId="ebe1e22e-17ec-42fd-8254-88ccbd92cef7" testId="731cb206-fff5-3d7e-6890-094e52ef2e8c" testName="MercadoBitcoin.Client.ComprehensiveTests.TradingOperationsTests.GetOrderById_ShouldReturnOrderDetails" computerName="ALIENWARE" duration="00:00:05.4008902" startTime="2025-12-24T18:40:17.7745148-03:00" endTime="2025-12-24T18:40:23.1756535-03:00" testType="13cdc9d9-ddb5-4fa4-a97d-d965ccfc6d4b" outcome="Passed" testListId="8c84fa94-04c1-424b-9868-57a2d4851a1d" relativeResultsDirectory="ebe1e22e-17ec-42fd-8254-88ccbd92cef7">
      <Output>
        <StdOut>[DEBUG] Loaded Account ID: '45eb3fd89244f26e696801b09ef2faa3487da99dba6435180c9ae058f4ae6981'&#xD;
[INIT] Trading tests initialized for account 45eb3fd89244f26e696801b09ef2faa3487da99dba6435180c9ae058f4ae6981&#xD;
[GETBYID] Placed sell order 01KD94WKGPTD07VK9YKB07YRSF&#xD;
✅ Order retrieved: sell 0.00001000 BTC @ R$ 728526&#xD;
[CLEANUP] Trading tests completed</StdOut>
      </Output>
    </UnitTestResult>
    <UnitTestResult executionId="d3526b7c-4609-4702-8c66-466062470ff1" testId="95a50b92-20b7-00ec-d0ec-76766bcf3bc2" testName="MercadoBitcoin.Client.ComprehensiveTests.ExhaustiveApiCoverageTests.Trades_NoFilters_ShouldReturnRecentTrades" computerName="ALIENWARE" duration="00:00:00.6255022" startTime="2025-12-24T18:41:30.6284003-03:00" endTime="2025-12-24T18:41:31.2540628-03:00" testType="13cdc9d9-ddb5-4fa4-a97d-d965ccfc6d4b" outcome="Passed" testListId="8c84fa94-04c1-424b-9868-57a2d4851a1d" relativeResultsDirectory="d3526b7c-4609-4702-8c66-466062470ff1">
      <Output>
        <StdOut>[INIT] Using Account ID: 45eb3fd89244f26e696801b09ef2faa3487da99dba6435180c9ae058f4ae6981&#xD;
[INIT] Time synchronized at 2025-12-24 21:41:31 UTC&#xD;
✅ Trades (no filters): 1000 trades&#xD;
[CLEANUP] Client disposed at 21:41:31 UTC</StdOut>
      </Output>
    </UnitTestResult>
    <UnitTestResult executionId="4a1e2329-dfc9-4c60-a0f2-a855a01f5f4c" testId="3a85c386-5c00-916d-164c-2e3f7c9126d3" testName="MercadoBitcoin.Client.ComprehensiveTests.FullCoverageTests.Private_ListWithdrawals_ShouldWork" computerName="ALIENWARE" duration="00:00:04.0603353" startTime="2025-12-24T18:40:17.8282546-03:00" endTime="2025-12-24T18:40:21.8886022-03:00" testType="13cdc9d9-ddb5-4fa4-a97d-d965ccfc6d4b" outcome="Passed" testListId="8c84fa94-04c1-424b-9868-57a2d4851a1d" relativeResultsDirectory="4a1e2329-dfc9-4c60-a0f2-a855a01f5f4c" />
    <UnitTestResult executionId="fbee2bd7-07c6-4121-a6d2-757d228c780e" testId="21f8bb95-5d79-e559-9d39-84de9c3c85c1" testName="MercadoBitcoin.Client.ComprehensiveTests.FullCoverageTests.Trading_PlaceAndCancel_BuyAndSell_ShouldWork" computerName="ALIENWARE" duration="00:00:02.3997978" startTime="2025-12-24T18:40:37.4452052-03:00" endTime="2025-12-24T18:40:39.8452574-03:00" testType="13cdc9d9-ddb5-4fa4-a97d-d965ccfc6d4b" outcome="Passed" testListId="8c84fa94-04c1-424b-9868-57a2d4851a1d" relativeResultsDirectory="fbee2bd7-07c6-4121-a6d2-757d228c780e" />
    <UnitTestResult executionId="0eddf968-599e-4540-9aa2-4ed3abbded62" testId="dc414e48-d9c2-8942-bb53-78c32a7908d8" testName="MercadoBitcoin.Client.ComprehensiveTests.TradingEndpointsTests.CancelOrder_WithInvalidId_ShouldHandleError" computerName="ALIENWARE" duration="00:00:04.4539712" startTime="2025-12-24T18:40:29.8656596-03:00" endTime="2025-12-24T18:40:34.3199179-03:00" testType="13cdc9d9-ddb5-4fa4-a97d-d965ccfc6d4b" outcome="Passed" testListId="8c84fa94-04c1-424b-9868-57a2d4851a1d" relativeResultsDirectory="0eddf968-599e-4540-9aa2-4ed3abbded62" />
    <UnitTestResult executionId="c55ce50e-fa12-4a1f-8988-873ae42719b9" testId="be6a655c-c1a1-b372-7f3d-a076f1e014fc" testName="MercadoBitcoin.Client.ComprehensiveTests.PublicEndpointsTests.GetCandles_DifferentTimeframes_ShouldWork(timeframe: &quot;30m&quot;)" computerName="ALIENWARE" duration="00:00:05.4808533" startTime="2025-12-24T18:40:00.8340253-03:00" endTime="2025-12-24T18:40:06.3150696-03:00" testType="13cdc9d9-ddb5-4fa4-a97d-d965ccfc6d4b" outcome="Passed" testListId="8c84fa94-04c1-424b-9868-57a2d4851a1d" relativeResultsDirectory="c55ce50e-fa12-4a1f-8988-873ae42719b9" />
    <UnitTestResult executionId="af2973f3-9f2d-4513-bedc-5ce6f38a71f3" testId="8def3cd5-ba02-cfaa-d84b-a1168675d942" testName="MercadoBitcoin.Client.ComprehensiveTests.RetryAndCircuitBreakerTests.RetryHandler_Retries_On_Transient_Errors" computerName="ALIENWARE" duration="00:00:00.1715752" startTime="2025-12-24T18:39:45.2720855-03:00" endTime="2025-12-24T18:39:45.4437811-03:00" testType="13cdc9d9-ddb5-4fa4-a97d-d965ccfc6d4b" outcome="Passed" testListId="8c84fa94-04c1-424b-9868-57a2d4851a1d" relativeResultsDirectory="af2973f3-9f2d-4513-bedc-5ce6f38a71f3" />
    <UnitTestResult executionId="9aedca7f-f3d2-46ca-ae5d-1d36e771fe89" testId="2d69f675-92cd-8f46-88bf-57dedf0cbe69" testName="MercadoBitcoin.Client.ComprehensiveTests.ErrorHandlingTests.GetSymbols_WithInvalidParameters_ShouldHandleGracefully" computerName="ALIENWARE" duration="00:00:05.0013875" startTime="2025-12-24T18:40:13.5220062-03:00" endTime="2025-12-24T18:40:18.5236685-03:00" testType="13cdc9d9-ddb5-4fa4-a97d-d965ccfc6d4b" outcome="Passed" testListId="8c84fa94-04c1-424b-9868-57a2d4851a1d" relativeResultsDirectory="9aedca7f-f3d2-46ca-ae5d-1d36e771fe89" />
    <UnitTestResult executionId="89b7aa8d-532c-4011-8fd0-147f6b899b3e" testId="3ee7a822-e5dd-41cd-792e-5b3e2204e04a" testName="MercadoBitcoin.Client.ComprehensiveTests.WebSocketStreamingTests.UnsubscribeAsync_AfterSubscribing_StopsReceivingMessages" computerName="ALIENWARE" duration="00:00:29.5903244" startTime="2025-12-24T18:40:49.5276669-03:00" endTime="2025-12-24T18:41:19.4264130-03:00" testType="13cdc9d9-ddb5-4fa4-a97d-d965ccfc6d4b" outcome="Passed" testListId="8c84fa94-04c1-424b-9868-57a2d4851a1d" relativeResultsDirectory="89b7aa8d-532c-4011-8fd0-147f6b899b3e">
      <Output>
        <StdOut>[Debug] Connection state changed: Disconnected -&gt; Connecting&#xD;
[Information] Connecting to WebSocket server at wss://ws.mercadobitcoin.net/ws&#xD;
[Debug] Connection state changed: Connecting -&gt; Connected&#xD;
[Information] Successfully connected to WebSocket server&#xD;
[Information] Subscribed to ticker for BRLBTC&#xD;
[Debug] Received WebSocket Message: {"id":"BRLBTC","name":"ticker"}&#xD;
[Debug] Subscription confirmed: ticker for BRLBTC&#xD;
[Debug] Received WebSocket Message: {"type":"ticker","id":"BRLBTC","ts":1766612456460545817,"data":{"high":"486459.00000000","low":"478731.00000000","vol":"17.17161248","last":"485785.00000000","buy":"485785.00000000","sell":"486215.00000000","open":"485229.00000000","date":1766612456}}&#xD;
[Debug] Received WebSocket Message: {"type":"ticker","id":"BRLBTC","ts":1766612474137896450,"data":{"high":"486459.00000000","low":"478731.00000000","vol":"17.17156250","last":"485785.00000000","buy":"485785.00000000","sell":"486215.00000000","open":"485080.00000000","date":1766612474}}&#xD;
[Debug] Received WebSocket Message: {"type":"ticker","id":"BRLBTC","ts":1766612478063658744,"data":{"high":"486459.00000000","low":"478731.00000000","vol":"17.16808302","last":"485785.00000000","buy":"485785.00000000","sell":"486215.00000000","open":"484732.00000000","date":1766612478}}&#xD;
[Information] Unsubscribed from ticker for BRLBTC&#xD;
Successfully unsubscribed after receiving 3 messages&#xD;
[Debug] Connection state changed: Connected -&gt; Closed</StdOut>
      </Output>
    </UnitTestResult>
    <UnitTestResult executionId="3897f4f9-b5a4-4516-af0f-8412f3aaf83e" testId="fec6195f-5f4c-8f42-2f96-4f0c3ffb0c25" testName="MercadoBitcoin.Client.ComprehensiveTests.WebSocketStreamingTests.SubscribeTickerAsync_WithBTCBRL_ReceivesTickerMessages" computerName="ALIENWARE" duration="00:00:21.7748365" startTime="2025-12-24T18:40:26.4318045-03:00" endTime="2025-12-24T18:40:48.5990881-03:00" testType="13cdc9d9-ddb5-4fa4-a97d-d965ccfc6d4b" outcome="Passed" testListId="8c84fa94-04c1-424b-9868-57a2d4851a1d" relativeResultsDirectory="3897f4f9-b5a4-4516-af0f-8412f3aaf83e">
      <Output>
        <StdOut>[Debug] Connection state changed: Disconnected -&gt; Connecting&#xD;
[Information] Connecting to WebSocket server at wss://ws.mercadobitcoin.net/ws&#xD;
[Debug] Connection state changed: Connecting -&gt; Connected&#xD;
[Information] Successfully connected to WebSocket server&#xD;
[Information] Subscribed to ticker for BRLBTC&#xD;
[Debug] Received WebSocket Message: {"id":"BRLBTC","name":"ticker"}&#xD;
[Debug] Subscription confirmed: ticker for BRLBTC&#xD;
[Debug] Received WebSocket Message: {"type":"ticker","id":"BRLBTC","ts":1766612439191413900,"data":{"high":"486459.00000000","low":"478731.00000000","vol":"17.24253808","last":"485685.00000000","buy":"485686.00000000","sell":"486123.00000000","open":"484943.00000000","date":1766612439}}&#xD;
Received ticker: BRLBTC - Last: 485685,00000000, Volume: 17,24253808&#xD;
[Debug] Received WebSocket Message: {"type":"ticker","id":"BRLBTC","ts":1766612441662140878,"data":{"high":"486459.00000000","low":"478731.00000000","vol":"17.24253808","last":"485685.00000000","buy":"485785.00000000","sell":"486123.00000000","open":"484943.00000000","date":1766612441}}&#xD;
Received ticker: BRLBTC - Last: 485685,00000000, Volume: 17,24253808&#xD;
[Debug] Received WebSocket Message: {"type":"ticker","id":"BRLBTC","ts":1766612441758696607,"data":{"high":"486459.00000000","low":"478731.00000000","vol":"17.24253808","last":"485685.00000000","buy":"485785.00000000","sell":"486215.00000000","open":"484943.00000000","date":1766612441}}&#xD;
Received ticker: BRLBTC - Last: 485685,00000000, Volume: 17,24253808&#xD;
[Debug] Received WebSocket Message: {"type":"ticker","id":"BRLBTC","ts":1766612444288517511,"data":{"high":"486459.00000000","low":"478731.00000000","vol":"17.24263784","last":"486215.00000000","buy":"485785.00000000","sell":"486215.00000000","open":"484943.00000000","date":1766612444}}&#xD;
Received ticker: BRLBTC - Last: 486215,00000000, Volume: 17,24263784&#xD;
[Debug] Received WebSocket Message: {"type":"ticker","id":"BRLBTC","ts":1766612449240440267,"data":{"high":"486459.00000000","low":"478731.00000000","vol":"17.17158535","last":"486215.00000000","buy":"485785.00000000","sell":"486215.00000000","open":"485229.00000000","date":1766612449}}&#xD;
Received ticker: BRLBTC - Last: 486215,00000000, Volume: 17,17158535&#xD;
[Debug] Connection state changed: Connected -&gt; Closed</StdOut>
      </Output>
    </UnitTestResult>
    <UnitTestResult executionId="0392fd5b-aff5-4165-a5a3-986719f63fe3" testId="6d55cd47-ecae-f5e8-0348-b7ee70bc0396" testName="MercadoBitcoin.Client.ComprehensiveTests.FullCoverageTests.Private_GetWithdrawal_WithInvalidId_ShouldHandleError" computerName="ALIENWARE" duration="00:00:04.7931430" startTime="2025-12-24T18:40:04.7728152-03:00" endTime="2025-12-24T18:40:09.5664719-03:00" testType="13cdc9d9-ddb5-4fa4-a97d-d965ccfc6d4b" outcome="Passed" testListId="8c84fa94-04c1-424b-9868-57a2d4851a1d" relativeResultsDirectory="0392fd5b-aff5-4165-a5a3-986719f63fe3" />
    <UnitTestResult executionId="8fdcb9bf-4db4-4e73-82dc-101e033eb46a" testId="99c96ffe-2f80-5745-69d1-649ef9c79938" testName="MercadoBitcoin.Client.ComprehensiveTests.AllRoutesIntegrationTests.Private_Accounts_ShouldReturnUserAccounts" computerName="ALIENWARE" duration="00:00:01.0594809" startTime="2025-12-24T18:42:09.9548572-03:00" endTime="2025-12-24T18:42:11.0145007-03:00" testType="13cdc9d9-ddb5-4fa4-a97d-d965ccfc6d4b" outcome="Passed" testListId="8c84fa94-04c1-424b-9868-57a2d4851a1d" relativeResultsDirectory="8fdcb9bf-4db4-4e73-82dc-101e033eb46a">
      <Output>
        <StdOut>DEBUG: API Key found: True&#xD;
DEBUG: API Secret found: True&#xD;
✅ [INIT] Time synchronized. Timestamp: 1766612530&#xD;
✅ [INIT] Account ID: 45eb3fd89244f26e696801b09ef2faa3487da99dba6435180c9ae058f4ae6981&#xD;
✅ Found 1 account(s). First ID: 45eb3fd89244f26e696801b09ef2faa3487da99dba6435180c9ae058f4ae6981</StdOut>
      </Output>
    </UnitTestResult>
    <UnitTestResult executionId="26b883bc-fe31-48aa-be19-108fa32398f9" testId="92d3058b-2748-5a76-3369-87a6593abf84" testName="MercadoBitcoin.Client.ComprehensiveTests.PublicEndpointsTests.GetCandles_DifferentTimeframes_ShouldWork(timeframe: &quot;4h&quot;)" computerName="ALIENWARE" duration="00:00:04.1619873" startTime="2025-12-24T18:39:44.0039596-03:00" endTime="2025-12-24T18:39:48.1455357-03:00" testType="13cdc9d9-ddb5-4fa4-a97d-d965ccfc6d4b" outcome="Passed" testListId="8c84fa94-04c1-424b-9868-57a2d4851a1d" relativeResultsDirectory="26b883bc-fe31-48aa-be19-108fa32398f9" />
    <UnitTestResult executionId="407f2dc3-bc9c-4423-8b61-a844135fa578" testId="0f3ab2f0-4114-3207-55be-7a1d77f1023d" testName="MercadoBitcoin.Client.ComprehensiveTests.TradingEndpointsTests.GetOrderTypes_ShouldReturnSupportedTypes" computerName="ALIENWARE" duration="00:00:05.2338303" startTime="2025-12-24T18:39:57.2245581-03:00" endTime="2025-12-24T18:40:02.4586335-03:00" testType="13cdc9d9-ddb5-4fa4-a97d-d965ccfc6d4b" outcome="Passed" testListId="8c84fa94-04c1-424b-9868-57a2d4851a1d" relativeResultsDirectory="407f2dc3-bc9c-4423-8b61-a844135fa578" />
    <UnitTestResult executionId="2b598793-6bbb-40aa-8c6f-d1cf96285f59" testId="a28babb2-8cd7-d4e4-ae15-1ea40e4d4c2b" testName="MercadoBitcoin.Client.ComprehensiveTests.ErrorHandlingTests.GetTickers_WithInvalidSymbol_ShouldHandleError" computerName="ALIENWARE" duration="00:00:02.8849136" startTime="2025-12-24T18:40:10.6369491-03:00" endTime="2025-12-24T18:40:13.5218451-03:00" testType="13cdc9d9-ddb5-4fa4-a97d-d965ccfc6d4b" outcome="Passed" testListId="8c84fa94-04c1-424b-9868-57a2d4851a1d" relativeResultsDirectory="2b598793-6bbb-40aa-8c6f-d1cf96285f59" />
    <UnitTestResult executionId="be214390-c119-4a58-a970-d92bcb0de219" testId="a047f7cc-95dd-8a05-183d-61d4bacb1441" testName="MercadoBitcoin.Client.ComprehensiveTests.TradingOperationsTests.PlaceMultipleOrders_Concurrently_ShouldSucceed" computerName="ALIENWARE" duration="00:00:05.7209661" startTime="2025-12-24T18:39:52.0773688-03:00" endTime="2025-12-24T18:39:57.7986459-03:00" testType="13cdc9d9-ddb5-4fa4-a97d-d965ccfc6d4b" outcome="Passed" testListId="8c84fa94-04c1-424b-9868-57a2d4851a1d" relativeResultsDirectory="be214390-c119-4a58-a970-d92bcb0de219">
      <Output>
        <StdOut>[DEBUG] Loaded Account ID: '45eb3fd89244f26e696801b09ef2faa3487da99dba6435180c9ae058f4ae6981'&#xD;
[INIT] Trading tests initialized for account 45eb3fd89244f26e696801b09ef2faa3487da99dba6435180c9ae058f4ae6981&#xD;
✅ Concurrent order 2 placed: 01KD94VVFAQ492P20HD4PE234R @ R$ 436915&#xD;
✅ Concurrent order 1 placed: 01KD94VVFAVFNKBCZJ15WKZ2EG @ R$ 437015&#xD;
✅ Concurrent order 3 placed: 01KD94VVFC6VFRRCMVC6G2K1G8 @ R$ 436815&#xD;
✅ All 3 concurrent orders placed successfully&#xD;
✅ Cleanup: 3 orders cancelled&#xD;
[CLEANUP] Trading tests completed</StdOut>
      </Output>
    </UnitTestResult>
    <UnitTestResult executionId="9ebfe361-e25d-4911-a4f5-1e93cbea64ea" testId="6ea4de11-4153-70ed-cc06-fa248d7aa6be" testName="MercadoBitcoin.Client.ComprehensiveTests.PublicEndpointsTests.GetTickers_ShouldReturnValidTickers" computerName="ALIENWARE" duration="00:00:02.0839769" startTime="2025-12-24T18:40:39.5194154-03:00" endTime="2025-12-24T18:40:41.6040329-03:00" testType="13cdc9d9-ddb5-4fa4-a97d-d965ccfc6d4b" outcome="Passed" testListId="8c84fa94-04c1-424b-9868-57a2d4851a1d" relativeResultsDirectory="9ebfe361-e25d-4911-a4f5-1e93cbea64ea" />
    <UnitTestResult executionId="7f815cc7-91b9-446c-ba87-4861f1e485b1" testId="1b33a4b6-6a5f-1b8d-5658-71f39ded4078" testName="MercadoBitcoin.Client.ComprehensiveTests.ExhaustiveApiCoverageTests.Orders_List_WithStatus_ShouldFilterByStatus" computerName="ALIENWARE" duration="00:00:01.0347732" startTime="2025-12-24T18:41:48.4314717-03:00" endTime="2025-12-24T18:41:49.4664641-03:00" testType="13cdc9d9-ddb5-4fa4-a97d-d965ccfc6d4b" outcome="Passed" testListId="8c84fa94-04c1-424b-9868-57a2d4851a1d" relativeResultsDirectory="7f815cc7-91b9-446c-ba87-4861f1e485b1">
      <Output>
        <StdOut>[INIT] Using Account ID: 45eb3fd89244f26e696801b09ef2faa3487da99dba6435180c9ae058f4ae6981&#xD;
[INIT] Time synchronized at 2025-12-24 21:41:49 UTC&#xD;
✅ Orders (status=open): 100 open order(s)&#xD;
[CLEANUP] Client disposed at 21:41:49 UTC</StdOut>
      </Output>
    </UnitTestResult>
    <UnitTestResult executionId="3973c159-ae71-46d9-96e4-dc12b4e754dc" testId="c6bf67ab-48c7-5ea6-8cb6-05b126892cee" testName="MercadoBitcoin.Client.ComprehensiveTests.ExhaustiveApiCoverageTests.OrderBook_CustomLimit_ShouldRespectLimit" computerName="ALIENWARE" duration="00:00:00.6422783" startTime="2025-12-24T18:41:35.4875691-03:00" endTime="2025-12-24T18:41:36.1301088-03:00" testType="13cdc9d9-ddb5-4fa4-a97d-d965ccfc6d4b" outcome="Passed" testListId="8c84fa94-04c1-424b-9868-57a2d4851a1d" relativeResultsDirectory="3973c159-ae71-46d9-96e4-dc12b4e754dc">
      <Output>
        <StdOut>[INIT] Using Account ID: 45eb3fd89244f26e696801b09ef2faa3487da99dba6435180c9ae058f4ae6981&#xD;
[INIT] Time synchronized at 2025-12-24 21:41:35 UTC&#xD;
✅ OrderBook (limit=5): 5 bids, 5 asks&#xD;
[CLEANUP] Client disposed at 21:41:36 UTC</StdOut>
      </Output>
    </UnitTestResult>
    <UnitTestResult executionId="137e9588-c21a-4180-9542-5d14941213c3" testId="59845cdb-dcaa-3e58-29d5-30e7b8253ffe" testName="MercadoBitcoin.Client.ComprehensiveTests.AllRoutesIntegrationTests.Private_Deposits_ShouldReturnDepositHistory" computerName="ALIENWARE" duration="00:00:00.7345237" startTime="2025-12-24T18:42:00.2097412-03:00" endTime="2025-12-24T18:42:00.9442576-03:00" testType="13cdc9d9-ddb5-4fa4-a97d-d965ccfc6d4b" outcome="Passed" testListId="8c84fa94-04c1-424b-9868-57a2d4851a1d" relativeResultsDirectory="137e9588-c21a-4180-9542-5d14941213c3">
      <Output>
        <StdOut>DEBUG: API Key found: True&#xD;
DEBUG: API Secret found: True&#xD;
✅ [INIT] Time synchronized. Timestamp: 1766612520&#xD;
✅ [INIT] Account ID: 45eb3fd89244f26e696801b09ef2faa3487da99dba6435180c9ae058f4ae6981&#xD;
✅ Found 0 deposit(s)</StdOut>
      </Output>
    </UnitTestResult>
    <UnitTestResult executionId="62c7e8e2-df9d-45fc-8666-68a988f346cf" testId="de278042-b618-4ad7-b1ae-ff36f9813657" testName="MercadoBitcoin.Client.ComprehensiveTests.FullCoverageTests.Public_GetRecentCandles_ShouldWork" computerName="ALIENWARE" duration="00:00:01.6275424" startTime="2025-12-24T18:40:55.4183682-03:00" endTime="2025-12-24T18:40:57.0462036-03:00" testType="13cdc9d9-ddb5-4fa4-a97d-d965ccfc6d4b" outcome="Passed" testListId="8c84fa94-04c1-424b-9868-57a2d4851a1d" relativeResultsDirectory="62c7e8e2-df9d-45fc-8666-68a988f346cf" />
    <UnitTestResult executionId="16042156-279f-40bd-a52b-fa6b7a841e41" testId="59751838-e60b-85c6-4965-dadb992d868e" testName="MercadoBitcoin.Client.ComprehensiveTests.PerformanceTests.RunBenchmarkDotNet_ShouldShowPerformanceMetrics" computerName="ALIENWARE" duration="00:00:03.6856739" startTime="2025-12-24T18:40:06.0180071-03:00" endTime="2025-12-24T18:40:09.7036983-03:00" testType="13cdc9d9-ddb5-4fa4-a97d-d965ccfc6d4b" outcome="Passed" testListId="8c84fa94-04c1-424b-9868-57a2d4851a1d" relativeResultsDirectory="16042156-279f-40bd-a52b-fa6b7a841e41" />
    <UnitTestResult executionId="fcc3b142-00e6-4ede-a6b3-c4f8ce344abf" testId="5fffcb95-52ac-bf0f-7cf6-286e6c1d6f0d" testName="MercadoBitcoin.Client.ComprehensiveTests.ErrorHandlingTests.JsonDeserialization_WithMalformedResponse_ShouldHandleError" computerName="ALIENWARE" duration="00:00:04.6364047" startTime="2025-12-24T18:39:55.4621681-03:00" endTime="2025-12-24T18:40:00.0985492-03:00" testType="13cdc9d9-ddb5-4fa4-a97d-d965ccfc6d4b" outcome="Passed" testListId="8c84fa94-04c1-424b-9868-57a2d4851a1d" relativeResultsDirectory="fcc3b142-00e6-4ede-a6b3-c4f8ce344abf" />
    <UnitTestResult executionId="36b64b90-082c-4b58-8ef6-2bfec29d0991" testId="c0ab61a1-4a51-c551-598c-43f156a972d2" testName="MercadoBitcoin.Client.ComprehensiveTests.PublicEndpointsTests.GetCandles_DifferentTimeframes_ShouldWork(timeframe: &quot;5m&quot;)" computerName="ALIENWARE" duration="00:00:04.6071947" startTime="2025-12-24T18:40:17.4482367-03:00" endTime="2025-12-24T18:40:22.0557932-03:00" testType="13cdc9d9-ddb5-4fa4-a97d-d965ccfc6d4b" outcome="Passed" testListId="8c84fa94-04c1-424b-9868-57a2d4851a1d" relativeResultsDirectory="36b64b90-082c-4b58-8ef6-2bfec29d0991" />
    <UnitTestResult executionId="2cea3942-755c-4944-877f-cef9feeb7881" testId="74fba0d7-c207-cbb0-61be-f30b87fc9044" testName="MercadoBitcoin.Client.ComprehensiveTests.ExhaustiveApiCoverageTests.Orders_GetById_ShouldReturnOrderDetails" computerName="ALIENWARE" duration="00:00:01.0802765" startTime="2025-12-24T18:41:27.0833807-03:00" endTime="2025-12-24T18:41:28.1638263-03:00" testType="13cdc9d9-ddb5-4fa4-a97d-d965ccfc6d4b" outcome="Passed" testListId="8c84fa94-04c1-424b-9868-57a2d4851a1d" relativeResultsDirectory="2cea3942-755c-4944-877f-cef9feeb7881">
      <Output>
        <StdOut>[INIT] Using Account ID: 45eb3fd89244f26e696801b09ef2faa3487da99dba6435180c9ae058f4ae6981&#xD;
[INIT] Time synchronized at 2025-12-24 21:41:27 UTC&#xD;
✅ Order by ID: 01KD94X522R04DP4623RR8VRY5 (sell 0.00001000 @ 971370)&#xD;
[CLEANUP] Client disposed at 21:41:28 UTC</StdOut>
      </Output>
    </UnitTestResult>
    <UnitTestResult executionId="97c8ab4c-4276-46b1-903b-b6cec6b5fe69" testId="edaf0484-b0ac-d20e-83ff-9f78e004d696" testName="MercadoBitcoin.Client.ComprehensiveTests.PublicEndpointsTests.GetTrades_ShouldReturnValidTrades" computerName="ALIENWARE" duration="00:00:02.9473857" startTime="2025-12-24T18:40:41.6040909-03:00" endTime="2025-12-24T18:40:44.5517530-03:00" testType="13cdc9d9-ddb5-4fa4-a97d-d965ccfc6d4b" outcome="Passed" testListId="8c84fa94-04c1-424b-9868-57a2d4851a1d" relativeResultsDirectory="97c8ab4c-4276-46b1-903b-b6cec6b5fe69" />
    <UnitTestResult executionId="53b848fa-23eb-433b-a1e9-6262ebc5efd7" testId="dae6a5ba-8ef5-2468-3df5-6d537052486d" testName="MercadoBitcoin.Client.ComprehensiveTests.FullCoverageTests.Private_Trading_Fees_ShouldWork" computerName="ALIENWARE" duration="00:00:06.7567110" startTime="2025-12-24T18:39:44.0039137-03:00" endTime="2025-12-24T18:39:50.7403399-03:00" testType="13cdc9d9-ddb5-4fa4-a97d-d965ccfc6d4b" outcome="Passed" testListId="8c84fa94-04c1-424b-9868-57a2d4851a1d" relativeResultsDirectory="53b848fa-23eb-433b-a1e9-6262ebc5efd7" />
    <UnitTestResult executionId="b29b8f18-08f2-479c-b1bf-13f5fe42c56d" testId="b8e71cc6-297f-ad10-8961-9bcfce56dbe4" testName="MercadoBitcoin.Client.ComprehensiveTests.FullCoverageTests.Public_GetCandlesTyped_ShouldWork" computerName="ALIENWARE" duration="00:00:01.2213654" startTime="2025-12-24T18:40:46.5161094-03:00" endTime="2025-12-24T18:40:47.7376691-03:00" testType="13cdc9d9-ddb5-4fa4-a97d-d965ccfc6d4b" outcome="Passed" testListId="8c84fa94-04c1-424b-9868-57a2d4851a1d" relativeResultsDirectory="b29b8f18-08f2-479c-b1bf-13f5fe42c56d" />
    <UnitTestResult executionId="f17d4f93-b579-4d91-8f79-7f3dd6d1ed61" testId="ed967fd2-10bf-71b3-27b8-61293b6ed1a5" testName="MercadoBitcoin.Client.ComprehensiveTests.DebugTests.DebugCandles" computerName="ALIENWARE" duration="00:00:00.1970130" startTime="2025-12-24T18:39:45.4453060-03:00" endTime="2025-12-24T18:39:45.6428032-03:00" testType="13cdc9d9-ddb5-4fa4-a97d-d965ccfc6d4b" outcome="Passed" testListId="8c84fa94-04c1-424b-9868-57a2d4851a1d" relativeResultsDirectory="f17d4f93-b579-4d91-8f79-7f3dd6d1ed61" />
    <UnitTestResult executionId="de64c8fc-8886-4458-a6aa-10eee33356ff" testId="5b557391-838e-7e67-b9a3-b23b34e331c5" testName="MercadoBitcoin.Client.ComprehensiveTests.AuthenticationDiagnosticTest.TestManualAuthorizationCall" computerName="ALIENWARE" duration="00:00:00.5972890" startTime="2025-12-24T18:39:51.4975944-03:00" endTime="2025-12-24T18:39:52.0950450-03:00" testType="13cdc9d9-ddb5-4fa4-a97d-d965ccfc6d4b" outcome="Passed" testListId="8c84fa94-04c1-424b-9868-57a2d4851a1d" relativeResultsDirectory="de64c8fc-8886-4458-a6aa-10eee33356ff" />
    <UnitTestResult executionId="07d3acf7-71c0-4bc4-a9a2-cc58bb1ed556" testId="f1e46f8b-580f-266a-12a4-de5869d5303c" testName="MercadoBitcoin.Client.ComprehensiveTests.FullCoverageTests.Streaming_StreamWithdrawals_ShouldWork" computerName="ALIENWARE" duration="00:00:05.1069655" startTime="2025-12-24T18:40:25.8996433-03:00" endTime="2025-12-24T18:40:31.0068704-03:00" testType="13cdc9d9-ddb5-4fa4-a97d-d965ccfc6d4b" outcome="Passed" testListId="8c84fa94-04c1-424b-9868-57a2d4851a1d" relativeResultsDirectory="07d3acf7-71c0-4bc4-a9a2-cc58bb1ed556" />
    <UnitTestResult executionId="7f18b093-ba81-4334-8b83-13d2f6d13907" testId="a232c984-2728-6c69-c818-f23e31ea277e" testName="MercadoBitcoin.Client.ComprehensiveTests.FullCoverageTests.Private_Account_Methods_ShouldWork" computerName="ALIENWARE" duration="00:00:03.6617919" startTime="2025-12-24T18:40:31.0069481-03:00" endTime="2025-12-24T18:40:34.6690281-03:00" testType="13cdc9d9-ddb5-4fa4-a97d-d965ccfc6d4b" outcome="Passed" testListId="8c84fa94-04c1-424b-9868-57a2d4851a1d" relativeResultsDirectory="7f18b093-ba81-4334-8b83-13d2f6d13907" />
    <UnitTestResult executionId="17c28ac6-74ce-4568-92f2-14abf422a72c" testId="889f149e-e02f-d143-1fc5-58c44452f054" testName="MercadoBitcoin.Client.ComprehensiveTests.ErrorHandlingTests.LargeDataSets_ShouldHandleMemoryEfficiently" computerName="ALIENWARE" duration="00:00:10.5379308" startTime="2025-12-24T18:40:00.0986939-03:00" endTime="2025-12-24T18:40:10.6368736-03:00" testType="13cdc9d9-ddb5-4fa4-a97d-d965ccfc6d4b" outcome="Passed" testListId="8c84fa94-04c1-424b-9868-57a2d4851a1d" relativeResultsDirectory="17c28ac6-74ce-4568-92f2-14abf422a72c" />
    <UnitTestResult executionId="040ef66e-1efc-4bb1-aa79-02da4a3bcd31" testId="8dfb88f5-f6fb-ff43-5378-f24a0facdf3f" testName="MercadoBitcoin.Client.ComprehensiveTests.UniversalFilterTests.ListOrdersAsync_NoParams_ShouldReturnOrdersForAllSymbols" computerName="ALIENWARE" duration="00:00:05.2601787" startTime="2025-12-24T18:39:44.0038985-03:00" endTime="2025-12-24T18:39:49.2437842-03:00" testType="13cdc9d9-ddb5-4fa4-a97d-d965ccfc6d4b" outcome="Passed" testListId="8c84fa94-04c1-424b-9868-57a2d4851a1d" relativeResultsDirectory="040ef66e-1efc-4bb1-aa79-02da4a3bcd31">
      <Output>
        <StdOut>✅ Fetched 100 orders for symbols: BTC-BRL.</StdOut>
      </Output>
    </UnitTestResult>
    <UnitTestResult executionId="98fb863b-87ae-483c-af5b-02ece9cc3356" testId="1fe31a7f-44e0-a463-74cf-131955c42c53" testName="MercadoBitcoin.Client.ComprehensiveTests.ExhaustiveApiCoverageTests.WithdrawBankAccounts_ShouldReturnBankAccounts" computerName="ALIENWARE" duration="00:00:01.0056572" startTime="2025-12-24T18:41:24.5213283-03:00" endTime="2025-12-24T18:41:25.5272060-03:00" testType="13cdc9d9-ddb5-4fa4-a97d-d965ccfc6d4b" outcome="Passed" testListId="8c84fa94-04c1-424b-9868-57a2d4851a1d" relativeResultsDirectory="98fb863b-87ae-483c-af5b-02ece9cc3356">
      <Output>
        <StdOut>[INIT] Using Account ID: 45eb3fd89244f26e696801b09ef2faa3487da99dba6435180c9ae058f4ae6981&#xD;
[INIT] Time synchronized at 2025-12-24 21:41:25 UTC&#xD;
✅ Withdraw Bank Accounts: 0 account(s)&#xD;
[CLEANUP] Client disposed at 21:41:25 UTC</StdOut>
      </Output>
    </UnitTestResult>
    <UnitTestResult executionId="07d99425-d861-4c4c-9672-f92e1af4eb7c" testId="8c4c1107-3247-5d17-42ec-bbbed6b138bd" testName="MercadoBitcoin.Client.ComprehensiveTests.SerializationValidationTests.ValidateAccountSerialization_ShouldRoundTrip" computerName="ALIENWARE" duration="00:00:03.7475769" startTime="2025-12-24T18:39:54.2328242-03:00" endTime="2025-12-24T18:39:57.9807871-03:00" testType="13cdc9d9-ddb5-4fa4-a97d-d965ccfc6d4b" outcome="Passed" testListId="8c84fa94-04c1-424b-9868-57a2d4851a1d" relativeResultsDirectory="07d99425-d861-4c4c-9672-f92e1af4eb7c" />
    <UnitTestResult executionId="e734476b-f370-421c-bacc-7316778886b3" testId="a3ea4596-abd8-10c6-2ce8-c3c4c7953a13" testName="MercadoBitcoin.Client.ComprehensiveTests.ExhaustiveApiCoverageTests.CancelOpenOrders_WithFilters_ShouldCancelMatching" computerName="ALIENWARE" duration="00:00:00.9103071" startTime="2025-12-24T18:41:50.4047258-03:00" endTime="2025-12-24T18:41:51.3153441-03:00" testType="13cdc9d9-ddb5-4fa4-a97d-d965ccfc6d4b" outcome="Passed" testListId="8c84fa94-04c1-424b-9868-57a2d4851a1d" relativeResultsDirectory="e734476b-f370-421c-bacc-7316778886b3">
      <Output>
        <StdOut>[INIT] Using Account ID: 45eb3fd89244f26e696801b09ef2faa3487da99dba6435180c9ae058f4ae6981&#xD;
[INIT] Time synchronized at 2025-12-24 21:41:51 UTC&#xD;
✅ Cancel Open Orders: 0 order(s) cancelled&#xD;
[CLEANUP] Client disposed at 21:41:51 UTC</StdOut>
      </Output>
    </UnitTestResult>
    <UnitTestResult executionId="32136ef9-0c3e-4e0f-8e3c-42c640172707" testId="93090389-1c0d-5ba9-abcc-3b0d6fbcda7a" testName="MercadoBitcoin.Client.ComprehensiveTests.PrivateEndpointsTests.GetBalance_ShouldReturnValidBalance" computerName="ALIENWARE" duration="00:00:02.2697607" startTime="2025-12-24T18:40:45.5496458-03:00" endTime="2025-12-24T18:40:47.8197447-03:00" testType="13cdc9d9-ddb5-4fa4-a97d-d965ccfc6d4b" outcome="Passed" testListId="8c84fa94-04c1-424b-9868-57a2d4851a1d" relativeResultsDirectory="32136ef9-0c3e-4e0f-8e3c-42c640172707" />
    <UnitTestResult executionId="460064a7-b31b-4f4d-ada1-939d7cf8c675" testId="9bf89c16-04ea-7d54-c1b0-86d2c0580a40" testName="MercadoBitcoin.Client.ComprehensiveTests.ExhaustiveApiCoverageTests.Symbols_WithSingleFilter_ShouldReturnFiltered" computerName="ALIENWARE" duration="00:00:00.7984306" startTime="2025-12-24T18:41:19.6600566-03:00" endTime="2025-12-24T18:41:20.4587436-03:00" testType="13cdc9d9-ddb5-4fa4-a97d-d965ccfc6d4b" outcome="Passed" testListId="8c84fa94-04c1-424b-9868-57a2d4851a1d" relativeResultsDirectory="460064a7-b31b-4f4d-ada1-939d7cf8c675">
      <Output>
        <StdOut>[INIT] Using Account ID: 45eb3fd89244f26e696801b09ef2faa3487da99dba6435180c9ae058f4ae6981&#xD;
[INIT] Time synchronized at 2025-12-24 21:41:20 UTC&#xD;
✅ Symbols (BTC-BRL filter): 1 symbol(s)&#xD;
[CLEANUP] Client disposed at 21:41:20 UTC</StdOut>
      </Output>
    </UnitTestResult>
    <UnitTestResult executionId="3f11d1c9-f837-42b7-8e8f-781435060053" testId="9c2d134f-b254-73fd-7a4b-a700f038b126" testName="MercadoBitcoin.Client.ComprehensiveTests.ExhaustiveApiCoverageTests.Candles_TypedModel_ShouldReturnStructs" computerName="ALIENWARE" duration="00:00:00.7279888" startTime="2025-12-24T18:41:45.2710607-03:00" endTime="2025-12-24T18:41:45.9994694-03:00" testType="13cdc9d9-ddb5-4fa4-a97d-d965ccfc6d4b" outcome="Passed" testListId="8c84fa94-04c1-424b-9868-57a2d4851a1d" relativeResultsDirectory="3f11d1c9-f837-42b7-8e8f-781435060053">
      <Output>
        <StdOut>[INIT] Using Account ID: 45eb3fd89244f26e696801b09ef2faa3487da99dba6435180c9ae058f4ae6981&#xD;
[INIT] Time synchronized at 2025-12-24 21:41:45 UTC&#xD;
✅ Candles (typed model): 5 CandleData structs&#xD;
[CLEANUP] Client disposed at 21:41:45 UTC</StdOut>
      </Output>
    </UnitTestResult>
    <UnitTestResult executionId="a830736c-4d86-49cc-bd15-0987d2a11a03" testId="4bf11bf3-2b42-fd89-d90c-081189af09b2" testName="MercadoBitcoin.Client.ComprehensiveTests.ExhaustiveApiCoverageTests.TradingFees_ShouldReturnMarketFees" computerName="ALIENWARE" duration="00:00:00.8590286" startTime="2025-12-24T18:41:53.5735138-03:00" endTime="2025-12-24T18:41:54.4327591-03:00" testType="13cdc9d9-ddb5-4fa4-a97d-d965ccfc6d4b" outcome="Passed" testListId="8c84fa94-04c1-424b-9868-57a2d4851a1d" relativeResultsDirectory="a830736c-4d86-49cc-bd15-0987d2a11a03">
      <Output>
        <StdOut>[INIT] Using Account ID: 45eb3fd89244f26e696801b09ef2faa3487da99dba6435180c9ae058f4ae6981&#xD;
[INIT] Time synchronized at 2025-12-24 21:41:54 UTC&#xD;
✅ Trading Fees: Maker=0.00300000, Taker=0.00700000&#xD;
[CLEANUP] Client disposed at 21:41:54 UTC</StdOut>
      </Output>
    </UnitTestResult>
    <UnitTestResult executionId="57e6093e-2391-4e50-a705-fa3f7c9f54ac" testId="0f8000c9-c0e5-3471-8fa2-f746e4f81512" testName="MercadoBitcoin.Client.ComprehensiveTests.SerializationValidationTests.ValidateTradeSerialization_ShouldRoundTrip" computerName="ALIENWARE" duration="00:00:04.6612668" startTime="2025-12-24T18:40:23.1384137-03:00" endTime="2025-12-24T18:40:27.7998159-03:00" testType="13cdc9d9-ddb5-4fa4-a97d-d965ccfc6d4b" outcome="Passed" testListId="8c84fa94-04c1-424b-9868-57a2d4851a1d" relativeResultsDirectory="57e6093e-2391-4e50-a705-fa3f7c9f54ac" />
    <UnitTestResult executionId="5147f740-202d-4db2-adfa-a1a0412806ba" testId="38b35af6-dd1c-f7a4-8bb4-6a488de69334" testName="MercadoBitcoin.Client.ComprehensiveTests.UniversalFilterTests.GetTickersAsync_NoParams_ShouldReturnAllTickers" computerName="ALIENWARE" duration="00:00:04.0679722" startTime="2025-12-24T18:40:25.3849176-03:00" endTime="2025-12-24T18:40:29.4531585-03:00" testType="13cdc9d9-ddb5-4fa4-a97d-d965ccfc6d4b" outcome="Passed" testListId="8c84fa94-04c1-424b-9868-57a2d4851a1d" relativeResultsDirectory="5147f740-202d-4db2-adfa-a1a0412806ba">
      <Output>
        <StdOut>✅ Fetched 1172 tickers without filters.</StdOut>
      </Output>
    </UnitTestResult>
    <UnitTestResult executionId="7c478494-c002-42d2-afa1-37b3ab05fd09" testId="b6667bb9-79da-77ff-ff7b-5a36779b9aba" testName="MercadoBitcoin.Client.ComprehensiveTests.PublicEndpointsTests.GetCandles_DifferentTimeframes_ShouldWork(timeframe: &quot;1m&quot;)" computerName="ALIENWARE" duration="00:00:06.2322223" startTime="2025-12-24T18:39:54.6014445-03:00" endTime="2025-12-24T18:40:00.8339098-03:00" testType="13cdc9d9-ddb5-4fa4-a97d-d965ccfc6d4b" outcome="Passed" testListId="8c84fa94-04c1-424b-9868-57a2d4851a1d" relativeResultsDirectory="7c478494-c002-42d2-afa1-37b3ab05fd09" />
    <UnitTestResult executionId="ca318079-9b46-4cb5-943d-faf04d6b9d9f" testId="874e17fc-a79e-deec-c2a7-92c76fe76c07" testName="MercadoBitcoin.Client.ComprehensiveTests.ExhaustiveApiCoverageTests.Positions_SingleSymbol_ShouldReturnPosition" computerName="ALIENWARE" duration="00:00:00.7643486" startTime="2025-12-24T18:41:32.4924633-03:00" endTime="2025-12-24T18:41:33.2570242-03:00" testType="13cdc9d9-ddb5-4fa4-a97d-d965ccfc6d4b" outcome="Passed" testListId="8c84fa94-04c1-424b-9868-57a2d4851a1d" relativeResultsDirectory="ca318079-9b46-4cb5-943d-faf04d6b9d9f">
      <Output>
        <StdOut>[INIT] Using Account ID: 45eb3fd89244f26e696801b09ef2faa3487da99dba6435180c9ae058f4ae6981&#xD;
[INIT] Time synchronized at 2025-12-24 21:41:33 UTC&#xD;
✅ Positions (BTC-BRL): 0 position(s)&#xD;
[CLEANUP] Client disposed at 21:41:33 UTC</StdOut>
      </Output>
    </UnitTestResult>
    <UnitTestResult executionId="b8a27595-0893-45fd-8765-695455a62139" testId="eadcac4b-e4f5-f37e-a1a7-69790b66d7ed" testName="MercadoBitcoin.Client.ComprehensiveTests.PrivateEndpointsTests.GetOrdersWithStatus_ShouldFilterCorrectly" computerName="ALIENWARE" duration="00:00:02.4060367" startTime="2025-12-24T18:40:43.1433140-03:00" endTime="2025-12-24T18:40:45.5495824-03:00" testType="13cdc9d9-ddb5-4fa4-a97d-d965ccfc6d4b" outcome="Passed" testListId="8c84fa94-04c1-424b-9868-57a2d4851a1d" relativeResultsDirectory="b8a27595-0893-45fd-8765-695455a62139" />
    <UnitTestResult executionId="46fef234-e475-43fc-b186-f78fa462402c" testId="336ed0ca-89be-a021-419b-b9b2bbee0995" testName="MercadoBitcoin.Client.ComprehensiveTests.ExhaustiveApiCoverageTests.Candles_WithCountback_ShouldReturnLastN" computerName="ALIENWARE" duration="00:00:00.9442392" startTime="2025-12-24T18:41:45.9995264-03:00" endTime="2025-12-24T18:41:46.9441571-03:00" testType="13cdc9d9-ddb5-4fa4-a97d-d965ccfc6d4b" outcome="Passed" testListId="8c84fa94-04c1-424b-9868-57a2d4851a1d" relativeResultsDirectory="46fef234-e475-43fc-b186-f78fa462402c">
      <Output>
        <StdOut>[INIT] Using Account ID: 45eb3fd89244f26e696801b09ef2faa3487da99dba6435180c9ae058f4ae6981&#xD;
[INIT] Time synchronized at 2025-12-24 21:41:46 UTC&#xD;
✅ Candles (countback=10): 10 candles returned&#xD;
[CLEANUP] Client disposed at 21:41:46 UTC</StdOut>
      </Output>
    </UnitTestResult>
    <UnitTestResult executionId="ce2c3ee5-b274-4cd7-9618-f24967c91c5b" testId="82af026f-0703-00ae-f2c2-41fcdeb57802" testName="MercadoBitcoin.Client.ComprehensiveTests.ExhaustiveApiCoverageTests.Candles_NoCountback_ShouldReturnRange" computerName="ALIENWARE" duration="00:00:00.8328212" startTime="2025-12-24T18:41:51.3154150-03:00" endTime="2025-12-24T18:41:52.1486102-03:00" testType="13cdc9d9-ddb5-4fa4-a97d-d965ccfc6d4b" outcome="Passed" testListId="8c84fa94-04c1-424b-9868-57a2d4851a1d" relativeResultsDirectory="ce2c3ee5-b274-4cd7-9618-f24967c91c5b">
      <Output>
        <StdOut>[INIT] Using Account ID: 45eb3fd89244f26e696801b09ef2faa3487da99dba6435180c9ae058f4ae6981&#xD;
[INIT] Time synchronized at 2025-12-24 21:41:51 UTC&#xD;
✅ Candles (from-to): 24 candles in 24h&#xD;
[CLEANUP] Client disposed at 21:41:52 UTC</StdOut>
      </Output>
    </UnitTestResult>
    <UnitTestResult executionId="94c0550f-e67f-4213-9c71-7c1092cdf544" testId="77876197-5ea5-2022-ece8-6329f8e343ed" testName="MercadoBitcoin.Client.ComprehensiveTests.AuthenticationDiagnosticTest.DiagnoseAuthentication_StepByStep" computerName="ALIENWARE" duration="00:00:07.5109949" startTime="2025-12-24T18:39:44.0040309-03:00" endTime="2025-12-24T18:39:51.4973924-03:00" testType="13cdc9d9-ddb5-4fa4-a97d-d965ccfc6d4b" outcome="Passed" testListId="8c84fa94-04c1-424b-9868-57a2d4851a1d" relativeResultsDirectory="94c0550f-e67f-4213-9c71-7c1092cdf544" />
    <UnitTestResult executionId="c70dfa2c-7c42-49af-8766-73eff8c97d35" testId="9bb341e9-af28-f11b-6152-4e23df1d8eb3" testName="MercadoBitcoin.Client.ComprehensiveTests.ErrorHandlingTests.GetOrderbook_WithInvalidSymbol_ShouldHandleError" computerName="ALIENWARE" duration="00:00:05.4698855" startTime="2025-12-24T18:39:49.9919364-03:00" endTime="2025-12-24T18:39:55.4620287-03:00" testType="13cdc9d9-ddb5-4fa4-a97d-d965ccfc6d4b" outcome="Passed" testListId="8c84fa94-04c1-424b-9868-57a2d4851a1d" relativeResultsDirectory="c70dfa2c-7c42-49af-8766-73eff8c97d35" />
    <UnitTestResult executionId="6a2a2dec-3445-483f-9536-fadab37ce9dd" testId="0ca6e868-ed48-8f36-7c07-0e79966a58e4" testName="MercadoBitcoin.Client.ComprehensiveTests.RetryAndCircuitBreakerTests.CircuitBreaker_HalfOpen_Allows_Single_Probe_Then_Closes_On_Success" computerName="ALIENWARE" duration="00:00:01.2158265" startTime="2025-12-24T18:39:44.0658567-03:00" endTime="2025-12-24T18:39:45.2718706-03:00" testType="13cdc9d9-ddb5-4fa4-a97d-d965ccfc6d4b" outcome="Passed" testListId="8c84fa94-04c1-424b-9868-57a2d4851a1d" relativeResultsDirectory="6a2a2dec-3445-483f-9536-fadab37ce9dd" />
    <UnitTestResult executionId="f14057d9-af5d-4631-b17a-b82e4d7cc54b" testId="e93e5dcf-e3d0-fedb-e0da-54462fc2a456" testName="MercadoBitcoin.Client.ComprehensiveTests.SerializationValidationTests.ValidatePositionSerialization_ShouldRoundTrip" computerName="ALIENWARE" duration="00:00:04.5987640" startTime="2025-12-24T18:39:44.0040693-03:00" endTime="2025-12-24T18:39:48.5824299-03:00" testType="13cdc9d9-ddb5-4fa4-a97d-d965ccfc6d4b" outcome="Passed" testListId="8c84fa94-04c1-424b-9868-57a2d4851a1d" relativeResultsDirectory="f14057d9-af5d-4631-b17a-b82e4d7cc54b" />
    <UnitTestResult executionId="2d5e5eb4-7710-4b62-a838-6cea0a023de6" testId="d920f954-18d9-983b-f46e-368265bc5186" testName="MercadoBitcoin.Client.ComprehensiveTests.AllRoutesIntegrationTests.Private_Fills_ShouldReturnExecutedTrades" computerName="ALIENWARE" duration="00:00:00.9131071" startTime="2025-12-24T18:41:55.1462579-03:00" endTime="2025-12-24T18:41:56.0595445-03:00" testType="13cdc9d9-ddb5-4fa4-a97d-d965ccfc6d4b" outcome="Passed" testListId="8c84fa94-04c1-424b-9868-57a2d4851a1d" relativeResultsDirectory="2d5e5eb4-7710-4b62-a838-6cea0a023de6">
      <Output>
        <StdOut>DEBUG: API Key found: True&#xD;
DEBUG: API Secret found: True&#xD;
✅ [INIT] Time synchronized. Timestamp: 1766612515&#xD;
✅ [INIT] Account ID: 45eb3fd89244f26e696801b09ef2faa3487da99dba6435180c9ae058f4ae6981&#xD;
✅ Found 5 fills (executed trades) for BTC-BRL</StdOut>
      </Output>
    </UnitTestResult>
    <UnitTestResult executionId="e97415c0-efab-4183-8143-fa8875e465e8" testId="48428b70-1564-ccb4-063c-529a21dcb72d" testName="MercadoBitcoin.Client.ComprehensiveTests.UniversalFilterTests.ListDepositsAsync_NoParams_ShouldReturnDepositsForMultipleSymbols" computerName="ALIENWARE" duration="00:00:05.1472242" startTime="2025-12-24T18:39:49.2439510-03:00" endTime="2025-12-24T18:39:54.3911599-03:00" testType="13cdc9d9-ddb5-4fa4-a97d-d965ccfc6d4b" outcome="Passed" testListId="8c84fa94-04c1-424b-9868-57a2d4851a1d" relativeResultsDirectory="e97415c0-efab-4183-8143-fa8875e465e8">
      <Output>
        <StdOut>✅ Fetched 0 deposits for symbols: BTC, ETH.</StdOut>
      </Output>
    </UnitTestResult>
    <UnitTestResult executionId="4fb99a4b-4f0f-4981-8ed7-6f47d89ae701" testId="9c34c38e-d883-2adb-a448-b2687bf5e1cf" testName="MercadoBitcoin.Client.ComprehensiveTests.AllRoutesIntegrationTests.Private_Orders_ShouldReturnUserOrders" computerName="ALIENWARE" duration="00:00:01.6103751" startTime="2025-12-24T18:42:06.2400248-03:00" endTime="2025-12-24T18:42:07.8506642-03:00" testType="13cdc9d9-ddb5-4fa4-a97d-d965ccfc6d4b" outcome="Passed" testListId="8c84fa94-04c1-424b-9868-57a2d4851a1d" relativeResultsDirectory="4fb99a4b-4f0f-4981-8ed7-6f47d89ae701">
      <Output>
        <StdOut>DEBUG: API Key found: True&#xD;
DEBUG: API Secret found: True&#xD;
✅ [INIT] Time synchronized. Timestamp: 1766612526&#xD;
✅ [INIT] Account ID: 45eb3fd89244f26e696801b09ef2faa3487da99dba6435180c9ae058f4ae6981&#xD;
✅ Found 100 orders for BTC-BRL</StdOut>
      </Output>
    </UnitTestResult>
    <UnitTestResult executionId="9de1cc02-95e3-48ff-b5a0-117c103c6dd8" testId="24d3409b-075e-1f40-6554-69c1fa564904" testName="MercadoBitcoin.Client.ComprehensiveTests.FullCoverageTests.Private_GetDepositAddresses_ShouldWork" computerName="ALIENWARE" duration="00:00:01.9247261" startTime="2025-12-24T18:40:47.7377317-03:00" endTime="2025-12-24T18:40:49.6627059-03:00" testType="13cdc9d9-ddb5-4fa4-a97d-d965ccfc6d4b" outcome="Passed" testListId="8c84fa94-04c1-424b-9868-57a2d4851a1d" relativeResultsDirectory="9de1cc02-95e3-48ff-b5a0-117c103c6dd8" />
    <UnitTestResult executionId="1ea361d3-f9a8-441f-8ffd-f083aaa6b9de" testId="83f7f687-f819-5a3b-9e4d-7e710b2da39e" testName="MercadoBitcoin.Client.ComprehensiveTests.ExhaustiveApiCoverageTests.Withdrawals_List_NoFilters_ShouldReturnHistory" computerName="ALIENWARE" duration="00:00:00.4438736" startTime="2025-12-24T18:41:26.1502819-03:00" endTime="2025-12-24T18:41:26.5940666-03:00" testType="13cdc9d9-ddb5-4fa4-a97d-d965ccfc6d4b" outcome="Passed" testListId="8c84fa94-04c1-424b-9868-57a2d4851a1d" relativeResultsDirectory="1ea361d3-f9a8-441f-8ffd-f083aaa6b9de">
      <Output>
        <StdOut>[INIT] Using Account ID: 45eb3fd89244f26e696801b09ef2faa3487da99dba6435180c9ae058f4ae6981&#xD;
[INIT] Time synchronized at 2025-12-24 21:41:26 UTC&#xD;
✅ Withdrawals (BTC): 0 withdrawal(s)&#xD;
[CLEANUP] Client disposed at 21:41:26 UTC</StdOut>
      </Output>
    </UnitTestResult>
    <UnitTestResult executionId="c1ef1103-404f-4d34-8d9c-091d777cc66b" testId="d101b495-5326-d57b-0a95-59d7b9b2779a" testName="MercadoBitcoin.Client.ComprehensiveTests.PrivateEndpointsTests.GetBrlWithdrawConfig_ShouldReturnValidConfig" computerName="ALIENWARE" duration="00:00:04.4582775" startTime="2025-12-24T18:40:36.1320946-03:00" endTime="2025-12-24T18:40:40.5906152-03:00" testType="13cdc9d9-ddb5-4fa4-a97d-d965ccfc6d4b" outcome="Passed" testListId="8c84fa94-04c1-424b-9868-57a2d4851a1d" relativeResultsDirectory="c1ef1103-404f-4d34-8d9c-091d777cc66b" />
    <UnitTestResult executionId="56952d80-7802-49a7-bc17-ca6cbf7e2854" testId="606deaa1-a20d-f245-4369-847640d5d298" testName="MercadoBitcoin.Client.ComprehensiveTests.TradingEndpointsTests.PlaceAndCancelSellOrder_FullWorkflow_ShouldWork" computerName="ALIENWARE" duration="00:00:09.1325324" startTime="2025-12-24T18:40:16.0007928-03:00" endTime="2025-12-24T18:40:25.1335074-03:00" testType="13cdc9d9-ddb5-4fa4-a97d-d965ccfc6d4b" outcome="Passed" testListId="8c84fa94-04c1-424b-9868-57a2d4851a1d" relativeResultsDirectory="56952d80-7802-49a7-bc17-ca6cbf7e2854" />
    <UnitTestResult executionId="f1e847f8-91cc-41f1-9c39-da5c902639db" testId="30ae74b0-12c4-6b65-6dc2-540f8317b540" testName="MercadoBitcoin.Client.ComprehensiveTests.TradingOperationsTests.CancelNonExistentOrder_ShouldReturnError" computerName="ALIENWARE" duration="00:00:03.9432235" startTime="2025-12-24T18:40:02.3075109-03:00" endTime="2025-12-24T18:40:06.2509337-03:00" testType="13cdc9d9-ddb5-4fa4-a97d-d965ccfc6d4b" outcome="Passed" testListId="8c84fa94-04c1-424b-9868-57a2d4851a1d" relativeResultsDirectory="f1e847f8-91cc-41f1-9c39-da5c902639db">
      <Output>
        <StdOut>[DEBUG] Loaded Account ID: '45eb3fd89244f26e696801b09ef2faa3487da99dba6435180c9ae058f4ae6981'&#xD;
[INIT] Trading tests initialized for account 45eb3fd89244f26e696801b09ef2faa3487da99dba6435180c9ae058f4ae6981&#xD;
✅ Expected error: API Error: Order not found&#xD;
[CLEANUP] Trading tests completed</StdOut>
      </Output>
    </UnitTestResult>
    <UnitTestResult executionId="ae4def0d-dbf7-44ad-a5f8-818ac2927307" testId="1d270e1a-588d-4823-f95f-97271f93a68b" testName="MercadoBitcoin.Client.ComprehensiveTests.StreamingTests.StreamCandlesAsync_ShouldReturnCandles" computerName="ALIENWARE" duration="00:00:05.0780723" startTime="2025-12-24T18:39:52.6878478-03:00" endTime="2025-12-24T18:39:57.7660989-03:00" testType="13cdc9d9-ddb5-4fa4-a97d-d965ccfc6d4b" outcome="Passed" testListId="8c84fa94-04c1-424b-9868-57a2d4851a1d" relativeResultsDirectory="ae4def0d-dbf7-44ad-a5f8-818ac2927307">
      <Output>
        <StdOut>✅ Streamed 24 candles</StdOut>
      </Output>
    </UnitTestResult>
    <UnitTestResult executionId="697de7ff-dd4d-4ad0-8fd2-4858535a8002" testId="14f4c051-14fa-5447-5f23-c3c227dcaaa7" testName="MercadoBitcoin.Client.ComprehensiveTests.FullCoverageTests.Private_ListAllOrders_ShouldWork" computerName="ALIENWARE" duration="00:00:04.7729849" startTime="2025-12-24T18:39:55.9330774-03:00" endTime="2025-12-24T18:40:00.7062794-03:00" testType="13cdc9d9-ddb5-4fa4-a97d-d965ccfc6d4b" outcome="Passed" testListId="8c84fa94-04c1-424b-9868-57a2d4851a1d" relativeResultsDirectory="697de7ff-dd4d-4ad0-8fd2-4858535a8002" />
    <UnitTestResult executionId="3d0a27dd-1240-41ba-8f10-3dc0bfa4133c" testId="cfc6db7b-1071-a163-f56d-d44cc51a486a" testName="MercadoBitcoin.Client.ComprehensiveTests.ExhaustiveApiCoverageTests.Accounts_ShouldReturnAllAccounts" computerName="ALIENWARE" duration="00:00:00.8615666" startTime="2025-12-24T18:41:44.4091309-03:00" endTime="2025-12-24T18:41:45.2708535-03:00" testType="13cdc9d9-ddb5-4fa4-a97d-d965ccfc6d4b" outcome="Passed" testListId="8c84fa94-04c1-424b-9868-57a2d4851a1d" relativeResultsDirectory="3d0a27dd-1240-41ba-8f10-3dc0bfa4133c">
      <Output>
        <StdOut>[INIT] Using Account ID: 45eb3fd89244f26e696801b09ef2faa3487da99dba6435180c9ae058f4ae6981&#xD;
[INIT] Time synchronized at 2025-12-24 21:41:45 UTC&#xD;
✅ Accounts: 1 account(s) found&#xD;
   - main (BRL): NORMAL&#xD;
[CLEANUP] Client disposed at 21:41:45 UTC</StdOut>
      </Output>
    </UnitTestResult>
    <UnitTestResult executionId="4fa829d8-22b2-4ef2-99a7-eef6205f55bc" testId="76356136-ca06-fed3-ff16-191396b681dd" testName="MercadoBitcoin.Client.ComprehensiveTests.SerializationValidationTests.ValidateOrderbookSerialization_ShouldRoundTrip" computerName="ALIENWARE" duration="00:00:03.2049200" startTime="2025-12-24T18:40:31.5814260-03:00" endTime="2025-12-24T18:40:34.7866363-03:00" testType="13cdc9d9-ddb5-4fa4-a97d-d965ccfc6d4b" outcome="Passed" testListId="8c84fa94-04c1-424b-9868-57a2d4851a1d" relativeResultsDirectory="4fa829d8-22b2-4ef2-99a7-eef6205f55bc" />
    <UnitTestResult executionId="bbdb473b-a7f8-4371-a54a-afe6fff1ad43" testId="75a462eb-6ba2-4750-fffa-220d6d649977" testName="MercadoBitcoin.Client.ComprehensiveTests.AllRoutesIntegrationTests.BeastMode_Http2Multiplexing_ShouldExecuteSimultaneously" computerName="ALIENWARE" duration="00:00:01.2847874" startTime="2025-12-24T18:41:56.0596223-03:00" endTime="2025-12-24T18:41:57.3445924-03:00" testType="13cdc9d9-ddb5-4fa4-a97d-d965ccfc6d4b" outcome="Passed" testListId="8c84fa94-04c1-424b-9868-57a2d4851a1d" relativeResultsDirectory="bbdb473b-a7f8-4371-a54a-afe6fff1ad43">
      <Output>
        <StdOut>DEBUG: API Key found: True&#xD;
DEBUG: API Secret found: True&#xD;
✅ [INIT] Time synchronized. Timestamp: 1766612516&#xD;
✅ [INIT] Account ID: 45eb3fd89244f26e696801b09ef2faa3487da99dba6435180c9ae058f4ae6981&#xD;
✅ HTTP/2 Batch execution: 435ms for 3 requests</StdOut>
      </Output>
    </UnitTestResult>
    <UnitTestResult executionId="ea95fe3a-d433-4316-9870-be60e805f3c4" testId="fd4a4979-5f1d-e32d-64ad-c02d27503342" testName="MercadoBitcoin.Client.ComprehensiveTests.FullCoverageTests.Public_GetTickersBatch_ShouldWork" computerName="ALIENWARE" duration="00:00:00.9388031" startTime="2025-12-24T18:40:44.0849971-03:00" endTime="2025-12-24T18:40:45.0240915-03:00" testType="13cdc9d9-ddb5-4fa4-a97d-d965ccfc6d4b" outcome="Passed" testListId="8c84fa94-04c1-424b-9868-57a2d4851a1d" relativeResultsDirectory="ea95fe3a-d433-4316-9870-be60e805f3c4" />
    <UnitTestResult executionId="35f97198-f1d2-4ce4-a946-fffe723f50c3" testId="10851ae2-0100-16b4-c688-b74f39352578" testName="MercadoBitcoin.Client.ComprehensiveTests.FullApiCoverageTests.RunAllApiTests_Sequential" computerName="ALIENWARE" duration="00:00:55.6882715" startTime="2025-12-24T18:40:23.1760603-03:00" endTime="2025-12-24T18:41:18.8646741-03:00" testType="13cdc9d9-ddb5-4fa4-a97d-d965ccfc6d4b" outcome="Passed" testListId="8c84fa94-04c1-424b-9868-57a2d4851a1d" relativeResultsDirectory="35f97198-f1d2-4ce4-a946-fffe723f50c3">
      <Output>
        <StdOut>[INIT] Full API Coverage Tests initialized&#xD;
[INIT] Account ID: 45eb3fd89244f26e696801b09ef2faa3487da99dba6435180c9ae058f4ae6981&#xD;
[INIT] Symbol: BTC-BRL&#xD;
[INIT] Delay between requests: 1000ms&#xD;
========================================&#xD;
FULL API COVERAGE TEST SUITE&#xD;
========================================
&#xD;

--- PUBLIC ENDPOINTS ---
&#xD;
✅ PASS: GetSymbols (no filter) Count: 1172&#xD;
✅ PASS: GetSymbols (with filter) Count: 2&#xD;
✅ PASS: GetTickers (no filter) Count: 1172&#xD;
✅ PASS: GetTickers (single) Last: 485685.00000000&#xD;
✅ PASS: GetTickers (multiple) Count: 3&#xD;
✅ PASS: GetOrderBook (default) Bids: 518, Asks: 1000&#xD;
✅ PASS: GetOrderBook (limit=5) Bids: 5&#xD;
✅ PASS: GetTrades (no filter) Count: 1000&#xD;
✅ PASS: GetTrades (limit=10) Count: 10&#xD;
✅ PASS: GetCandles (24h range) Count: 24&#xD;
✅ PASS: GetRecentCandles (countback=10) Count: 10&#xD;
✅ PASS: GetRecentCandlesTyped Count: 5&#xD;
✅ PASS: GetAssetFees (BTC) Fee: 0.00016&#xD;
❌ FAIL: GetAssetFees (USDT-ERC20) - API Error: The asset couldn't exist or the withdrawal is not active.&#xD;
✅ PASS: GetAssetNetworks (USDT) Networks: tron, ethereum&#xD;

--- ACCOUNT ENDPOINTS ---
&#xD;
✅ PASS: GetAccounts Count: 1&#xD;
✅ PASS: GetBalances Count: 1286&#xD;
❌ FAIL: GetTier - API Error: HTTP 404 Not Found&#xD;
✅ PASS: GetTradingFees Maker: 0.00300000, Taker: 0.00700000&#xD;
✅ PASS: GetPositions (single) Count: 0&#xD;
✅ PASS: GetPositions (multiple) Count: 0&#xD;

--- TRADING ENDPOINTS ---
&#xD;
✅ PASS: ListOrders (no filter) Count: 100&#xD;
✅ PASS: ListOrders (status=filled) Count: 5&#xD;
✅ PASS: ListOrders (hasExecutions) Count: 5&#xD;
✅ PASS: ListAllOrders Count: 100&#xD;
✅ PASS: GetOrderById OrderId: 01KD94X522R04DP4623RR8VRY5&#xD;
❌ FAIL: Place/Cancel BUY Order - API Error: The param {limitPrice} is higher than {1554226.391231}&#xD;
❌ FAIL: Place/Cancel SELL Order - API Error: The param {limitPrice} is higher than {1554226.391231}&#xD;

--- WALLET ENDPOINTS ---
&#xD;
✅ PASS: ListDeposits (BTC) Count: 0&#xD;
✅ PASS: ListDeposits (limit=5) Count: 0&#xD;
✅ PASS: ListFiatDeposits Count: 10&#xD;
✅ PASS: GetDepositAddresses (BTC) Addresses: 1&#xD;
✅ PASS: ListWithdrawals (BTC) Count: 0&#xD;
✅ PASS: ListWithdrawals (pageSize=5) Count: 0&#xD;
✅ PASS: GetWithdrawalById No withdrawals to test (expected)&#xD;
✅ PASS: GetWithdrawCryptoAddresses Count: 0&#xD;
✅ PASS: GetWithdrawBankAccounts Count: 0&#xD;
✅ PASS: GetWithdrawLimits Count: 0&#xD;
✅ PASS: GetBrlWithdrawConfig MinLimit: 1.00&#xD;

--- STREAMING ENDPOINTS ---
&#xD;
✅ PASS: StreamTrades Received: 3 trades&#xD;
✅ PASS: GetDepositsPagedAsync Received: 3 deposits&#xD;

========================================&#xD;
TEST SUMMARY&#xD;
========================================&#xD;
Total Passed: 37&#xD;
Total Failed: 4&#xD;
Total Tests: 41&#xD;
Pass Rate: 90,2%&#xD;
========================================
&#xD;
✅ PASS: GetSymbols (no filter)&#xD;
✅ PASS: GetSymbols (with filter)&#xD;
✅ PASS: GetTickers (no filter)&#xD;
✅ PASS: GetTickers (single)&#xD;
✅ PASS: GetTickers (multiple)&#xD;
✅ PASS: GetOrderBook (default)&#xD;
✅ PASS: GetOrderBook (limit=5)&#xD;
✅ PASS: GetTrades (no filter)&#xD;
✅ PASS: GetTrades (limit=10)&#xD;
✅ PASS: GetCandles (24h range)&#xD;
✅ PASS: GetRecentCandles (countback=10)&#xD;
✅ PASS: GetRecentCandlesTyped&#xD;
✅ PASS: GetAssetFees (BTC)&#xD;
❌ FAIL: GetAssetFees (USDT-ERC20) - API Error: The asset couldn't exist or the withdrawal is not active.&#xD;
✅ PASS: GetAssetNetworks (USDT)&#xD;
✅ PASS: GetAccounts&#xD;
✅ PASS: GetBalances&#xD;
❌ FAIL: GetTier - API Error: HTTP 404 Not Found&#xD;
✅ PASS: GetTradingFees&#xD;
✅ PASS: GetPositions (single)&#xD;
✅ PASS: GetPositions (multiple)&#xD;
✅ PASS: ListOrders (no filter)&#xD;
✅ PASS: ListOrders (status=filled)&#xD;
✅ PASS: ListOrders (hasExecutions)&#xD;
✅ PASS: ListAllOrders&#xD;
✅ PASS: GetOrderById&#xD;
❌ FAIL: Place/Cancel BUY Order - API Error: The param {limitPrice} is higher than {1554226.391231}&#xD;
❌ FAIL: Place/Cancel SELL Order - API Error: The param {limitPrice} is higher than {1554226.391231}&#xD;
✅ PASS: ListDeposits (BTC)&#xD;
✅ PASS: ListDeposits (limit=5)&#xD;
✅ PASS: ListFiatDeposits&#xD;
✅ PASS: GetDepositAddresses (BTC)&#xD;
✅ PASS: ListWithdrawals (BTC)&#xD;
✅ PASS: ListWithdrawals (pageSize=5)&#xD;
✅ PASS: GetWithdrawalById&#xD;
✅ PASS: GetWithdrawCryptoAddresses&#xD;
✅ PASS: GetWithdrawBankAccounts&#xD;
✅ PASS: GetWithdrawLimits&#xD;
✅ PASS: GetBrlWithdrawConfig&#xD;
✅ PASS: StreamTrades&#xD;
✅ PASS: GetDepositsPagedAsync&#xD;

[CLEANUP] Full API Coverage Tests completed</StdOut>
      </Output>
    </UnitTestResult>
    <UnitTestResult executionId="f2506de9-436e-48a0-98fe-3dd10d2d3235" testId="7e6a296c-e6d3-4252-8c97-29502b8d9003" testName="MercadoBitcoin.Client.ComprehensiveTests.SerializationValidationTests.ValidateCandleSerialization_ShouldRoundTrip" computerName="ALIENWARE" duration="00:00:03.6327772" startTime="2025-12-24T18:40:07.6049195-03:00" endTime="2025-12-24T18:40:11.2379219-03:00" testType="13cdc9d9-ddb5-4fa4-a97d-d965ccfc6d4b" outcome="Passed" testListId="8c84fa94-04c1-424b-9868-57a2d4851a1d" relativeResultsDirectory="f2506de9-436e-48a0-98fe-3dd10d2d3235" />
    <UnitTestResult executionId="806bf780-f79b-4ff6-8a1c-4b8afd2d2158" testId="31485c22-5b00-4502-9340-f7f7d0ab1ff8" testName="MercadoBitcoin.Client.ComprehensiveTests.TradingEndpointsTests.PlaceOrder_DryRun_ShouldValidateOrderStructure" computerName="ALIENWARE" duration="00:00:03.7368554" startTime="2025-12-24T18:40:34.3200013-03:00" endTime="2025-12-24T18:40:38.0570822-03:00" testType="13cdc9d9-ddb5-4fa4-a97d-d965ccfc6d4b" outcome="Passed" testListId="8c84fa94-04c1-424b-9868-57a2d4851a1d" relativeResultsDirectory="806bf780-f79b-4ff6-8a1c-4b8afd2d2158" />
    <UnitTestResult executionId="d3a406d0-6b99-40f6-8146-c2eaaf67e748" testId="a9c2d07f-ee5f-a462-76ee-60e803c34048" testName="MercadoBitcoin.Client.ComprehensiveTests.AllRoutesIntegrationTests.Public_RecentCandles_ShouldReturnCandles" computerName="ALIENWARE" duration="00:00:01.1185617" startTime="2025-12-24T18:42:05.1212259-03:00" endTime="2025-12-24T18:42:06.2399657-03:00" testType="13cdc9d9-ddb5-4fa4-a97d-d965ccfc6d4b" outcome="Passed" testListId="8c84fa94-04c1-424b-9868-57a2d4851a1d" relativeResultsDirectory="d3a406d0-6b99-40f6-8146-c2eaaf67e748">
      <Output>
        <StdOut>DEBUG: API Key found: True&#xD;
DEBUG: API Secret found: True&#xD;
✅ [INIT] Time synchronized. Timestamp: 1766612525&#xD;
✅ [INIT] Account ID: 45eb3fd89244f26e696801b09ef2faa3487da99dba6435180c9ae058f4ae6981&#xD;
✅ Recent Candles: 24 entries</StdOut>
      </Output>
    </UnitTestResult>
    <UnitTestResult executionId="d187d380-48cc-4c7f-9c1b-995348aff122" testId="1819ec8f-8301-d5c0-2a77-16b81e2bfae4" testName="MercadoBitcoin.Client.ComprehensiveTests.ExhaustiveApiCoverageTests.WithdrawCryptoAddresses_ShouldReturnSavedAddresses" computerName="ALIENWARE" duration="00:00:00.7952025" startTime="2025-12-24T18:41:52.7781306-03:00" endTime="2025-12-24T18:41:53.5734583-03:00" testType="13cdc9d9-ddb5-4fa4-a97d-d965ccfc6d4b" outcome="Passed" testListId="8c84fa94-04c1-424b-9868-57a2d4851a1d" relativeResultsDirectory="d187d380-48cc-4c7f-9c1b-995348aff122">
      <Output>
        <StdOut>[INIT] Using Account ID: 45eb3fd89244f26e696801b09ef2faa3487da99dba6435180c9ae058f4ae6981&#xD;
[INIT] Time synchronized at 2025-12-24 21:41:53 UTC&#xD;
✅ Withdraw Crypto Addresses: 0 address(es)&#xD;
[CLEANUP] Client disposed at 21:41:53 UTC</StdOut>
      </Output>
    </UnitTestResult>
    <UnitTestResult executionId="e57cd0e3-9a54-4946-be53-9f2830aecc97" testId="85e9b5fb-5d5b-7a4d-ca8e-a24737fda244" testName="MercadoBitcoin.Client.ComprehensiveTests.ExhaustiveApiCoverageTests.Tickers_WithMultipleFilters_ShouldReturnFiltered" computerName="ALIENWARE" duration="00:00:00.5886483" startTime="2025-12-24T18:41:46.9442089-03:00" endTime="2025-12-24T18:41:47.5330402-03:00" testType="13cdc9d9-ddb5-4fa4-a97d-d965ccfc6d4b" outcome="Passed" testListId="8c84fa94-04c1-424b-9868-57a2d4851a1d" relativeResultsDirectory="e57cd0e3-9a54-4946-be53-9f2830aecc97">
      <Output>
        <StdOut>[INIT] Using Account ID: 45eb3fd89244f26e696801b09ef2faa3487da99dba6435180c9ae058f4ae6981&#xD;
[INIT] Time synchronized at 2025-12-24 21:41:47 UTC&#xD;
✅ Tickers (multiple): 2 tickers returned&#xD;
[CLEANUP] Client disposed at 21:41:47 UTC</StdOut>
      </Output>
    </UnitTestResult>
    <UnitTestResult executionId="a28e3fb5-3ff1-48e3-873b-4c28981ac9ab" testId="a147118a-46da-c543-9193-d73ee7385809" testName="MercadoBitcoin.Client.ComprehensiveTests.SerializationValidationTests.ValidateOrderSerialization_ShouldRoundTrip" computerName="ALIENWARE" duration="00:00:04.7725555" startTime="2025-12-24T18:40:02.8321414-03:00" endTime="2025-12-24T18:40:07.6048072-03:00" testType="13cdc9d9-ddb5-4fa4-a97d-d965ccfc6d4b" outcome="Passed" testListId="8c84fa94-04c1-424b-9868-57a2d4851a1d" relativeResultsDirectory="a28e3fb5-3ff1-48e3-873b-4c28981ac9ab" />
    <UnitTestResult executionId="ca644d33-9f1b-4ac6-bff2-804e250d95e6" testId="0348fd5c-98f4-7a15-3583-93a56379715e" testName="MercadoBitcoin.Client.ComprehensiveTests.ExhaustiveApiCoverageTests.AssetNetworks_ShouldReturnAvailableNetworks" computerName="ALIENWARE" duration="00:00:00.8978399" startTime="2025-12-24T18:41:47.5330979-03:00" endTime="2025-12-24T18:41:48.4314158-03:00" testType="13cdc9d9-ddb5-4fa4-a97d-d965ccfc6d4b" outcome="Passed" testListId="8c84fa94-04c1-424b-9868-57a2d4851a1d" relativeResultsDirectory="ca644d33-9f1b-4ac6-bff2-804e250d95e6">
      <Output>
        <StdOut>[INIT] Using Account ID: 45eb3fd89244f26e696801b09ef2faa3487da99dba6435180c9ae058f4ae6981&#xD;
[INIT] Time synchronized at 2025-12-24 21:41:48 UTC&#xD;
✅ Asset Networks (USDT): tron, ethereum&#xD;
[CLEANUP] Client disposed at 21:41:48 UTC</StdOut>
      </Output>
    </UnitTestResult>
    <UnitTestResult executionId="3ecb5a23-8c8a-4760-b0d1-c378a0c56615" testId="03030ede-84ea-8f06-3bf9-a4af4e61cc2f" testName="MercadoBitcoin.Client.ComprehensiveTests.WebSocketStreamingTests.SubscribeOrderBookAsync_WithBTCBRL_ReceivesOrderBookMessages" computerName="ALIENWARE" duration="00:00:00.6099803" startTime="2025-12-24T18:40:48.5991688-03:00" endTime="2025-12-24T18:40:49.5276030-03:00" testType="13cdc9d9-ddb5-4fa4-a97d-d965ccfc6d4b" outcome="Passed" testListId="8c84fa94-04c1-424b-9868-57a2d4851a1d" relativeResultsDirectory="3ecb5a23-8c8a-4760-b0d1-c378a0c56615">
      <Output>
        <StdOut>[Debug] Connection state changed: Disconnected -&gt; Connecting&#xD;
[Information] Connecting to WebSocket server at wss://ws.mercadobitcoin.net/ws&#xD;
[Debug] Connection state changed: Connecting -&gt; Connected&#xD;
[Information] Successfully connected to WebSocket server&#xD;
[Information] Subscribed to orderbook for BRLBTC&#xD;
[...]
[18:40:31] ? PASS - Streaming_StreamWithdrawals&#xD;
    Details: Streamed 5 withdrawals&#xD;
[AUTH] Configuring client with ApiKey/ApiSecret from appsettings.json...&#xD;
[18:40:31] ?? API Call: GET /orders/BTC-BRL&#xD;
    Response: [&#xD;
  {&#xD;
    "avgPrice": null,&#xD;
    "cost": null,&#xD;
    "created_at": 1766612422,&#xD;
    "executions": [],&#xD;
    "externalId": null,&#xD;
    "fee": "0.00000000",&#xD;
    "filledQty": "0.00000000",&#xD;
    "id": "01KD94WKGPTD07VK9YKB07YRSF",&#xD;
    "instrument": "BTC-BRL",&#xD;
    "limitPrice": 728526,&#xD;
    "qty": "0.00001000",&#xD;
    "side": "sell",&#xD;
    "status": "cancelled",&#xD;
    "stopPrice": null,&#xD;
    "triggerOrderId": "1470017504",&#xD;
    "type": "limit",&#xD;
    "updated_at": 1766612423&#xD;
  },&#xD;
  {&#xD;
    "avgPrice": ...&#xD;
[18:40:31] ? PASS - GetOrders&#xD;
    Details: Returned 100 orders&#xD;
[AUTH] Authenticated. Token length=1235&#xD;
[18:40:31] ? PASS - ValidateJsonSerializerContext&#xD;
    Details: All 11 expected types are registered in JsonSerializerContext&#xD;
[AUTH] Configuring client with ApiKey/ApiSecret from appsettings.json...&#xD;
[AUTH] Authenticated. Token length=1235&#xD;
[18:40:32] ?? API Call: GET /symbols&#xD;
    Response: {&#xD;
  "base-currency": [&#xD;
    "RFDCS14",&#xD;
    "DUX16",&#xD;
    "TURBO",&#xD;
    "ASCENS15",&#xD;
    "LAT",&#xD;
    "OCEAN",&#xD;
    "CARTAO46",&#xD;
    "RFDFP56",&#xD;
    "ASCENS29",&#xD;
    "CONSRC01",&#xD;
    "INCHURCH1",&#xD;
    "GRASS",&#xD;
    "WCT",&#xD;
    "JUDCSB10",&#xD;
    "KP3R",&#xD;
    "MBCCSH33",&#xD;
    "LTC",&#xD;
    "USDT0",&#xD;
    "DUX02",&#xD;
    "CONSRC55",&#xD;
    "MLTPLK19",&#xD;
    "USDD",&#xD;
    "CHILLI03",&#xD;
    "UNI",&#xD;
    "CREDM03",&#xD;
    "XRP",&#xD;
    "GRATIAM02",&#xD;
    "PORFT",&#xD;
    "XVS",&#xD;
    "JUMPSEC02",&#xD;
    "JUDCSB01",&#xD;
    "JE...&#xD;
[18:40:32] ? PASS - GetSymbols&#xD;
    Details: Returned 1172 symbols&#xD;
[AUTH] Configuring client with ApiKey/ApiSecret from appsettings.json...&#xD;
[AUTH] Authenticated. Token length=1235&#xD;
[18:40:32] ? PASS - GetCandles_WithInvalidTimeframe&#xD;
    Details: Exception handled: MercadoBitcoinApiException - API Error: The param {resolution} must be one of 1m, 15m, 1h, 3h, 1d, 1w, 1M(for months)&#xD;
[AUTH] Configuring client with ApiKey/ApiSecret from appsettings.json...&#xD;
[AUTH] Authenticated. Token length=1235&#xD;
[AUTH] Configuring client with ApiKey/ApiSecret from appsettings.json...&#xD;
[AUTH] Authenticated. Token length=1235&#xD;
[18:40:33] ? PASS - CancelOrder_InvalidId&#xD;
    Details: Correctly threw exception for invalid order ID&#xD;
[AUTH] Authenticated. Token length=1235&#xD;
[AUTH] Authenticated. Token length=1235&#xD;
[AUTH] Configuring client with ApiKey/ApiSecret from appsettings.json...&#xD;
[18:40:34] ? PASS - Private_GetAccounts&#xD;
    Details: Returned 1 accounts&#xD;
[18:40:34] ? PASS - Private_GetBalances&#xD;
    Details: Returned 1286 balances&#xD;
[AUTH] Authenticated. Token length=1235&#xD;
[18:40:34] ? PASS - Private_GetTier&#xD;
    Details: API returned error (expected for some account types): API Error: HTTP 404 Not Found&#xD;
[AUTH] Configuring client with ApiKey/ApiSecret from appsettings.json...&#xD;
[18:40:34] ? PASS - ValidateOrderbookSerialization&#xD;
    Details: Successfully serialized/deserialized orderbook with 1000 asks and 517 bids&#xD;
[AUTH] Authenticated. Token length=1235&#xD;
[18:40:35] ?? API Call: GET /withdrawals&#xD;
    Response: []&#xD;
[18:40:35] ? PASS - GetWithdrawals&#xD;
    Details: Returned 0 withdrawals&#xD;
[AUTH] Authenticated. Token length=1235&#xD;
[18:40:35] ? PASS - RateLimiting&#xD;
    Details: No rate limiting encountered in 50 rapid requests (or rate limits are high)&#xD;
[AUTH] Configuring client with ApiKey/ApiSecret from appsettings.json...&#xD;
[AUTH] Authenticated. Token length=1235&#xD;
[AUTH] Configuring client with ApiKey/ApiSecret from appsettings.json...&#xD;
[18:40:36] ?? API Call: GET /candles/BTC-BRL/1h&#xD;
    Request: {&#xD;
  "from": 1766526036,&#xD;
  "to": 1766612436&#xD;
}&#xD;
    Response: {&#xD;
  "c": [&#xD;
    "483971.00000000",&#xD;
    "484583.00000000",&#xD;
    "485363.00000000",&#xD;
    "485597.00000000",&#xD;
    "482897.00000000",&#xD;
    "483930.00000000",&#xD;
    "482862.00000000",&#xD;
    "481324.00000000",&#xD;
    "481568.00000000",&#xD;
    "481888.00000000",&#xD;
    "480602.00000000",&#xD;
    "480529.00000000",&#xD;
    "482260.00000000",&#xD;
    "483192.00000000",&#xD;
    "484627.00000000",&#xD;
    "484271.00000000",&#xD;
    "481548.00000000",&#xD;
    "481900.00000000",&#xD;
    "482616.00000000",&#xD;
    "483678.00000000",&#xD;
    "48...&#xD;
[18:40:36] ? PASS - GetCandles&#xD;
    Details: Returned 24 candles, OHLC: 485611,00/485983,00/483083,00/483971,00&#xD;
[AUTH] Authenticated. Token length=1235&#xD;
[AUTH] Authenticated. Token length=1235&#xD;
[18:40:36] ?? API Call: POST /orders&#xD;
    Request: {&#xD;
  "async": null,&#xD;
  "cost": null,&#xD;
  "externalId": null,&#xD;
  "limitPrice": 339979,&#xD;
  "qty": "0.00001",&#xD;
  "side": "buy",&#xD;
  "stopPrice": null,&#xD;
  "type": "limit"&#xD;
}&#xD;
    Response: {&#xD;
  "orderId": "01KD94X2E58B5NNE5YKF0JJFSR"&#xD;
}&#xD;
[18:40:37] ? PASS - PlaceOrder_Cleanup&#xD;
    Details: Order cancelled successfully&#xD;
[18:40:37] ? PASS - PlaceOrder_DryRun&#xD;
    Details: Order placed and cancelled: 01KD94X2E58B5NNE5YKF0JJFSR&#xD;
[AUTH] Authenticated. Token length=1235&#xD;
[AUTH] Configuring client with ApiKey/ApiSecret from appsettings.json...&#xD;
[18:40:37] ? PASS - GetTrades_WithInvalidDateRange&#xD;
    Details: Handled future date range, returned 0 trades&#xD;
[18:40:37] ? PASS - Private_ListFiatDeposits&#xD;
    Details: Returned 10 BRL deposits&#xD;
[AUTH] Configuring client with ApiKey/ApiSecret from appsettings.json...&#xD;
[AUTH] Authenticated. Token length=1235&#xD;
[AUTH] Authenticated. Token length=1235&#xD;
[18:40:38] ? PASS - GetAllSymbols_MajorPairs&#xD;
    Details: Found all major pairs: BTC-BRL, ETH-BRL, LTC-BRL, XRP-BRL&#xD;
[DEBUG] WS Message: {"type":"ticker","id":"BRLBTC","ts":1766612439191413900,"data":{"high":"486459.00000000","low":"478731.00000000","vol":"17.24253808","last":"485685.00000000","buy":"485686.00000000","sell":"486123.00000000","open":"484943.00000000","date":1766612439}}&#xD;
[AUTH] Authenticated. Token length=1235&#xD;
[18:40:39] ? PASS - Trading_PlaceBuyOrder&#xD;
    Details: Placed buy order: 01KD94X4TBKD0RXZNSFB4QJRK0&#xD;
[AUTH] Configuring client with ApiKey/ApiSecret from appsettings.json...&#xD;
[18:40:39] ?? API Call: GET /withdraw/config/BRL&#xD;
    Response: {&#xD;
  "limit_min": "1.00",&#xD;
  "saving_limit_max": "5000.00",&#xD;
  "total_limit": "50000.00",&#xD;
  "used_limit": "0.00",&#xD;
  "fees": {&#xD;
    "fixed_amount": "0.00",&#xD;
    "percentual": "0.00"&#xD;
  }&#xD;
}&#xD;
[18:40:39] ? PASS - GetBrlWithdrawConfig&#xD;
    Details: Total limit: 50000.00&#xD;
[18:40:39] ? PASS - Trading_PlaceSellOrder&#xD;
    Details: Placed sell order: 01KD94X522R04DP4623RR8VRY5&#xD;
[18:40:39] ? PASS - Trading_CancelAll&#xD;
    Details: Cancelled 2 orders&#xD;
[AUTH] Configuring client with ApiKey/ApiSecret from appsettings.json...&#xD;
[AUTH] Authenticated. Token length=1235&#xD;
[AUTH] Configuring client with ApiKey/ApiSecret from appsettings.json...&#xD;
[18:40:40] ?? API Call: GET /tickers/BTC-BRL&#xD;
    Response: [&#xD;
  {&#xD;
    "buy": "485686.00000000",&#xD;
    "date": 1766612439,&#xD;
    "high": "486459.00000000",&#xD;
    "last": "485685.00000000",&#xD;
    "low": "478731.00000000",&#xD;
    "open": "484943.00000000",&#xD;
    "pair": "BTC-BRL",&#xD;
    "sell": "486123.00000000",&#xD;
    "vol": "17.24253808"&#xD;
  }&#xD;
]&#xD;
[18:40:40] ? PASS - GetTickers&#xD;
    Details: Last price: 485685.00000000&#xD;
[AUTH] Authenticated. Token length=1235&#xD;
[18:40:41] ? PASS - Private_GetWithdrawLimits_Plural&#xD;
    Details: Returned 0 limit sets&#xD;
[AUTH] Configuring client with ApiKey/ApiSecret from appsettings.json...&#xD;
[DEBUG] WS Message: {"type":"ticker","id":"BRLBTC","ts":1766612441662140878,"data":{"high":"486459.00000000","low":"478731.00000000","vol":"17.24253808","last":"485685.00000000","buy":"485785.00000000","sell":"486123.00000000","open":"484943.00000000","date":1766612441}}&#xD;
[DEBUG] WS Message: {"type":"ticker","id":"BRLBTC","ts":1766612441758696607,"data":{"high":"486459.00000000","low":"478731.00000000","vol":"17.24253808","last":"485685.00000000","buy":"485785.00000000","sell":"486215.00000000","open":"484943.00000000","date":1766612441}}&#xD;
[AUTH] Configuring client with ApiKey/ApiSecret from appsettings.json...&#xD;
[AUTH] Authenticated. Token length=1235&#xD;
[18:40:42] ?? API Call: GET /trades/BTC-BRL (private)&#xD;
    Response: [&#xD;
  {&#xD;
    "amount": "0.01383028",&#xD;
    "date": 1766587092,&#xD;
    "price": "479500.00000000",&#xD;
    "tid": 21425786,&#xD;
    "type": "sell"&#xD;
  },&#xD;
  {&#xD;
    "amount": "0.01649334",&#xD;
    "date": 1766587092,&#xD;
    "price": "479500.00000000",&#xD;
    "tid": 21425787,&#xD;
    "type": "sell"&#xD;
  },&#xD;
  {&#xD;
    "amount": "0.02127630",&#xD;
    "date": 1766587098,&#xD;
    "price": "479321.00000000",&#xD;
    "tid": 21425788,&#xD;
    "type": "sell"&#xD;
  },&#xD;
  {&#xD;
    "amount": "0.00842976",&#xD;
    "date": 1766587098,&#xD;
    "price": "4793...&#xD;
[18:40:42] ? PASS - GetMyTrades&#xD;
    Details: Returned 1000 user trades&#xD;
[AUTH] Authenticated. Token length=1235&#xD;
[18:40:42] ? PASS - Public_GetOrderBooks_Plural&#xD;
    Details: Returned 2 orderbooks&#xD;
[AUTH] Configuring client with ApiKey/ApiSecret from appsettings.json...&#xD;
[AUTH] Configuring client with ApiKey/ApiSecret from appsettings.json...&#xD;
[AUTH] Authenticated. Token length=1235&#xD;
[18:40:43] ?? API Call: GET /trades/BTC-BRL&#xD;
    Response: [&#xD;
  {&#xD;
    "amount": "0.01383028",&#xD;
    "date": 1766587092,&#xD;
    "price": "479500.00000000",&#xD;
    "tid": 21425786,&#xD;
    "type": "sell"&#xD;
  },&#xD;
  {&#xD;
    "amount": "0.01649334",&#xD;
    "date": 1766587092,&#xD;
    "price": "479500.00000000",&#xD;
    "tid": 21425787,&#xD;
    "type": "sell"&#xD;
  },&#xD;
  {&#xD;
    "amount": "0.02127630",&#xD;
    "date": 1766587098,&#xD;
    "price": "479321.00000000",&#xD;
    "tid": 21425788,&#xD;
    "type": "sell"&#xD;
  },&#xD;
  {&#xD;
    "amount": "0.00842976",&#xD;
    "date": 1766587098,&#xD;
    "price": "4793...&#xD;
[18:40:43] ? PASS - GetTrades&#xD;
    Details: Returned 1000 trades, Latest: 479500,00000000 at 24/12/2025 14:38:12 +00:00&#xD;
[DEBUG] WS Message: {"type":"ticker","id":"BRLBTC","ts":1766612444288517511,"data":{"high":"486459.00000000","low":"478731.00000000","vol":"17.24263784","last":"486215.00000000","buy":"485785.00000000","sell":"486215.00000000","open":"484943.00000000","date":1766612444}}&#xD;
[AUTH] Authenticated. Token length=1235&#xD;
[18:40:44] ? PASS - Public_GetAssetNetworks&#xD;
    Details: Returned 1 networks for BTC&#xD;
[AUTH] Configuring client with ApiKey/ApiSecret from appsettings.json...&#xD;
[AUTH] Authenticated. Token length=1235&#xD;
[18:40:44] ?? API Call: GET /orders/BTC-BRL?status=open&#xD;
    Response: [&#xD;
  {&#xD;
    "avgPrice": null,&#xD;
    "cost": null,&#xD;
    "created_at": 1766612440,&#xD;
    "executions": [],&#xD;
    "externalId": null,&#xD;
    "fee": "0.00000000",&#xD;
    "filledQty": "0.00000000",&#xD;
    "id": "01KD94X522R04DP4623RR8VRY5",&#xD;
    "instrument": "BTC-BRL",&#xD;
    "limitPrice": 971370,&#xD;
    "qty": "0.00001000",&#xD;
    "side": "sell",&#xD;
    "status": "cancelled",&#xD;
    "stopPrice": null,&#xD;
    "triggerOrderId": "1470017682",&#xD;
    "type": "limit",&#xD;
    "updated_at": 1766612440&#xD;
  },&#xD;
  {&#xD;
    "avgPrice": ...&#xD;
[18:40:44] ? PASS - GetOrdersWithStatus&#xD;
    Details: Returned 100 orders, 0 with status 'open'&#xD;
[AUTH] Authenticated. Token length=1235&#xD;
[18:40:45] ? PASS - Public_GetTickersBatch&#xD;
    Details: Returned 3 tickers in batches&#xD;
[AUTH] Configuring client with ApiKey/ApiSecret from appsettings.json...&#xD;
[AUTH] Configuring client with ApiKey/ApiSecret from appsettings.json...&#xD;
[AUTH] Authenticated. Token length=1235&#xD;
[AUTH] Authenticated. Token length=1235&#xD;
[18:40:46] ? PASS - BeastMode_SynchronizeTime&#xD;
    Details: Current server timestamp: 1766612446&#xD;
[AUTH] Configuring client with ApiKey/ApiSecret from appsettings.json...&#xD;
[18:40:46] ?? API Call: GET /balance&#xD;
    Response: [&#xD;
  {&#xD;
    "available": "0.00000000",&#xD;
    "on_hold": "0.00000000",&#xD;
    "symbol": "OP",&#xD;
    "total": "0.00000000"&#xD;
  },&#xD;
  {&#xD;
    "available": "0.00000000",&#xD;
    "on_hold": "0.00000000",&#xD;
    "symbol": "MLTPLK11",&#xD;
    "total": "0.00000000"&#xD;
  },&#xD;
  {&#xD;
    "available": "0.00000000",&#xD;
    "on_hold": "0.00000000",&#xD;
    "symbol": "VINE",&#xD;
    "total": "0.00000000"&#xD;
  },&#xD;
  {&#xD;
    "available": "0.00000000",&#xD;
    "on_hold": "0.00000000",&#xD;
    "symbol": "CARTAO48",&#xD;
    "total": "0.00000000"&#xD;
  },&#xD;
...&#xD;
[18:40:46] ? PASS - GetBalance&#xD;
    Details: Returned balances for 1286 currencies&#xD;
[AUTH] Authenticated. Token length=1235&#xD;
[18:40:47] ? PASS - Public_GetCandlesTyped&#xD;
    Details: Returned 53 typed candles&#xD;
[AUTH] Configuring client with ApiKey/ApiSecret from appsettings.json...&#xD;
[AUTH] Authenticated. Token length=1235&#xD;
[DEBUG] WS Message: {"type":"ticker","id":"BRLBTC","ts":1766612449240440267,"data":{"high":"486459.00000000","low":"478731.00000000","vol":"17.17158535","last":"486215.00000000","buy":"485785.00000000","sell":"486215.00000000","open":"485229.00000000","date":1766612449}}&#xD;
[DEBUG] WS Message: {"id":"BRLBTC","name":"orderbook","limit":10}&#xD;
[DEBUG] WS Message: {"type":"orderbook","id":"BRLBTC","ts":1766612449930986005,"limit":10,"data":{"asks":[[486215,0.02089736],[486268,0.00216683],[486269,0.0494],[486334,0.08307972],[486335,0.02313],[486344,0.00616],[486347,0.1541],[486431,0.00332],[486439,0.00999],[486447,0.06167]],"bids":[[485785,0.02099712],[485687,0.03526489],[485686,0.0857],[485684,0.04117491],[485392,0.03136956],[485391,0.6379],[485160,0.07853378],[484946,0.1542],[484570,0.05331],[484569,0.2313]],"timestamp":1766612449927874857}}&#xD;
[DEBUG] WS Message: {"type":"orderbook","id":"BRLBTC","ts":1766612450146667092,"limit":10,"data":{"asks":[[486215,0.02089736],[486268,0.00216683],[486269,0.0494],[486334,0.08307972],[486335,0.02313],[486344,0.00616],[486347,0.1541],[486431,0.00332],[486439,0.00999],[486447,0.06167]],"bids":[[485785,0.02099712],[485687,0.03526489],[485686,0.0857],[485684,0.04117491],[485392,0.03136956],[485391,0.6379],[484946,0.1542],[484570,0.05331],[484569,0.2313],[484080,0.001]],"timestamp":1766612450143709200}}&#xD;
[DEBUG] WS Message: {"type":"orderbook","id":"BRLBTC","ts":1766612450169007141,"limit":10,"data":{"asks":[[486215,0.02089736],[486268,0.00216683],[486269,0.0494],[486334,0.08307972],[486335,0.02313],[486344,0.00616],[486347,0.1541],[486431,0.00332],[486439,0.00999],[486447,0.06167]],"bids":[[485785,0.02099712],[485687,0.03526489],[485686,0.0857],[485684,0.04117491],[485392,0.03136956],[485391,0.6379],[484947,0.07856827],[484946,0.1542],[484570,0.05331],[484569,0.2313]],"timestamp":1766612450166084727}}&#xD;
[18:40:49] ? PASS - Private_GetDepositAddresses&#xD;
    Details: Successfully retrieved BTC deposit addresses&#xD;
[AUTH] Configuring client with ApiKey/ApiSecret from appsettings.json...&#xD;
[DEBUG] WS Message: {"id":"BRLBTC","name":"ticker"}&#xD;
[AUTH] Authenticated. Token length=1235&#xD;
[18:40:50] ? PASS - Streaming_StreamOrders&#xD;
    Details: Streamed 5 orders&#xD;
[AUTH] Configuring client with ApiKey/ApiSecret from appsettings.json...&#xD;
[AUTH] Authenticated. Token length=1235&#xD;
[18:40:51] ? PASS - Public_GetTrades_Plural&#xD;
    Details: Returned 10 trades total&#xD;
[AUTH] Configuring client with ApiKey/ApiSecret from appsettings.json...&#xD;
[AUTH] Authenticated. Token length=1235&#xD;
[18:40:53] ? PASS - Public_GetCandlesTyped_Plural&#xD;
    Details: Returned 75 typed candles total&#xD;
[AUTH] Configuring client with ApiKey/ApiSecret from appsettings.json...&#xD;
[AUTH] Authenticated. Token length=1235&#xD;
[18:40:54] ? PASS - Public_GetCandles_Plural&#xD;
    Details: Returned 2 candle sets&#xD;
[AUTH] Configuring client with ApiKey/ApiSecret from appsettings.json...&#xD;
[AUTH] Authenticated. Token length=1235&#xD;
[18:40:55] ? PASS - Streaming_StreamTrades&#xD;
    Details: Streamed 5 trades&#xD;
[AUTH] Configuring client with ApiKey/ApiSecret from appsettings.json...&#xD;
[DEBUG] WS Message: {"type":"ticker","id":"BRLBTC","ts":1766612456460545817,"data":{"high":"486459.00000000","low":"478731.00000000","vol":"17.17161248","last":"485785.00000000","buy":"485785.00000000","sell":"486215.00000000","open":"485229.00000000","date":1766612456}}&#xD;
[AUTH] Authenticated. Token length=1235&#xD;
[18:40:57] ? PASS - Public_GetRecentCandles&#xD;
    Details: Raw: 10, Typed: 10&#xD;
[DEBUG] WS Message: {"type":"ticker","id":"BRLBTC","ts":1766612474137896450,"data":{"high":"486459.00000000","low":"478731.00000000","vol":"17.17156250","last":"485785.00000000","buy":"485785.00000000","sell":"486215.00000000","open":"485080.00000000","date":1766612474}}&#xD;
[DEBUG] WS Message: {"type":"ticker","id":"BRLBTC","ts":1766612478063658744,"data":{"high":"486459.00000000","low":"478731.00000000","vol":"17.16808302","last":"485785.00000000","buy":"485785.00000000","sell":"486215.00000000","open":"484732.00000000","date":1766612478}}&#xD;
[DEBUG] WS Message: {"id":"BRLBTC","name":"ticker"}&#xD;
[DEBUG] WS Message: {"id":"BRLETH","name":"ticker"}&#xD;
[DEBUG] WS Message: {"type":"ticker","id":"BRLETH","ts":1766612486475317290,"data":{"high":"16482.00000000","low":"16017.00000000","vol":"74.62701676","last":"16345.00000000","buy":"16342.00000000","sell":"16346.00000000","open":"16417.00000000","date":1766612486}}&#xD;
[DEBUG] WS Message: {"type":"ticker","id":"BRLETH","ts":1766612501068472341,"data":{"high":"16482.00000000","low":"16017.00000000","vol":"74.62553949","last":"16345.00000000","buy":"16342.00000000","sell":"16346.00000000","open":"16418.00000000","date":1766612501}}&#xD;
[DEBUG] WS Message: {"type":"pong"}&#xD;
[DEBUG] WS Message: {"type":"ticker","id":"BRLETH","ts":1766612511084189901,"data":{"high":"16482.00000000","low":"16017.00000000","vol":"74.57483949","last":"16345.00000000","buy":"16342.00000000","sell":"16346.00000000","open":"16418.00000000","date":1766612511}}&#xD;
[DEBUG] WS Message: {"type":"ticker","id":"BRLETH","ts":1766612513052825412,"data":{"high":"16482.00000000","low":"16017.00000000","vol":"74.03203949","last":"16345.00000000","buy":"16342.00000000","sell":"16346.00000000","open":"16418.00000000","date":1766612513}}&#xD;
[DEBUG] WS Message: {"type":"ticker","id":"BRLBTC","ts":1766612513325511352,"data":{"high":"486459.00000000","low":"478731.00000000","vol":"17.16825856","last":"486215.00000000","buy":"485785.00000000","sell":"486215.00000000","open":"485101.00000000","date":1766612513}}&#xD;
[DEBUG] WS Message: {"type":"ticker","id":"BRLBTC","ts":1766612521060337763,"data":{"high":"486459.00000000","low":"478731.00000000","vol":"17.16814926","last":"486215.00000000","buy":"485785.00000000","sell":"486215.00000000","open":"485101.00000000","date":1766612521}}&#xD;
[DEBUG] WS Message: {"type":"ticker","id":"BRLBTC","ts":1766612527128567299,"data":{"high":"486459.00000000","low":"478731.00000000","vol":"17.16812927","last":"486215.00000000","buy":"485785.00000000","sell":"486215.00000000","open":"485102.00000000","date":1766612527}}&#xD;
[xUnit.net 00:02:29.91]   Finished:    MercadoBitcoin.Client.ComprehensiveTests&#xD;
</StdOut>
    </Output>
  </ResultSummary>
</TestRun>