<?xml version="1.0" encoding="utf-8"?>
<TestRun id="0fccf671-a8a2-4543-a6db-6d4cdb8a3a46" name="Ernane@ALIENWARE 2025-12-24 18:42:44" runUser="ALIENWARE\Ernane" xmlns="http://microsoft.com/schemas/VisualStudio/TeamTest/2010">
  <Times creation="2025-12-24T18:42:44.6391011-03:00" queuing="2025-12-24T18:42:44.6391016-03:00" start="2025-12-24T18:42:43.6626754-03:00" finish="2025-12-24T18:45:10.3881839-03:00" />
  <TestSettings name="default" id="2c3cf80f-ff84-4720-baf6-aaa8e2b55a5d">
    <Deployment runDeploymentRoot="Ernane_ALIENWARE_2025-12-24_18_42_44" />
  </TestSettings>
  <Results>
    <UnitTestResult executionId="5563fff3-b2e4-49ac-96c5-854739c920fa" testId="5a2ae8ea-56c1-6bf7-d23a-313496e08d60" testName="MercadoBitcoin.Client.ComprehensiveTests.UniversalFilterTests.ListAllOrdersAsync_NoParams_ShouldReturnAllOrders" computerName="ALIENWARE" duration="00:00:04.2377382" startTime="2025-12-24T18:43:12.9924102-03:00" endTime="2025-12-24T18:43:17.2307115-03:00" testType="13cdc9d9-ddb5-4fa4-a97d-d965ccfc6d4b" outcome="Passed" testListId="8c84fa94-04c1-424b-9868-57a2d4851a1d" relativeResultsDirectory="5563fff3-b2e4-49ac-96c5-854739c920fa">
      <Output>
        <StdOut>✅ Fetched 106 total orders for symbols: BTC-BRL, ETH-BRL.</StdOut>
      </Output>
    </UnitTestResult>
    <UnitTestResult executionId="a27d691c-cb42-40b6-afe2-a58991258472" testId="420763c6-98ec-9dd1-066d-36dae89d2f54" testName="MercadoBitcoin.Client.ComprehensiveTests.StressTests.WebSocket_ParallelSubscriptions_ShouldHandleLoad" computerName="ALIENWARE" duration="00:00:53.5150264" startTime="2025-12-24T18:42:44.3415136-03:00" endTime="2025-12-24T18:43:37.8345387-03:00" testType="13cdc9d9-ddb5-4fa4-a97d-d965ccfc6d4b" outcome="Passed" testListId="8c84fa94-04c1-424b-9868-57a2d4851a1d" relativeResultsDirectory="a27d691c-cb42-40b6-afe2-a58991258472">
      <Output>
        <StdOut>✅ 10 clients connected&#xD;
✅ All 10 clients received messages</StdOut>
      </Output>
    </UnitTestResult>
    <UnitTestResult executionId="9e6e4714-ebcf-42c9-bb0e-095b64bc39b7" testId="fcf387cc-ad89-6828-d8d9-3482fb1ed77c" testName="MercadoBitcoin.Client.ComprehensiveTests.FullCoverageTests.Streaming_StreamFiatDeposits_ShouldWork" computerName="ALIENWARE" duration="00:00:03.6042735" startTime="2025-12-24T18:43:11.8751658-03:00" endTime="2025-12-24T18:43:15.4792547-03:00" testType="13cdc9d9-ddb5-4fa4-a97d-d965ccfc6d4b" outcome="Passed" testListId="8c84fa94-04c1-424b-9868-57a2d4851a1d" relativeResultsDirectory="9e6e4714-ebcf-42c9-bb0e-095b64bc39b7" />
    <UnitTestResult executionId="af1db349-dc8c-48e6-a220-5275ea6a6211" testId="789dcfd7-73d6-c68f-b3af-1689de5e8bb7" testName="MercadoBitcoin.Client.ComprehensiveTests.UniversalFilterTests.ListWithdrawalsAsync_NoParams_ShouldReturnWithdrawalsForMultipleSymbols" computerName="ALIENWARE" duration="00:00:04.0665312" startTime="2025-12-24T18:43:08.9257651-03:00" endTime="2025-12-24T18:43:12.9922914-03:00" testType="13cdc9d9-ddb5-4fa4-a97d-d965ccfc6d4b" outcome="Passed" testListId="8c84fa94-04c1-424b-9868-57a2d4851a1d" relativeResultsDirectory="af1db349-dc8c-48e6-a220-5275ea6a6211">
      <Output>
        <StdOut>✅ Fetched 0 withdrawals for symbols: BTC, ETH.</StdOut>
      </Output>
    </UnitTestResult>
    <UnitTestResult executionId="da9be516-7595-4623-bf37-46430a42df70" testId="1b33a4b6-6a5f-1b8d-5658-71f39ded4078" testName="MercadoBitcoin.Client.ComprehensiveTests.ExhaustiveApiCoverageTests.Orders_List_WithStatus_ShouldFilterByStatus" computerName="ALIENWARE" duration="00:00:00.7640367" startTime="2025-12-24T18:44:46.5460273-03:00" endTime="2025-12-24T18:44:47.3106058-03:00" testType="13cdc9d9-ddb5-4fa4-a97d-d965ccfc6d4b" outcome="Passed" testListId="8c84fa94-04c1-424b-9868-57a2d4851a1d" relativeResultsDirectory="da9be516-7595-4623-bf37-46430a42df70">
      <Output>
        <StdOut>[INIT] Using Account ID: 45eb3fd89244f26e696801b09ef2faa3487da99dba6435180c9ae058f4ae6981&#xD;
[INIT] Time synchronized at 2025-12-24 21:44:47 UTC&#xD;
✅ Orders (status=open): 100 open order(s)&#xD;
[CLEANUP] Client disposed at 21:44:47 UTC</StdOut>
      </Output>
    </UnitTestResult>
    <UnitTestResult executionId="31824775-7c81-483a-885a-4092f70978a5" testId="5b557391-838e-7e67-b9a3-b23b34e331c5" testName="MercadoBitcoin.Client.ComprehensiveTests.AuthenticationDiagnosticTest.TestManualAuthorizationCall" computerName="ALIENWARE" duration="00:00:00.4258460" startTime="2025-12-24T18:42:50.6316425-03:00" endTime="2025-12-24T18:42:51.0576520-03:00" testType="13cdc9d9-ddb5-4fa4-a97d-d965ccfc6d4b" outcome="Passed" testListId="8c84fa94-04c1-424b-9868-57a2d4851a1d" relativeResultsDirectory="31824775-7c81-483a-885a-4092f70978a5" />
    <UnitTestResult executionId="b61d8366-a362-4d10-9135-07072e75c30f" testId="2d69f675-92cd-8f46-88bf-57dedf0cbe69" testName="MercadoBitcoin.Client.ComprehensiveTests.ErrorHandlingTests.GetSymbols_WithInvalidParameters_ShouldHandleGracefully" computerName="ALIENWARE" duration="00:00:04.7732754" startTime="2025-12-24T18:43:09.8150430-03:00" endTime="2025-12-24T18:43:14.5885290-03:00" testType="13cdc9d9-ddb5-4fa4-a97d-d965ccfc6d4b" outcome="Passed" testListId="8c84fa94-04c1-424b-9868-57a2d4851a1d" relativeResultsDirectory="b61d8366-a362-4d10-9135-07072e75c30f" />
    <UnitTestResult executionId="d4e21443-c2c1-428c-986b-c3def939fac1" testId="d7afbb0f-4fe8-bf1f-969d-b66141767858" testName="MercadoBitcoin.Client.ComprehensiveTests.ErrorHandlingTests.NetworkTimeout_ShouldHandleGracefully" computerName="ALIENWARE" duration="00:00:02.3929335" startTime="2025-12-24T18:43:19.8038527-03:00" endTime="2025-12-24T18:43:22.1967468-03:00" testType="13cdc9d9-ddb5-4fa4-a97d-d965ccfc6d4b" outcome="Passed" testListId="8c84fa94-04c1-424b-9868-57a2d4851a1d" relativeResultsDirectory="d4e21443-c2c1-428c-986b-c3def939fac1" />
    <UnitTestResult executionId="41ae8ce1-3cae-45b8-932e-95a96e64a50b" testId="0324fd30-3e72-7e92-75b2-49fa1969a2ad" testName="MercadoBitcoin.Client.ComprehensiveTests.SerializationValidationTests.ValidateTickerSerialization_ShouldRoundTrip" computerName="ALIENWARE" duration="00:00:03.8714642" startTime="2025-12-24T18:43:17.7012321-03:00" endTime="2025-12-24T18:43:21.5728546-03:00" testType="13cdc9d9-ddb5-4fa4-a97d-d965ccfc6d4b" outcome="Passed" testListId="8c84fa94-04c1-424b-9868-57a2d4851a1d" relativeResultsDirectory="41ae8ce1-3cae-45b8-932e-95a96e64a50b" />
    <UnitTestResult executionId="88911daf-8e16-45fa-a9e4-6bac806b8165" testId="be6a655c-c1a1-b372-7f3d-a076f1e014fc" testName="MercadoBitcoin.Client.ComprehensiveTests.PublicEndpointsTests.GetCandles_DifferentTimeframes_ShouldWork(timeframe: &quot;30m&quot;)" computerName="ALIENWARE" duration="00:00:05.5849992" startTime="2025-12-24T18:42:58.8700049-03:00" endTime="2025-12-24T18:43:04.4548598-03:00" testType="13cdc9d9-ddb5-4fa4-a97d-d965ccfc6d4b" outcome="Passed" testListId="8c84fa94-04c1-424b-9868-57a2d4851a1d" relativeResultsDirectory="88911daf-8e16-45fa-a9e4-6bac806b8165" />
    <UnitTestResult executionId="f746f478-c423-4984-846d-8ef5dbe61b1a" testId="59845cdb-dcaa-3e58-29d5-30e7b8253ffe" testName="MercadoBitcoin.Client.ComprehensiveTests.AllRoutesIntegrationTests.Private_Deposits_ShouldReturnDepositHistory" computerName="ALIENWARE" duration="00:00:00.7592567" startTime="2025-12-24T18:44:57.7028527-03:00" endTime="2025-12-24T18:44:58.4621222-03:00" testType="13cdc9d9-ddb5-4fa4-a97d-d965ccfc6d4b" outcome="Passed" testListId="8c84fa94-04c1-424b-9868-57a2d4851a1d" relativeResultsDirectory="f746f478-c423-4984-846d-8ef5dbe61b1a">
      <Output>
        <StdOut>DEBUG: API Key found: True&#xD;
DEBUG: API Secret found: True&#xD;
✅ [INIT] Time synchronized. Timestamp: 1766612698&#xD;
✅ [INIT] Account ID: 45eb3fd89244f26e696801b09ef2faa3487da99dba6435180c9ae058f4ae6981&#xD;
✅ Found 0 deposit(s)</StdOut>
      </Output>
    </UnitTestResult>
    <UnitTestResult executionId="c7fc42b1-1931-455b-a6d1-7baf06103999" testId="164703ce-d571-4771-4ac9-e0d5addd251d" testName="MercadoBitcoin.Client.ComprehensiveTests.AllRoutesIntegrationTests.Public_Trades_ShouldReturnRecentTrades" computerName="ALIENWARE" duration="00:00:01.3410830" startTime="2025-12-24T18:44:55.3620538-03:00" endTime="2025-12-24T18:44:56.7033789-03:00" testType="13cdc9d9-ddb5-4fa4-a97d-d965ccfc6d4b" outcome="Passed" testListId="8c84fa94-04c1-424b-9868-57a2d4851a1d" relativeResultsDirectory="c7fc42b1-1931-455b-a6d1-7baf06103999">
      <Output>
        <StdOut>DEBUG: API Key found: True&#xD;
DEBUG: API Secret found: True&#xD;
✅ [INIT] Time synchronized. Timestamp: 1766612695&#xD;
✅ [INIT] Account ID: 45eb3fd89244f26e696801b09ef2faa3487da99dba6435180c9ae058f4ae6981&#xD;
✅ BTC Withdraw Fee: 0.00016</StdOut>
      </Output>
    </UnitTestResult>
    <UnitTestResult executionId="0bb13674-4b4e-4da1-a64f-632f9a0b1793" testId="1819ec8f-8301-d5c0-2a77-16b81e2bfae4" testName="MercadoBitcoin.Client.ComprehensiveTests.ExhaustiveApiCoverageTests.WithdrawCryptoAddresses_ShouldReturnSavedAddresses" computerName="ALIENWARE" duration="00:00:00.8447492" startTime="2025-12-24T18:44:50.0740557-03:00" endTime="2025-12-24T18:44:50.9191395-03:00" testType="13cdc9d9-ddb5-4fa4-a97d-d965ccfc6d4b" outcome="Passed" testListId="8c84fa94-04c1-424b-9868-57a2d4851a1d" relativeResultsDirectory="0bb13674-4b4e-4da1-a64f-632f9a0b1793">
      <Output>
        <StdOut>[INIT] Using Account ID: 45eb3fd89244f26e696801b09ef2faa3487da99dba6435180c9ae058f4ae6981&#xD;
[INIT] Time synchronized at 2025-12-24 21:44:50 UTC&#xD;
✅ Withdraw Crypto Addresses: 0 address(es)&#xD;
[CLEANUP] Client disposed at 21:44:50 UTC</StdOut>
      </Output>
    </UnitTestResult>
    <UnitTestResult executionId="9f5c1e5b-2a8a-491e-a774-f6d07c7dd5c2" testId="30f38442-c36a-9f03-f5dc-350a9e18f7b5" testName="MercadoBitcoin.Client.ComprehensiveTests.FullCoverageTests.Public_GetTrades_Plural_ShouldWork" computerName="ALIENWARE" duration="00:00:00.9816404" startTime="2025-12-24T18:43:46.0253634-03:00" endTime="2025-12-24T18:43:47.0071520-03:00" testType="13cdc9d9-ddb5-4fa4-a97d-d965ccfc6d4b" outcome="Passed" testListId="8c84fa94-04c1-424b-9868-57a2d4851a1d" relativeResultsDirectory="9f5c1e5b-2a8a-491e-a774-f6d07c7dd5c2" />
    <UnitTestResult executionId="aaa5f551-8570-41ee-8cd0-ed044ff35a16" testId="82af026f-0703-00ae-f2c2-41fcdeb57802" testName="MercadoBitcoin.Client.ComprehensiveTests.ExhaustiveApiCoverageTests.Candles_NoCountback_ShouldReturnRange" computerName="ALIENWARE" duration="00:00:00.6460059" startTime="2025-12-24T18:44:48.7810966-03:00" endTime="2025-12-24T18:44:49.4272682-03:00" testType="13cdc9d9-ddb5-4fa4-a97d-d965ccfc6d4b" outcome="Passed" testListId="8c84fa94-04c1-424b-9868-57a2d4851a1d" relativeResultsDirectory="aaa5f551-8570-41ee-8cd0-ed044ff35a16">
      <Output>
        <StdOut>[INIT] Using Account ID: 45eb3fd89244f26e696801b09ef2faa3487da99dba6435180c9ae058f4ae6981&#xD;
[INIT] Time synchronized at 2025-12-24 21:44:49 UTC&#xD;
✅ Candles (from-to): 24 candles in 24h&#xD;
[CLEANUP] Client disposed at 21:44:49 UTC</StdOut>
      </Output>
    </UnitTestResult>
    <UnitTestResult executionId="01ee8e50-6107-4ef1-aefa-5366f1709720" testId="1fe31a7f-44e0-a463-74cf-131955c42c53" testName="MercadoBitcoin.Client.ComprehensiveTests.ExhaustiveApiCoverageTests.WithdrawBankAccounts_ShouldReturnBankAccounts" computerName="ALIENWARE" duration="00:00:00.6990482" startTime="2025-12-24T18:44:22.1375383-03:00" endTime="2025-12-24T18:44:22.8368036-03:00" testType="13cdc9d9-ddb5-4fa4-a97d-d965ccfc6d4b" outcome="Passed" testListId="8c84fa94-04c1-424b-9868-57a2d4851a1d" relativeResultsDirectory="01ee8e50-6107-4ef1-aefa-5366f1709720">
      <Output>
        <StdOut>[INIT] Using Account ID: 45eb3fd89244f26e696801b09ef2faa3487da99dba6435180c9ae058f4ae6981&#xD;
[INIT] Time synchronized at 2025-12-24 21:44:22 UTC&#xD;
✅ Withdraw Bank Accounts: 0 account(s)&#xD;
[CLEANUP] Client disposed at 21:44:22 UTC</StdOut>
      </Output>
    </UnitTestResult>
    <UnitTestResult executionId="e55e8c1c-37dc-4525-87ac-f8f5ae7b242e" testId="95a50b92-20b7-00ec-d0ec-76766bcf3bc2" testName="MercadoBitcoin.Client.ComprehensiveTests.ExhaustiveApiCoverageTests.Trades_NoFilters_ShouldReturnRecentTrades" computerName="ALIENWARE" duration="00:00:01.0919464" startTime="2025-12-24T18:44:28.4652824-03:00" endTime="2025-12-24T18:44:29.5573240-03:00" testType="13cdc9d9-ddb5-4fa4-a97d-d965ccfc6d4b" outcome="Passed" testListId="8c84fa94-04c1-424b-9868-57a2d4851a1d" relativeResultsDirectory="e55e8c1c-37dc-4525-87ac-f8f5ae7b242e">
      <Output>
        <StdOut>[INIT] Using Account ID: 45eb3fd89244f26e696801b09ef2faa3487da99dba6435180c9ae058f4ae6981&#xD;
[INIT] Time synchronized at 2025-12-24 21:44:28 UTC&#xD;
✅ Trades (no filters): 1000 trades&#xD;
[CLEANUP] Client disposed at 21:44:29 UTC</StdOut>
      </Output>
    </UnitTestResult>
    <UnitTestResult executionId="578f587b-ca2d-4363-9b57-b4e596a7b15f" testId="a3ea4596-abd8-10c6-2ce8-c3c4c7953a13" testName="MercadoBitcoin.Client.ComprehensiveTests.ExhaustiveApiCoverageTests.CancelOpenOrders_WithFilters_ShouldCancelMatching" computerName="ALIENWARE" duration="00:00:00.7045475" startTime="2025-12-24T18:44:48.0759363-03:00" endTime="2025-12-24T18:44:48.7810211-03:00" testType="13cdc9d9-ddb5-4fa4-a97d-d965ccfc6d4b" outcome="Passed" testListId="8c84fa94-04c1-424b-9868-57a2d4851a1d" relativeResultsDirectory="578f587b-ca2d-4363-9b57-b4e596a7b15f">
      <Output>
        <StdOut>[INIT] Using Account ID: 45eb3fd89244f26e696801b09ef2faa3487da99dba6435180c9ae058f4ae6981&#xD;
[INIT] Time synchronized at 2025-12-24 21:44:48 UTC&#xD;
✅ Cancel Open Orders: 0 order(s) cancelled&#xD;
[CLEANUP] Client disposed at 21:44:48 UTC</StdOut>
      </Output>
    </UnitTestResult>
    <UnitTestResult executionId="e793ad41-20fd-42b4-b4ff-3a01005d6e81" testId="7e6a296c-e6d3-4252-8c97-29502b8d9003" testName="MercadoBitcoin.Client.ComprehensiveTests.SerializationValidationTests.ValidateCandleSerialization_ShouldRoundTrip" computerName="ALIENWARE" duration="00:00:03.7181870" startTime="2025-12-24T18:43:05.8253299-03:00" endTime="2025-12-24T18:43:09.5437881-03:00" testType="13cdc9d9-ddb5-4fa4-a97d-d965ccfc6d4b" outcome="Passed" testListId="8c84fa94-04c1-424b-9868-57a2d4851a1d" relativeResultsDirectory="e793ad41-20fd-42b4-b4ff-3a01005d6e81" />
    <UnitTestResult executionId="5c84a273-a9f0-436a-a52b-53e319fa4898" testId="fec6195f-5f4c-8f42-2f96-4f0c3ffb0c25" testName="MercadoBitcoin.Client.ComprehensiveTests.WebSocketStreamingTests.SubscribeTickerAsync_WithBTCBRL_ReceivesTickerMessages" computerName="ALIENWARE" duration="00:00:46.9023461" startTime="2025-12-24T18:42:50.0070719-03:00" endTime="2025-12-24T18:43:37.2370058-03:00" testType="13cdc9d9-ddb5-4fa4-a97d-d965ccfc6d4b" outcome="Passed" testListId="8c84fa94-04c1-424b-9868-57a2d4851a1d" relativeResultsDirectory="5c84a273-a9f0-436a-a52b-53e319fa4898">
      <Output>
        <StdOut>[Debug] Connection state changed: Disconnected -&gt; Connecting&#xD;
[Information] Connecting to WebSocket server at wss://ws.mercadobitcoin.net/ws&#xD;
[Debug] Connection state changed: Connecting -&gt; Connected&#xD;
[Information] Successfully connected to WebSocket server&#xD;
[Information] Subscribed to ticker for BRLBTC&#xD;
[Debug] Received WebSocket Message: {"id":"BRLBTC","name":"ticker"}&#xD;
[Debug] Subscription confirmed: ticker for BRLBTC&#xD;
[Debug] Received WebSocket Message: {"type":"ticker","id":"BRLBTC","ts":1766612574166636497,"data":{"high":"486459.00000000","low":"478731.00000000","vol":"17.15920672","last":"486215.00000000","buy":"485785.00000000","sell":"486215.00000000","open":"485256.00000000","date":1766612574}}&#xD;
Received ticker: BRLBTC - Last: 486215,00000000, Volume: 17,15920672&#xD;
[Debug] Received WebSocket Message: {"type":"ticker","id":"BRLBTC","ts":1766612577071129659,"data":{"high":"486459.00000000","low":"478731.00000000","vol":"17.14939672","last":"486215.00000000","buy":"485785.00000000","sell":"486215.00000000","open":"485392.00000000","date":1766612577}}&#xD;
Received ticker: BRLBTC - Last: 486215,00000000, Volume: 17,14939672&#xD;
[Debug] Received WebSocket Message: {"type":"ticker","id":"BRLBTC","ts":1766612578889847374,"data":{"high":"486459.00000000","low":"478731.00000000","vol":"17.14942770","last":"485785.00000000","buy":"485785.00000000","sell":"486215.00000000","open":"485392.00000000","date":1766612578}}&#xD;
Received ticker: BRLBTC - Last: 485785,00000000, Volume: 17,14942770&#xD;
[Trace] Sent ping&#xD;
[Debug] Received WebSocket Message: {"type":"pong"}&#xD;
[Trace] Received pong&#xD;
[Debug] Received WebSocket Message: {"type":"ticker","id":"BRLBTC","ts":1766612617378341237,"data":{"high":"486459.00000000","low":"478731.00000000","vol":"17.14942770","last":"485785.00000000","buy":"485785.00000000","sell":"486289.00000000","open":"485392.00000000","date":1766612617}}&#xD;
Received ticker: BRLBTC - Last: 485785,00000000, Volume: 17,14942770&#xD;
[Debug] Received WebSocket Message: {"type":"ticker","id":"BRLBTC","ts":1766612617881153400,"data":{"high":"486459.00000000","low":"478731.00000000","vol":"17.14942770","last":"485785.00000000","buy":"485785.00000000","sell":"486288.00000000","open":"485392.00000000","date":1766612617}}&#xD;
Received ticker: BRLBTC - Last: 485785,00000000, Volume: 17,14942770&#xD;
[Debug] Connection state changed: Connected -&gt; Closed</StdOut>
      </Output>
    </UnitTestResult>
    <UnitTestResult executionId="e56473e4-fd1d-475c-a0b9-5a85f4c3fd80" testId="0348fd5c-98f4-7a15-3583-93a56379715e" testName="MercadoBitcoin.Client.ComprehensiveTests.ExhaustiveApiCoverageTests.AssetNetworks_ShouldReturnAvailableNetworks" computerName="ALIENWARE" duration="00:00:01.0201622" startTime="2025-12-24T18:44:45.5258280-03:00" endTime="2025-12-24T18:44:46.5459727-03:00" testType="13cdc9d9-ddb5-4fa4-a97d-d965ccfc6d4b" outcome="Passed" testListId="8c84fa94-04c1-424b-9868-57a2d4851a1d" relativeResultsDirectory="e56473e4-fd1d-475c-a0b9-5a85f4c3fd80">
      <Output>
        <StdOut>[INIT] Using Account ID: 45eb3fd89244f26e696801b09ef2faa3487da99dba6435180c9ae058f4ae6981&#xD;
[INIT] Time synchronized at 2025-12-24 21:44:46 UTC&#xD;
✅ Asset Networks (USDT): tron, ethereum&#xD;
[CLEANUP] Client disposed at 21:44:46 UTC</StdOut>
      </Output>
    </UnitTestResult>
    <UnitTestResult executionId="7e9c02bf-e134-4e84-8b33-11cecaa375ef" testId="3ee7a822-e5dd-41cd-792e-5b3e2204e04a" testName="MercadoBitcoin.Client.ComprehensiveTests.WebSocketStreamingTests.UnsubscribeAsync_AfterSubscribing_StopsReceivingMessages" computerName="ALIENWARE" duration="00:00:11.6128167" startTime="2025-12-24T18:43:38.1260313-03:00" endTime="2025-12-24T18:43:50.0885045-03:00" testType="13cdc9d9-ddb5-4fa4-a97d-d965ccfc6d4b" outcome="Passed" testListId="8c84fa94-04c1-424b-9868-57a2d4851a1d" relativeResultsDirectory="7e9c02bf-e134-4e84-8b33-11cecaa375ef">
      <Output>
        <StdOut>[Debug] Connection state changed: Disconnected -&gt; Connecting&#xD;
[Information] Connecting to WebSocket server at wss://ws.mercadobitcoin.net/ws&#xD;
[Debug] Connection state changed: Connecting -&gt; Connected&#xD;
[Information] Successfully connected to WebSocket server&#xD;
[Information] Subscribed to ticker for BRLBTC&#xD;
[Debug] Received WebSocket Message: {"id":"BRLBTC","name":"ticker"}&#xD;
[Debug] Subscription confirmed: ticker for BRLBTC&#xD;
[Debug] Received WebSocket Message: {"type":"ticker","id":"BRLBTC","ts":1766612625063085871,"data":{"high":"486459.00000000","low":"478731.00000000","vol":"17.14917544","last":"485785.00000000","buy":"485785.00000000","sell":"486289.00000000","open":"485392.00000000","date":1766612625}}&#xD;
[Debug] Received WebSocket Message: {"type":"ticker","id":"BRLBTC","ts":1766612628602120571,"data":{"high":"486459.00000000","low":"478731.00000000","vol":"17.14917544","last":"485785.00000000","buy":"485785.00000000","sell":"486288.00000000","open":"485392.00000000","date":1766612628}}&#xD;
[Debug] Received WebSocket Message: {"type":"ticker","id":"BRLBTC","ts":1766612628720188265,"data":{"high":"486459.00000000","low":"478731.00000000","vol":"17.14917544","last":"485785.00000000","buy":"485785.00000000","sell":"486289.00000000","open":"485392.00000000","date":1766612628}}&#xD;
[Information] Unsubscribed from ticker for BRLBTC&#xD;
Successfully unsubscribed after receiving 3 messages&#xD;
[Debug] Connection state changed: Connected -&gt; Closed</StdOut>
      </Output>
    </UnitTestResult>
    <UnitTestResult executionId="144a1378-d37e-4f20-a6c0-206a4c240cb6" testId="ca81f413-ea15-d1d8-5978-e40594e6c0b2" testName="MercadoBitcoin.Client.ComprehensiveTests.ExhaustiveApiCoverageTests.OrderBook_DefaultLimit_ShouldReturnBook" computerName="ALIENWARE" duration="00:00:00.8898404" startTime="2025-12-24T18:44:26.8209340-03:00" endTime="2025-12-24T18:44:27.7110929-03:00" testType="13cdc9d9-ddb5-4fa4-a97d-d965ccfc6d4b" outcome="Passed" testListId="8c84fa94-04c1-424b-9868-57a2d4851a1d" relativeResultsDirectory="144a1378-d37e-4f20-a6c0-206a4c240cb6">
      <Output>
        <StdOut>[INIT] Using Account ID: 45eb3fd89244f26e696801b09ef2faa3487da99dba6435180c9ae058f4ae6981&#xD;
[INIT] Time synchronized at 2025-12-24 21:44:27 UTC&#xD;
✅ OrderBook (default): 519 bids, 1000 asks&#xD;
[CLEANUP] Client disposed at 21:44:27 UTC</StdOut>
      </Output>
    </UnitTestResult>
    <UnitTestResult executionId="0979d5f3-60b3-4638-9a8c-40aa00ba8667" testId="bdcdceec-fb55-1fe0-4a99-377ca78c9d48" testName="MercadoBitcoin.Client.ComprehensiveTests.PrivateEndpointsTests.GetWithdrawLimits_ShouldReturnValidLimits" computerName="ALIENWARE" duration="00:00:04.7541382" startTime="2025-12-24T18:43:12.6685185-03:00" endTime="2025-12-24T18:43:17.4229771-03:00" testType="13cdc9d9-ddb5-4fa4-a97d-d965ccfc6d4b" outcome="Passed" testListId="8c84fa94-04c1-424b-9868-57a2d4851a1d" relativeResultsDirectory="0979d5f3-60b3-4638-9a8c-40aa00ba8667" />
    <UnitTestResult executionId="e292265f-8665-41da-b4d4-b56340b708b2" testId="14dcc6ce-7174-2b1c-ac5e-d4605a3d6d91" testName="MercadoBitcoin.Client.ComprehensiveTests.AllRoutesIntegrationTests.BeastMode_TimeSynchronization_ShouldCalculateOffset" computerName="ALIENWARE" duration="00:00:01.2333592" startTime="2025-12-24T18:45:07.9939961-03:00" endTime="2025-12-24T18:45:09.2276983-03:00" testType="13cdc9d9-ddb5-4fa4-a97d-d965ccfc6d4b" outcome="Passed" testListId="8c84fa94-04c1-424b-9868-57a2d4851a1d" relativeResultsDirectory="e292265f-8665-41da-b4d4-b56340b708b2">
      <Output>
        <StdOut>DEBUG: API Key found: True&#xD;
DEBUG: API Secret found: True&#xD;
✅ [INIT] Time synchronized. Timestamp: 1766612708&#xD;
✅ [INIT] Account ID: 45eb3fd89244f26e696801b09ef2faa3487da99dba6435180c9ae058f4ae6981&#xD;
✅ Time offset: 0 seconds</StdOut>
      </Output>
    </UnitTestResult>
    <UnitTestResult executionId="0c785a8e-0ec0-4593-a03a-745419838ec1" testId="f590be54-1fde-d313-7d36-8f926e12367f" testName="MercadoBitcoin.Client.ComprehensiveTests.WebSocketTests.SubscribeOrderBookAsync_ShouldReceiveMessages" computerName="ALIENWARE" duration="00:00:00.7354026" startTime="2025-12-24T18:42:44.3433457-03:00" endTime="2025-12-24T18:42:45.0557543-03:00" testType="13cdc9d9-ddb5-4fa4-a97d-d965ccfc6d4b" outcome="Passed" testListId="8c84fa94-04c1-424b-9868-57a2d4851a1d" relativeResultsDirectory="0c785a8e-0ec0-4593-a03a-745419838ec1">
      <Output>
        <StdOut>✅ OrderBook subscription test completed. Received 1 orderbook messages for BRLBTC</StdOut>
      </Output>
    </UnitTestResult>
    <UnitTestResult executionId="fa0c1898-9658-40b6-80b5-78b9b0b5a961" testId="f5e3932b-f150-ef6e-884c-16cf5e28d685" testName="MercadoBitcoin.Client.ComprehensiveTests.AllRoutesIntegrationTests.Public_Orderbook_ShouldReturnBidsAndAsks" computerName="ALIENWARE" duration="00:00:01.1168255" startTime="2025-12-24T18:45:00.6692069-03:00" endTime="2025-12-24T18:45:01.7863837-03:00" testType="13cdc9d9-ddb5-4fa4-a97d-d965ccfc6d4b" outcome="Passed" testListId="8c84fa94-04c1-424b-9868-57a2d4851a1d" relativeResultsDirectory="fa0c1898-9658-40b6-80b5-78b9b0b5a961">
      <Output>
        <StdOut>DEBUG: API Key found: True&#xD;
DEBUG: API Secret found: True&#xD;
✅ [INIT] Time synchronized. Timestamp: 1766612701&#xD;
✅ [INIT] Account ID: 45eb3fd89244f26e696801b09ef2faa3487da99dba6435180c9ae058f4ae6981&#xD;
✅ OrderBook: Best Bid=485785.00000000, Best Ask=486234.00000000</StdOut>
      </Output>
    </UnitTestResult>
    <UnitTestResult executionId="fd1a51ad-4602-4593-ad21-6e41facb45fd" testId="adf9adf2-80f8-662e-634e-e7fba73d4cc2" testName="MercadoBitcoin.Client.ComprehensiveTests.PublicEndpointsTests.GetCandles_DifferentTimeframes_ShouldWork(timeframe: &quot;15m&quot;)" computerName="ALIENWARE" duration="00:00:05.3805372" startTime="2025-12-24T18:42:49.1559914-03:00" endTime="2025-12-24T18:42:54.5368213-03:00" testType="13cdc9d9-ddb5-4fa4-a97d-d965ccfc6d4b" outcome="Passed" testListId="8c84fa94-04c1-424b-9868-57a2d4851a1d" relativeResultsDirectory="fd1a51ad-4602-4593-ad21-6e41facb45fd" />
    <UnitTestResult executionId="068a8d53-53e9-4a73-ba47-f06f509c166e" testId="99c96ffe-2f80-5745-69d1-649ef9c79938" testName="MercadoBitcoin.Client.ComprehensiveTests.AllRoutesIntegrationTests.Private_Accounts_ShouldReturnUserAccounts" computerName="ALIENWARE" duration="00:00:01.0488236" startTime="2025-12-24T18:45:06.9450077-03:00" endTime="2025-12-24T18:45:07.9939360-03:00" testType="13cdc9d9-ddb5-4fa4-a97d-d965ccfc6d4b" outcome="Passed" testListId="8c84fa94-04c1-424b-9868-57a2d4851a1d" relativeResultsDirectory="068a8d53-53e9-4a73-ba47-f06f509c166e">
      <Output>
        <StdOut>DEBUG: API Key found: True&#xD;
DEBUG: API Secret found: True&#xD;
✅ [INIT] Time synchronized. Timestamp: 1766612707&#xD;
✅ [INIT] Account ID: 45eb3fd89244f26e696801b09ef2faa3487da99dba6435180c9ae058f4ae6981&#xD;
✅ Found 1 account(s). First ID: 45eb3fd89244f26e696801b09ef2faa3487da99dba6435180c9ae058f4ae6981</StdOut>
      </Output>
    </UnitTestResult>
    <UnitTestResult executionId="ef30a98f-afe4-427a-8362-4ae4eeef0fb7" testId="f1e46f8b-580f-266a-12a4-de5869d5303c" testName="MercadoBitcoin.Client.ComprehensiveTests.FullCoverageTests.Streaming_StreamWithdrawals_ShouldWork" computerName="ALIENWARE" duration="00:00:04.8469749" startTime="2025-12-24T18:43:22.0112096-03:00" endTime="2025-12-24T18:43:26.8586468-03:00" testType="13cdc9d9-ddb5-4fa4-a97d-d965ccfc6d4b" outcome="Passed" testListId="8c84fa94-04c1-424b-9868-57a2d4851a1d" relativeResultsDirectory="ef30a98f-afe4-427a-8362-4ae4eeef0fb7" />
    <UnitTestResult executionId="1be9efa3-c8f2-4530-ab0e-2590abb630dc" testId="b8e71cc6-297f-ad10-8961-9bcfce56dbe4" testName="MercadoBitcoin.Client.ComprehensiveTests.FullCoverageTests.Public_GetCandlesTyped_ShouldWork" computerName="ALIENWARE" duration="00:00:01.5258940" startTime="2025-12-24T18:43:41.4044657-03:00" endTime="2025-12-24T18:43:42.9306707-03:00" testType="13cdc9d9-ddb5-4fa4-a97d-d965ccfc6d4b" outcome="Passed" testListId="8c84fa94-04c1-424b-9868-57a2d4851a1d" relativeResultsDirectory="1be9efa3-c8f2-4530-ab0e-2590abb630dc" />
    <UnitTestResult executionId="beb5a7a7-6f3a-4418-89e3-95fef6edf1e2" testId="73a09ae3-5956-13de-76de-44199becb7b2" testName="MercadoBitcoin.Client.ComprehensiveTests.TradingOperationsTests.PlaceOrder_InvalidPrice_ShouldFail" computerName="ALIENWARE" duration="00:00:06.1855012" startTime="2025-12-24T18:42:44.8500783-03:00" endTime="2025-12-24T18:42:51.0358790-03:00" testType="13cdc9d9-ddb5-4fa4-a97d-d965ccfc6d4b" outcome="Passed" testListId="8c84fa94-04c1-424b-9868-57a2d4851a1d" relativeResultsDirectory="beb5a7a7-6f3a-4418-89e3-95fef6edf1e2">
      <Output>
        <StdOut>[DEBUG] Loaded Account ID: '45eb3fd89244f26e696801b09ef2faa3487da99dba6435180c9ae058f4ae6981'&#xD;
[INIT] Trading tests initialized for account 45eb3fd89244f26e696801b09ef2faa3487da99dba6435180c9ae058f4ae6981&#xD;
✅ Expected validation error: API Error: The param {limitPrice} is lower than {228768.243775}&#xD;
[CLEANUP] Trading tests completed</StdOut>
      </Output>
    </UnitTestResult>
    <UnitTestResult executionId="26139ea3-1ce4-490a-bcc6-6da615e16895" testId="d101b495-5326-d57b-0a95-59d7b9b2779a" testName="MercadoBitcoin.Client.ComprehensiveTests.PrivateEndpointsTests.GetBrlWithdrawConfig_ShouldReturnValidConfig" computerName="ALIENWARE" duration="00:00:03.0187525" startTime="2025-12-24T18:43:32.9432560-03:00" endTime="2025-12-24T18:43:35.9627472-03:00" testType="13cdc9d9-ddb5-4fa4-a97d-d965ccfc6d4b" outcome="Passed" testListId="8c84fa94-04c1-424b-9868-57a2d4851a1d" relativeResultsDirectory="26139ea3-1ce4-490a-bcc6-6da615e16895" />
    <UnitTestResult executionId="0e7b9b39-5e17-4e5e-949a-1f3dd88d2cf1" testId="e601fdc6-ac12-74c5-3a56-dd86d3390ab1" testName="MercadoBitcoin.Client.ComprehensiveTests.UniversalFilterTests.GetOrderBooksAsync_NoParams_ShouldReturnMultipleOrderBooks" computerName="ALIENWARE" duration="00:00:03.4032907" startTime="2025-12-24T18:43:05.5220447-03:00" endTime="2025-12-24T18:43:08.9256881-03:00" testType="13cdc9d9-ddb5-4fa4-a97d-d965ccfc6d4b" outcome="Passed" testListId="8c84fa94-04c1-424b-9868-57a2d4851a1d" relativeResultsDirectory="0e7b9b39-5e17-4e5e-949a-1f3dd88d2cf1">
      <Output>
        <StdOut>✅ Fetched 2 order books.</StdOut>
      </Output>
    </UnitTestResult>
    <UnitTestResult executionId="9dfbedde-37f9-4190-b005-9437cdac0fa0" testId="f93dbab1-5faa-9104-3ee2-4355aabb8431" testName="MercadoBitcoin.Client.ComprehensiveTests.ExhaustiveApiCoverageTests.Withdrawals_List_WithPagination_ShouldRespectPageSize" computerName="ALIENWARE" duration="00:00:00.9123695" startTime="2025-12-24T18:44:24.3645248-03:00" endTime="2025-12-24T18:44:25.2769092-03:00" testType="13cdc9d9-ddb5-4fa4-a97d-d965ccfc6d4b" outcome="Passed" testListId="8c84fa94-04c1-424b-9868-57a2d4851a1d" relativeResultsDirectory="9dfbedde-37f9-4190-b005-9437cdac0fa0">
      <Output>
        <StdOut>[INIT] Using Account ID: 45eb3fd89244f26e696801b09ef2faa3487da99dba6435180c9ae058f4ae6981&#xD;
[INIT] Time synchronized at 2025-12-24 21:44:25 UTC&#xD;
✅ Withdrawals (pageSize=5): 0 withdrawal(s)&#xD;
[CLEANUP] Client disposed at 21:44:25 UTC</StdOut>
      </Output>
    </UnitTestResult>
    <UnitTestResult executionId="5309ce41-e088-4566-b524-5ebba3a0e04d" testId="dc52c658-a18c-dbd1-e286-76f2ec040abd" testName="MercadoBitcoin.Client.ComprehensiveTests.PublicEndpointsTests.GetCandles_ShouldReturnValidCandles" computerName="ALIENWARE" duration="00:00:03.5658839" startTime="2025-12-24T18:43:28.2005964-03:00" endTime="2025-12-24T18:43:31.7666648-03:00" testType="13cdc9d9-ddb5-4fa4-a97d-d965ccfc6d4b" outcome="Passed" testListId="8c84fa94-04c1-424b-9868-57a2d4851a1d" relativeResultsDirectory="5309ce41-e088-4566-b524-5ebba3a0e04d" />
    <UnitTestResult executionId="3996ec93-5ccf-459a-9ef1-e9a9c898b043" testId="874e17fc-a79e-deec-c2a7-92c76fe76c07" testName="MercadoBitcoin.Client.ComprehensiveTests.ExhaustiveApiCoverageTests.Positions_SingleSymbol_ShouldReturnPosition" computerName="ALIENWARE" duration="00:00:00.6882482" startTime="2025-12-24T18:44:30.9336841-03:00" endTime="2025-12-24T18:44:31.6221586-03:00" testType="13cdc9d9-ddb5-4fa4-a97d-d965ccfc6d4b" outcome="Passed" testListId="8c84fa94-04c1-424b-9868-57a2d4851a1d" relativeResultsDirectory="3996ec93-5ccf-459a-9ef1-e9a9c898b043">
      <Output>
        <StdOut>[INIT] Using Account ID: 45eb3fd89244f26e696801b09ef2faa3487da99dba6435180c9ae058f4ae6981&#xD;
[INIT] Time synchronized at 2025-12-24 21:44:31 UTC&#xD;
✅ Positions (BTC-BRL): 0 position(s)&#xD;
[CLEANUP] Client disposed at 21:44:31 UTC</StdOut>
      </Output>
    </UnitTestResult>
    <UnitTestResult executionId="65949bce-728c-4cc3-b70f-2f620a0412b7" testId="c5a7baa4-acd4-dfb0-91b6-359071def4e0" testName="MercadoBitcoin.Client.ComprehensiveTests.ExhaustiveApiCoverageTests.Trades_WithTimeRange_ShouldFilterByTime" computerName="ALIENWARE" duration="00:00:01.1486597" startTime="2025-12-24T18:44:51.6633568-03:00" endTime="2025-12-24T18:44:52.8121997-03:00" testType="13cdc9d9-ddb5-4fa4-a97d-d965ccfc6d4b" outcome="Passed" testListId="8c84fa94-04c1-424b-9868-57a2d4851a1d" relativeResultsDirectory="65949bce-728c-4cc3-b70f-2f620a0412b7">
      <Output>
        <StdOut>[INIT] Using Account ID: 45eb3fd89244f26e696801b09ef2faa3487da99dba6435180c9ae058f4ae6981&#xD;
[INIT] Time synchronized at 2025-12-24 21:44:52 UTC&#xD;
✅ Trades (24h range): 1000 trades&#xD;
[CLEANUP] Client disposed at 21:44:52 UTC</StdOut>
      </Output>
    </UnitTestResult>
    <UnitTestResult executionId="51eae01b-c2b9-41f2-bde2-4a8813ef1d46" testId="c0ab61a1-4a51-c551-598c-43f156a972d2" testName="MercadoBitcoin.Client.ComprehensiveTests.PublicEndpointsTests.GetCandles_DifferentTimeframes_ShouldWork(timeframe: &quot;5m&quot;)" computerName="ALIENWARE" duration="00:00:05.0145369" startTime="2025-12-24T18:43:15.1004446-03:00" endTime="2025-12-24T18:43:20.1151862-03:00" testType="13cdc9d9-ddb5-4fa4-a97d-d965ccfc6d4b" outcome="Passed" testListId="8c84fa94-04c1-424b-9868-57a2d4851a1d" relativeResultsDirectory="51eae01b-c2b9-41f2-bde2-4a8813ef1d46" />
    <UnitTestResult executionId="429364a2-e6a4-4101-b254-096c804f7c10" testId="844639f7-7177-0b1d-59a5-df46a2a46260" testName="MercadoBitcoin.Client.ComprehensiveTests.ExhaustiveApiCoverageTests.Symbols_NoFilter_ShouldReturnAllSymbols" computerName="ALIENWARE" duration="00:00:00.7185607" startTime="2025-12-24T18:44:32.2007897-03:00" endTime="2025-12-24T18:44:32.9196950-03:00" testType="13cdc9d9-ddb5-4fa4-a97d-d965ccfc6d4b" outcome="Passed" testListId="8c84fa94-04c1-424b-9868-57a2d4851a1d" relativeResultsDirectory="429364a2-e6a4-4101-b254-096c804f7c10">
      <Output>
        <StdOut>[INIT] Using Account ID: 45eb3fd89244f26e696801b09ef2faa3487da99dba6435180c9ae058f4ae6981&#xD;
[INIT] Time synchronized at 2025-12-24 21:44:32 UTC&#xD;
✅ Symbols (no filter): 1172 symbols found&#xD;
[CLEANUP] Client disposed at 21:44:32 UTC</StdOut>
      </Output>
    </UnitTestResult>
    <UnitTestResult executionId="86bf98ad-c07e-4637-a453-c647d4914e96" testId="dae6a5ba-8ef5-2468-3df5-6d537052486d" testName="MercadoBitcoin.Client.ComprehensiveTests.FullCoverageTests.Private_Trading_Fees_ShouldWork" computerName="ALIENWARE" duration="00:00:05.1758932" startTime="2025-12-24T18:42:44.3434751-03:00" endTime="2025-12-24T18:42:49.4956442-03:00" testType="13cdc9d9-ddb5-4fa4-a97d-d965ccfc6d4b" outcome="Passed" testListId="8c84fa94-04c1-424b-9868-57a2d4851a1d" relativeResultsDirectory="86bf98ad-c07e-4637-a453-c647d4914e96" />
    <UnitTestResult executionId="d0a1950d-71ce-4a5d-8a21-a5a97b543d5a" testId="abe2d492-976e-c4e3-e3d5-6b4a9ba8df5e" testName="MercadoBitcoin.Client.ComprehensiveTests.PrivateEndpointsTests.GetWithdrawBankAccounts_ShouldReturnAccounts" computerName="ALIENWARE" duration="00:00:04.7828753" startTime="2025-12-24T18:42:51.1886460-03:00" endTime="2025-12-24T18:42:55.9718928-03:00" testType="13cdc9d9-ddb5-4fa4-a97d-d965ccfc6d4b" outcome="Passed" testListId="8c84fa94-04c1-424b-9868-57a2d4851a1d" relativeResultsDirectory="d0a1950d-71ce-4a5d-8a21-a5a97b543d5a" />
    <UnitTestResult executionId="0d816a89-536c-4eab-b3bb-6cbbf9fb699f" testId="d920f954-18d9-983b-f46e-368265bc5186" testName="MercadoBitcoin.Client.ComprehensiveTests.AllRoutesIntegrationTests.Private_Fills_ShouldReturnExecutedTrades" computerName="ALIENWARE" duration="00:00:00.8576699" startTime="2025-12-24T18:44:52.8125025-03:00" endTime="2025-12-24T18:44:53.6704858-03:00" testType="13cdc9d9-ddb5-4fa4-a97d-d965ccfc6d4b" outcome="Passed" testListId="8c84fa94-04c1-424b-9868-57a2d4851a1d" relativeResultsDirectory="0d816a89-536c-4eab-b3bb-6cbbf9fb699f">
      <Output>
        <StdOut>DEBUG: API Key found: True&#xD;
DEBUG: API Secret found: True&#xD;
✅ [INIT] Time synchronized. Timestamp: 1766612693&#xD;
✅ [INIT] Account ID: 45eb3fd89244f26e696801b09ef2faa3487da99dba6435180c9ae058f4ae6981&#xD;
✅ Found 5 fills (executed trades) for BTC-BRL</StdOut>
      </Output>
    </UnitTestResult>
    <UnitTestResult executionId="736fbcfc-1d03-4060-a497-b819d261df19" testId="9bb341e9-af28-f11b-6152-4e23df1d8eb3" testName="MercadoBitcoin.Client.ComprehensiveTests.ErrorHandlingTests.GetOrderbook_WithInvalidSymbol_ShouldHandleError" computerName="ALIENWARE" duration="00:00:04.3107721" startTime="2025-12-24T18:42:48.6119451-03:00" endTime="2025-12-24T18:42:52.9230271-03:00" testType="13cdc9d9-ddb5-4fa4-a97d-d965ccfc6d4b" outcome="Passed" testListId="8c84fa94-04c1-424b-9868-57a2d4851a1d" relativeResultsDirectory="736fbcfc-1d03-4060-a497-b819d261df19" />
    <UnitTestResult executionId="614a1bfa-473b-4547-afc9-942c2539d27f" testId="75a462eb-6ba2-4750-fffa-220d6d649977" testName="MercadoBitcoin.Client.ComprehensiveTests.AllRoutesIntegrationTests.BeastMode_Http2Multiplexing_ShouldExecuteSimultaneously" computerName="ALIENWARE" duration="00:00:00.9117590" startTime="2025-12-24T18:44:53.6706509-03:00" endTime="2025-12-24T18:44:54.5827644-03:00" testType="13cdc9d9-ddb5-4fa4-a97d-d965ccfc6d4b" outcome="Passed" testListId="8c84fa94-04c1-424b-9868-57a2d4851a1d" relativeResultsDirectory="614a1bfa-473b-4547-afc9-942c2539d27f">
      <Output>
        <StdOut>DEBUG: API Key found: True&#xD;
DEBUG: API Secret found: True&#xD;
✅ [INIT] Time synchronized. Timestamp: 1766612694&#xD;
✅ [INIT] Account ID: 45eb3fd89244f26e696801b09ef2faa3487da99dba6435180c9ae058f4ae6981&#xD;
✅ HTTP/2 Batch execution: 226ms for 3 requests</StdOut>
      </Output>
    </UnitTestResult>
    <UnitTestResult executionId="a6160d6f-0cf7-4eae-aa1f-150cd5c184a8" testId="c49e13e5-b143-3b48-c6f0-b16bc4e65fb8" testName="MercadoBitcoin.Client.ComprehensiveTests.PrivateEndpointsTests.GetWithdrawals_ShouldReturnWithdrawalHistory" computerName="ALIENWARE" duration="00:00:01.9006981" startTime="2025-12-24T18:43:31.0423408-03:00" endTime="2025-12-24T18:43:32.9431997-03:00" testType="13cdc9d9-ddb5-4fa4-a97d-d965ccfc6d4b" outcome="Passed" testListId="8c84fa94-04c1-424b-9868-57a2d4851a1d" relativeResultsDirectory="a6160d6f-0cf7-4eae-aa1f-150cd5c184a8" />
    <UnitTestResult executionId="baf0cf15-1d0a-4fa6-9f11-bef695f2ac59" testId="4be3311c-cd14-aabe-89f1-fb06de8bd618" testName="MercadoBitcoin.Client.ComprehensiveTests.ExhaustiveApiCoverageTests.Symbols_WithMultipleFilters_ShouldReturnMultiple" computerName="ALIENWARE" duration="00:00:00.6461634" startTime="2025-12-24T18:44:49.4273475-03:00" endTime="2025-12-24T18:44:50.0739954-03:00" testType="13cdc9d9-ddb5-4fa4-a97d-d965ccfc6d4b" outcome="Passed" testListId="8c84fa94-04c1-424b-9868-57a2d4851a1d" relativeResultsDirectory="baf0cf15-1d0a-4fa6-9f11-bef695f2ac59">
      <Output>
        <StdOut>[INIT] Using Account ID: 45eb3fd89244f26e696801b09ef2faa3487da99dba6435180c9ae058f4ae6981&#xD;
[INIT] Time synchronized at 2025-12-24 21:44:49 UTC&#xD;
✅ Symbols (multiple filters): 3 symbols&#xD;
[CLEANUP] Client disposed at 21:44:50 UTC</StdOut>
      </Output>
    </UnitTestResult>
    <UnitTestResult executionId="c998510c-b7f3-41f6-8152-06e8e348a145" testId="26fcb8ea-5349-e843-2ec2-58e1b68cfc01" testName="MercadoBitcoin.Client.ComprehensiveTests.RetryAndCircuitBreakerTests.CircuitBreaker_Opens_After_Consecutive_Failures" computerName="ALIENWARE" duration="00:00:00.0591778" startTime="2025-12-24T18:42:44.3588394-03:00" endTime="2025-12-24T18:42:44.4011439-03:00" testType="13cdc9d9-ddb5-4fa4-a97d-d965ccfc6d4b" outcome="Passed" testListId="8c84fa94-04c1-424b-9868-57a2d4851a1d" relativeResultsDirectory="c998510c-b7f3-41f6-8152-06e8e348a145" />
    <UnitTestResult executionId="3ee55f2e-77dd-4991-900a-53cb1ee09bb1" testId="d59292e6-55d3-2e3f-d7f0-8caff5adfa07" testName="MercadoBitcoin.Client.ComprehensiveTests.ExhaustiveApiCoverageTests.Candles_MultipleSymbols_ShouldAggregateResults" computerName="ALIENWARE" duration="00:00:00.7378819" startTime="2025-12-24T18:44:30.1955900-03:00" endTime="2025-12-24T18:44:30.9336087-03:00" testType="13cdc9d9-ddb5-4fa4-a97d-d965ccfc6d4b" outcome="Passed" testListId="8c84fa94-04c1-424b-9868-57a2d4851a1d" relativeResultsDirectory="3ee55f2e-77dd-4991-900a-53cb1ee09bb1">
      <Output>
        <StdOut>[INIT] Using Account ID: 45eb3fd89244f26e696801b09ef2faa3487da99dba6435180c9ae058f4ae6981&#xD;
[INIT] Time synchronized at 2025-12-24 21:44:30 UTC&#xD;
✅ Candles (multi-symbol): 10 candles aggregated&#xD;
[CLEANUP] Client disposed at 21:44:30 UTC</StdOut>
      </Output>
    </UnitTestResult>
    <UnitTestResult executionId="5c5c33c4-4a47-42e8-806c-8b9e6f2d788d" testId="24d3409b-075e-1f40-6554-69c1fa564904" testName="MercadoBitcoin.Client.ComprehensiveTests.FullCoverageTests.Private_GetDepositAddresses_ShouldWork" computerName="ALIENWARE" duration="00:00:02.0534564" startTime="2025-12-24T18:43:42.9307696-03:00" endTime="2025-12-24T18:43:44.9843580-03:00" testType="13cdc9d9-ddb5-4fa4-a97d-d965ccfc6d4b" outcome="Passed" testListId="8c84fa94-04c1-424b-9868-57a2d4851a1d" relativeResultsDirectory="5c5c33c4-4a47-42e8-806c-8b9e6f2d788d" />
    <UnitTestResult executionId="b2b95cb4-feea-44d9-8f1b-ee9ed0e8c7f4" testId="9e31a085-28c9-5346-5cdb-cf39e7e9e597" testName="MercadoBitcoin.Client.ComprehensiveTests.ErrorHandlingTests.PrivateEndpoints_WithInvalidCredentials_ShouldHandleAuthError" computerName="ALIENWARE" duration="00:00:04.2245753" startTime="2025-12-24T18:42:44.3867367-03:00" endTime="2025-12-24T18:42:48.6116843-03:00" testType="13cdc9d9-ddb5-4fa4-a97d-d965ccfc6d4b" outcome="Passed" testListId="8c84fa94-04c1-424b-9868-57a2d4851a1d" relativeResultsDirectory="b2b95cb4-feea-44d9-8f1b-ee9ed0e8c7f4" />
    <UnitTestResult executionId="27231646-42ed-4655-911e-c1a7b7b7afe2" testId="92d3058b-2748-5a76-3369-87a6593abf84" testName="MercadoBitcoin.Client.ComprehensiveTests.PublicEndpointsTests.GetCandles_DifferentTimeframes_ShouldWork(timeframe: &quot;4h&quot;)" computerName="ALIENWARE" duration="00:00:04.8362096" startTime="2025-12-24T18:42:44.3435062-03:00" endTime="2025-12-24T18:42:49.1558519-03:00" testType="13cdc9d9-ddb5-4fa4-a97d-d965ccfc6d4b" outcome="Passed" testListId="8c84fa94-04c1-424b-9868-57a2d4851a1d" relativeResultsDirectory="27231646-42ed-4655-911e-c1a7b7b7afe2" />
    <UnitTestResult executionId="edb260cf-92af-4a1e-a079-ee11389e44d8" testId="9908fe65-d583-d1cb-42ef-a2c0e47f51fe" testName="MercadoBitcoin.Client.ComprehensiveTests.SerializationValidationTests.ValidateJsonNamingPolicy_ShouldUseSnakeCase" computerName="ALIENWARE" duration="00:00:04.0858422" startTime="2025-12-24T18:43:13.6153280-03:00" endTime="2025-12-24T18:43:17.7011271-03:00" testType="13cdc9d9-ddb5-4fa4-a97d-d965ccfc6d4b" outcome="Passed" testListId="8c84fa94-04c1-424b-9868-57a2d4851a1d" relativeResultsDirectory="edb260cf-92af-4a1e-a079-ee11389e44d8" />
    <UnitTestResult executionId="3aae47e3-ac73-475e-a7c6-217ea5299835" testId="a147118a-46da-c543-9193-d73ee7385809" testName="MercadoBitcoin.Client.ComprehensiveTests.SerializationValidationTests.ValidateOrderSerialization_ShouldRoundTrip" computerName="ALIENWARE" duration="00:00:06.0423308" startTime="2025-12-24T18:42:59.7824590-03:00" endTime="2025-12-24T18:43:05.8252138-03:00" testType="13cdc9d9-ddb5-4fa4-a97d-d965ccfc6d4b" outcome="Passed" testListId="8c84fa94-04c1-424b-9868-57a2d4851a1d" relativeResultsDirectory="3aae47e3-ac73-475e-a7c6-217ea5299835" />
    <UnitTestResult executionId="a95b2dde-b92b-40eb-b6ee-5ae0c3bc27f3" testId="ac703200-acc0-16e2-36e2-5adb7eb3d901" testName="MercadoBitcoin.Client.ComprehensiveTests.UniversalFilterTests.GetSymbolsAsync_NoParams_ShouldReturnAllSymbols" computerName="ALIENWARE" duration="00:00:03.8934473" startTime="2025-12-24T18:42:51.4349683-03:00" endTime="2025-12-24T18:42:55.3286431-03:00" testType="13cdc9d9-ddb5-4fa4-a97d-d965ccfc6d4b" outcome="Passed" testListId="8c84fa94-04c1-424b-9868-57a2d4851a1d" relativeResultsDirectory="a95b2dde-b92b-40eb-b6ee-5ae0c3bc27f3">
      <Output>
        <StdOut>✅ Fetched 1172 symbols.</StdOut>
      </Output>
    </UnitTestResult>
    <UnitTestResult executionId="541c6b94-8d71-4994-a241-1e84fa0111d9" testId="77876197-5ea5-2022-ece8-6329f8e343ed" testName="MercadoBitcoin.Client.ComprehensiveTests.AuthenticationDiagnosticTest.DiagnoseAuthentication_StepByStep" computerName="ALIENWARE" duration="00:00:06.3092395" startTime="2025-12-24T18:42:44.3432924-03:00" endTime="2025-12-24T18:42:50.6313800-03:00" testType="13cdc9d9-ddb5-4fa4-a97d-d965ccfc6d4b" outcome="Passed" testListId="8c84fa94-04c1-424b-9868-57a2d4851a1d" relativeResultsDirectory="541c6b94-8d71-4994-a241-1e84fa0111d9" />
    <UnitTestResult executionId="08b00e96-bdbb-484d-bceb-d4f6802f65c9" testId="9bf89c16-04ea-7d54-c1b0-86d2c0580a40" testName="MercadoBitcoin.Client.ComprehensiveTests.ExhaustiveApiCoverageTests.Symbols_WithSingleFilter_ShouldReturnFiltered" computerName="ALIENWARE" duration="00:00:00.6547391" startTime="2025-12-24T18:44:17.8456733-03:00" endTime="2025-12-24T18:44:18.5005730-03:00" testType="13cdc9d9-ddb5-4fa4-a97d-d965ccfc6d4b" outcome="Passed" testListId="8c84fa94-04c1-424b-9868-57a2d4851a1d" relativeResultsDirectory="08b00e96-bdbb-484d-bceb-d4f6802f65c9">
      <Output>
        <StdOut>[INIT] Using Account ID: 45eb3fd89244f26e696801b09ef2faa3487da99dba6435180c9ae058f4ae6981&#xD;
[INIT] Time synchronized at 2025-12-24 21:44:18 UTC&#xD;
✅ Symbols (BTC-BRL filter): 1 symbol(s)&#xD;
[CLEANUP] Client disposed at 21:44:18 UTC</StdOut>
      </Output>
    </UnitTestResult>
    <UnitTestResult executionId="2207fa3e-844b-4811-bdf0-0980ee3463f3" testId="689b3e33-b3af-7a80-a177-b949b0e9d34b" testName="MercadoBitcoin.Client.ComprehensiveTests.DebugTests.DebugSymbols" computerName="ALIENWARE" duration="00:00:00.2285116" startTime="2025-12-24T18:42:44.6245401-03:00" endTime="2025-12-24T18:42:44.8482316-03:00" testType="13cdc9d9-ddb5-4fa4-a97d-d965ccfc6d4b" outcome="Passed" testListId="8c84fa94-04c1-424b-9868-57a2d4851a1d" relativeResultsDirectory="2207fa3e-844b-4811-bdf0-0980ee3463f3" />
    <UnitTestResult executionId="2847a406-42a0-4d50-89e6-7744fc91f0de" testId="174fcb4f-49b5-a34a-282d-814c3a0eb267" testName="Async pagination of crypto deposits returns items and respects cancellation" computerName="ALIENWARE" duration="00:00:03.2839754" startTime="2025-12-24T18:42:44.3434436-03:00" endTime="2025-12-24T18:42:47.6036688-03:00" testType="13cdc9d9-ddb5-4fa4-a97d-d965ccfc6d4b" outcome="Passed" testListId="8c84fa94-04c1-424b-9868-57a2d4851a1d" relativeResultsDirectory="2847a406-42a0-4d50-89e6-7744fc91f0de" />
    <UnitTestResult executionId="910bf88f-257c-4bb3-8446-3d79427f7fa4" testId="d5ce112e-ba5b-9033-a2e7-b514fbc5d993" testName="MercadoBitcoin.Client.ComprehensiveTests.FullCoverageTests.Public_GetTickers_Plural_ShouldWork" computerName="ALIENWARE" duration="00:00:02.5612818" startTime="2025-12-24T18:43:19.4498369-03:00" endTime="2025-12-24T18:43:22.0111113-03:00" testType="13cdc9d9-ddb5-4fa4-a97d-d965ccfc6d4b" outcome="Passed" testListId="8c84fa94-04c1-424b-9868-57a2d4851a1d" relativeResultsDirectory="910bf88f-257c-4bb3-8446-3d79427f7fa4" />
    <UnitTestResult executionId="5367297e-fa1f-4d5e-a4b6-b5de5279601a" testId="bc1c3b8e-f255-feb4-475a-b51bc80bfb31" testName="MercadoBitcoin.Client.ComprehensiveTests.ExhaustiveApiCoverageTests.Deposits_Crypto_WithPagination_ShouldRespectLimit" computerName="ALIENWARE" duration="00:00:00.5785355" startTime="2025-12-24T18:44:31.6222266-03:00" endTime="2025-12-24T18:44:32.2007095-03:00" testType="13cdc9d9-ddb5-4fa4-a97d-d965ccfc6d4b" outcome="Passed" testListId="8c84fa94-04c1-424b-9868-57a2d4851a1d" relativeResultsDirectory="5367297e-fa1f-4d5e-a4b6-b5de5279601a">
      <Output>
        <StdOut>[INIT] Using Account ID: 45eb3fd89244f26e696801b09ef2faa3487da99dba6435180c9ae058f4ae6981&#xD;
[INIT] Time synchronized at 2025-12-24 21:44:32 UTC&#xD;
✅ Crypto Deposits (limit=5): 0 deposit(s)&#xD;
[CLEANUP] Client disposed at 21:44:32 UTC</StdOut>
      </Output>
    </UnitTestResult>
    <UnitTestResult executionId="64899f00-e4d3-433d-bde2-3d91b1864708" testId="62e31409-6fd4-ca24-9622-a722284e59a7" testName="MercadoBitcoin.Client.ComprehensiveTests.StressTests.REST_HighConcurrency_GetTicker_ShouldHandleLoad" computerName="ALIENWARE" duration="00:00:01.2022589" startTime="2025-12-24T18:43:39.2209826-03:00" endTime="2025-12-24T18:43:40.4233620-03:00" testType="13cdc9d9-ddb5-4fa4-a97d-d965ccfc6d4b" outcome="Passed" testListId="8c84fa94-04c1-424b-9868-57a2d4851a1d" relativeResultsDirectory="64899f00-e4d3-433d-bde2-3d91b1864708">
      <Output>
        <StdOut>✅ 50 concurrent GetTicker calls in 218ms&#xD;
   Avg time per request: 4,36ms</StdOut>
      </Output>
    </UnitTestResult>
    <UnitTestResult executionId="7eb35809-b41c-424c-b1ce-88a9c4c26337" testId="568be6ff-b55b-e4dc-9a41-70f8486d918f" testName="MercadoBitcoin.Client.ComprehensiveTests.TradingOperationsTests.PlaceOrder_InvalidQuantity_ShouldFail" computerName="ALIENWARE" duration="00:00:03.5974492" startTime="2025-12-24T18:43:13.0586736-03:00" endTime="2025-12-24T18:43:16.6562528-03:00" testType="13cdc9d9-ddb5-4fa4-a97d-d965ccfc6d4b" outcome="Passed" testListId="8c84fa94-04c1-424b-9868-57a2d4851a1d" relativeResultsDirectory="7eb35809-b41c-424c-b1ce-88a9c4c26337">
      <Output>
        <StdOut>[DEBUG] Loaded Account ID: '45eb3fd89244f26e696801b09ef2faa3487da99dba6435180c9ae058f4ae6981'&#xD;
[INIT] Trading tests initialized for account 45eb3fd89244f26e696801b09ef2faa3487da99dba6435180c9ae058f4ae6981&#xD;
✅ Expected validation error: API Error: The minimum or maximum cost has been exceeded.&#xD;
[CLEANUP] Trading tests completed</StdOut>
      </Output>
    </UnitTestResult>
    <UnitTestResult executionId="1ed5d7fc-36a8-4e9f-97e8-5f7f1e89b40b" testId="03030ede-84ea-8f06-3bf9-a4af4e61cc2f" testName="MercadoBitcoin.Client.ComprehensiveTests.WebSocketStreamingTests.SubscribeOrderBookAsync_WithBTCBRL_ReceivesOrderBookMessages" computerName="ALIENWARE" duration="00:00:00.5702349" startTime="2025-12-24T18:43:37.2370769-03:00" endTime="2025-12-24T18:43:38.1259510-03:00" testType="13cdc9d9-ddb5-4fa4-a97d-d965ccfc6d4b" outcome="Passed" testListId="8c84fa94-04c1-424b-9868-57a2d4851a1d" relativeResultsDirectory="1ed5d7fc-36a8-4e9f-97e8-5f7f1e89b40b">
      <Output>
        <StdOut>[Debug] Connection state changed: Disconnected -&gt; Connecting&#xD;
[Information] Connecting to WebSocket server at wss://ws.mercadobitcoin.net/ws&#xD;
[Debug] Connection state changed: Connecting -&gt; Connected&#xD;
[Information] Successfully connected to WebSocket server&#xD;
[Information] Subscribed to orderbook for BRLBTC&#xD;
[Debug] Received WebSocket Message: {"id":"BRLBTC","name":"orderbook","limit":10}&#xD;
[Debug] Subscription confirmed: orderbook for BRLBTC&#xD;
[Debug] Received WebSocket Message: {"type":"orderbook","id":"BRLBTC","ts":1766612618550160554,"limit":10,"data":{"asks":[[486289,0.02099086],[486340,0.0830785],[486341,0.02313],[486347,0.1541],[486369,0.0513],[486429,0.10792],[486430,0.00999],[486439,0.00999],[486452,0.00999],[486458,0.00249]],"bids":[[485785,0.02196124],[485687,0.03526489],[485686,0.0857],[485684,0.04117491],[485573,0.049],[485272,0.03137064],[485271,0.63525],[485270,0.00011581],[484975,0.0785592],[484974,0.00541196]],"timestamp":1766612618546831571}}&#xD;
Received orderbook: BRLBTC - Asks: 10, Bids: 10&#xD;
[Debug] Received WebSocket Message: {"type":"orderbook","id":"BRLBTC","ts":1766612618708352348,"limit":10,"data":{"asks":[[486289,0.02099086],[486340,0.0830785],[486341,0.02313],[486347,0.1541],[486369,0.0513],[486429,0.10792],[486430,0.00999],[486439,0.00999],[486452,0.00999],[486458,0.00332]],"bids":[[485785,0.02196124],[485687,0.03526489],[485686,0.0857],[485684,0.04117491],[485573,0.049],[485272,0.03137064],[485271,0.63525],[485270,0.00011581],[484975,0.0785592],[484974,0.00541196]],"timestamp":1766612618705265445}}&#xD;
Received orderbook: BRLBTC - Asks: 10, Bids: 10&#xD;
[Debug] Received WebSocket Message: {"type":"orderbook","id":"BRLBTC","ts":1766612618770216314,"limit":10,"data":{"asks":[[486289,0.02099086],[486340,0.0830785],[486341,0.02313],[486347,0.1541],[486369,0.0513],[486429,0.10792],[486430,0.00999],[486439,0.00999],[486452,0.00999],[486458,0.00332]],"bids":[[485785,0.02196124],[485687,0.03526489],[485686,0.0857],[485684,0.04117491],[485573,0.049],[485272,0.03137064],[485271,0.63525],[485270,0.00011581],[484975,0.0785592],[484946,0.1542]],"timestamp":1766612618766961055}}&#xD;
Received orderbook: BRLBTC - Asks: 10, Bids: 10&#xD;
[Debug] Connection state changed: Connected -&gt; Closed</StdOut>
      </Output>
    </UnitTestResult>
    <UnitTestResult executionId="d4848b60-29fb-4fb4-b185-aed312ea46b7" testId="edaf0484-b0ac-d20e-83ff-9f78e004d696" testName="MercadoBitcoin.Client.ComprehensiveTests.PublicEndpointsTests.GetTrades_ShouldReturnValidTrades" computerName="ALIENWARE" duration="00:00:02.5739238" startTime="2025-12-24T18:43:36.1499821-03:00" endTime="2025-12-24T18:43:38.7240692-03:00" testType="13cdc9d9-ddb5-4fa4-a97d-d965ccfc6d4b" outcome="Passed" testListId="8c84fa94-04c1-424b-9868-57a2d4851a1d" relativeResultsDirectory="d4848b60-29fb-4fb4-b185-aed312ea46b7" />
    <UnitTestResult executionId="aaf6b4ed-a19f-4139-b70f-97f239614420" testId="b00754a3-de3e-56f4-e2db-b56d82ae12cc" testName="MercadoBitcoin.Client.ComprehensiveTests.WebSocketStreamingTests.SubscribeTradesAsync_WithBTCBRL_ReceivesTradeMessages" computerName="ALIENWARE" duration="00:00:05.2622707" startTime="2025-12-24T18:42:44.3435149-03:00" endTime="2025-12-24T18:42:50.0068589-03:00" testType="13cdc9d9-ddb5-4fa4-a97d-d965ccfc6d4b" outcome="Passed" testListId="8c84fa94-04c1-424b-9868-57a2d4851a1d" relativeResultsDirectory="aaf6b4ed-a19f-4139-b70f-97f239614420">
      <Output>
        <StdOut>[Debug] Connection state changed: Disconnected -&gt; Connecting&#xD;
[Information] Connecting to WebSocket server at wss://ws.mercadobitcoin.net/ws&#xD;
[Debug] Connection state changed: Connecting -&gt; Connected&#xD;
[Information] Successfully connected to WebSocket server&#xD;
[Information] Subscribed to trade for BRLBTC&#xD;
[Debug] Received WebSocket Message: {"id":"BRLBTC","name":"trade"}&#xD;
[Debug] Subscription confirmed: trade for BRLBTC&#xD;
[Debug] Received WebSocket Message: {"type":"trade","id":"BRLBTC","ts":1766612570639047542,"data":{"tid":21426790,"date":1766612570,"type":"buy","price":486215,"amount":0.00303691}}&#xD;
Received trade: BRLBTC - Price: 486215, Amount: 0,00303691, Type: trade&#xD;
[Debug] Connection state changed: Connected -&gt; Closed</StdOut>
      </Output>
    </UnitTestResult>
    <UnitTestResult executionId="008f66d4-96d7-48d5-b767-1778ab722cc5" testId="bb170a09-5fac-d20c-df9a-c8b675a2206c" testName="MercadoBitcoin.Client.ComprehensiveTests.ExhaustiveApiCoverageTests.Deposits_Fiat_ShouldReturnFiatHistory" computerName="ALIENWARE" duration="00:00:00.8165226" startTime="2025-12-24T18:44:36.1241382-03:00" endTime="2025-12-24T18:44:36.9408070-03:00" testType="13cdc9d9-ddb5-4fa4-a97d-d965ccfc6d4b" outcome="Passed" testListId="8c84fa94-04c1-424b-9868-57a2d4851a1d" relativeResultsDirectory="008f66d4-96d7-48d5-b767-1778ab722cc5">
      <Output>
        <StdOut>[INIT] Using Account ID: 45eb3fd89244f26e696801b09ef2faa3487da99dba6435180c9ae058f4ae6981&#xD;
[INIT] Time synchronized at 2025-12-24 21:44:36 UTC&#xD;
✅ Fiat Deposits (BRL): 10 deposit(s)&#xD;
[CLEANUP] Client disposed at 21:44:36 UTC</StdOut>
      </Output>
    </UnitTestResult>
    <UnitTestResult executionId="e7994eae-6319-473b-892f-d82028831fe3" testId="aaa38e5a-8681-8f6e-5e72-4d14709d2837" testName="MercadoBitcoin.Client.ComprehensiveTests.StreamingTests.StreamTradesAsync_ShouldReturnTrades" computerName="ALIENWARE" duration="00:00:03.4595068" startTime="2025-12-24T18:42:44.3434876-03:00" endTime="2025-12-24T18:42:47.7792244-03:00" testType="13cdc9d9-ddb5-4fa4-a97d-d965ccfc6d4b" outcome="Passed" testListId="8c84fa94-04c1-424b-9868-57a2d4851a1d" relativeResultsDirectory="e7994eae-6319-473b-892f-d82028831fe3">
      <Output>
        <StdOut>✅ Streamed 150 trades</StdOut>
      </Output>
    </UnitTestResult>
    <UnitTestResult executionId="73e442dd-13be-45da-aa85-0e8e137486be" testId="21f8bb95-5d79-e559-9d39-84de9c3c85c1" testName="MercadoBitcoin.Client.ComprehensiveTests.FullCoverageTests.Trading_PlaceAndCancel_BuyAndSell_ShouldWork" computerName="ALIENWARE" duration="00:00:02.3274320" startTime="2025-12-24T18:43:31.7938289-03:00" endTime="2025-12-24T18:43:34.1214632-03:00" testType="13cdc9d9-ddb5-4fa4-a97d-d965ccfc6d4b" outcome="Passed" testListId="8c84fa94-04c1-424b-9868-57a2d4851a1d" relativeResultsDirectory="73e442dd-13be-45da-aa85-0e8e137486be" />
    <UnitTestResult executionId="a3ac3d43-e5ea-474d-ba32-6fef91b685b6" testId="336ed0ca-89be-a021-419b-b9b2bbee0995" testName="MercadoBitcoin.Client.ComprehensiveTests.ExhaustiveApiCoverageTests.Candles_WithCountback_ShouldReturnLastN" computerName="ALIENWARE" duration="00:00:00.8956492" startTime="2025-12-24T18:44:43.9299546-03:00" endTime="2025-12-24T18:44:44.8258381-03:00" testType="13cdc9d9-ddb5-4fa4-a97d-d965ccfc6d4b" outcome="Passed" testListId="8c84fa94-04c1-424b-9868-57a2d4851a1d" relativeResultsDirectory="a3ac3d43-e5ea-474d-ba32-6fef91b685b6">
      <Output>
        <StdOut>[INIT] Using Account ID: 45eb3fd89244f26e696801b09ef2faa3487da99dba6435180c9ae058f4ae6981&#xD;
[INIT] Time synchronized at 2025-12-24 21:44:44 UTC&#xD;
✅ Candles (countback=10): 10 candles returned&#xD;
[CLEANUP] Client disposed at 21:44:44 UTC</StdOut>
      </Output>
    </UnitTestResult>
    <UnitTestResult executionId="cbdd22f0-2503-4f9b-8766-543f99fc0746" testId="d5dc90ee-dd05-d54a-af71-66fea2d4b7ca" testName="MercadoBitcoin.Client.ComprehensiveTests.SerializationValidationTests.ValidateSymbolInfoSerialization_ShouldRoundTrip" computerName="ALIENWARE" duration="00:00:04.8915638" startTime="2025-12-24T18:42:47.2533280-03:00" endTime="2025-12-24T18:42:52.1450168-03:00" testType="13cdc9d9-ddb5-4fa4-a97d-d965ccfc6d4b" outcome="Passed" testListId="8c84fa94-04c1-424b-9868-57a2d4851a1d" relativeResultsDirectory="cbdd22f0-2503-4f9b-8766-543f99fc0746" />
    <UnitTestResult executionId="218f8ac5-cf57-41fc-b2fa-19da585bc5c8" testId="20a378dc-b85c-8f54-5e40-27350cbb92dc" testName="MercadoBitcoin.Client.ComprehensiveTests.UniversalFilterTests.GetCandlesAsync_NoParams_ShouldReturnCandlesForMultipleSymbols" computerName="ALIENWARE" duration="00:00:04.2198741" startTime="2025-12-24T18:42:55.3287977-03:00" endTime="2025-12-24T18:42:59.5490477-03:00" testType="13cdc9d9-ddb5-4fa4-a97d-d965ccfc6d4b" outcome="Passed" testListId="8c84fa94-04c1-424b-9868-57a2d4851a1d" relativeResultsDirectory="218f8ac5-cf57-41fc-b2fa-19da585bc5c8">
      <Output>
        <StdOut>✅ Fetched candles for 2 symbols.</StdOut>
      </Output>
    </UnitTestResult>
    <UnitTestResult executionId="f8b454ad-573a-4e30-818f-b9337de17b1c" testId="f908b880-2f8c-d520-a58d-cdb8c0dd018e" testName="MercadoBitcoin.Client.ComprehensiveTests.ExhaustiveApiCoverageTests.AssetFees_WithNetwork_ShouldReturnNetworkFee" computerName="ALIENWARE" duration="00:00:00.9361230" startTime="2025-12-24T18:44:19.8002705-03:00" endTime="2025-12-24T18:44:20.7369256-03:00" testType="13cdc9d9-ddb5-4fa4-a97d-d965ccfc6d4b" outcome="Passed" testListId="8c84fa94-04c1-424b-9868-57a2d4851a1d" relativeResultsDirectory="f8b454ad-573a-4e30-818f-b9337de17b1c">
      <Output>
        <StdOut>[INIT] Using Account ID: 45eb3fd89244f26e696801b09ef2faa3487da99dba6435180c9ae058f4ae6981&#xD;
[INIT] Time synchronized at 2025-12-24 21:44:20 UTC&#xD;
✅ Asset Fees (BTC-bitcoin): 0.00016&#xD;
[CLEANUP] Client disposed at 21:44:20 UTC</StdOut>
      </Output>
    </UnitTestResult>
    <UnitTestResult executionId="9a09b963-1562-41f6-88d3-7b1bc2685392" testId="17a8ec02-75a7-7653-cb31-a56564a3377e" testName="MercadoBitcoin.Client.ComprehensiveTests.PublicEndpointsTests.GetCandles_DifferentTimeframes_ShouldWork(timeframe: &quot;1h&quot;)" computerName="ALIENWARE" duration="00:00:05.1398338" startTime="2025-12-24T18:43:04.4549289-03:00" endTime="2025-12-24T18:43:09.5950825-03:00" testType="13cdc9d9-ddb5-4fa4-a97d-d965ccfc6d4b" outcome="Passed" testListId="8c84fa94-04c1-424b-9868-57a2d4851a1d" relativeResultsDirectory="9a09b963-1562-41f6-88d3-7b1bc2685392" />
    <UnitTestResult executionId="3a363697-bd4e-451c-8ff9-035d0a00d481" testId="34d20ff5-aeeb-0fad-3910-76cbcccd2dae" testName="MercadoBitcoin.Client.ComprehensiveTests.PrivateEndpointsTests.GetPositions_ShouldReturnValidPositions" computerName="ALIENWARE" duration="00:00:05.1879951" startTime="2025-12-24T18:43:17.4230736-03:00" endTime="2025-12-24T18:43:22.6113760-03:00" testType="13cdc9d9-ddb5-4fa4-a97d-d965ccfc6d4b" outcome="Passed" testListId="8c84fa94-04c1-424b-9868-57a2d4851a1d" relativeResultsDirectory="3a363697-bd4e-451c-8ff9-035d0a00d481" />
    <UnitTestResult executionId="e96d66f7-3105-40ac-9d93-fa1d21bf11b6" testId="a9c2d07f-ee5f-a462-76ee-60e803c34048" testName="MercadoBitcoin.Client.ComprehensiveTests.AllRoutesIntegrationTests.Public_RecentCandles_ShouldReturnCandles" computerName="ALIENWARE" duration="00:00:01.3558202" startTime="2025-12-24T18:45:01.7864427-03:00" endTime="2025-12-24T18:45:03.1423782-03:00" testType="13cdc9d9-ddb5-4fa4-a97d-d965ccfc6d4b" outcome="Passed" testListId="8c84fa94-04c1-424b-9868-57a2d4851a1d" relativeResultsDirectory="e96d66f7-3105-40ac-9d93-fa1d21bf11b6">
      <Output>
        <StdOut>DEBUG: API Key found: True&#xD;
DEBUG: API Secret found: True&#xD;
✅ [INIT] Time synchronized. Timestamp: 1766612702&#xD;
✅ [INIT] Account ID: 45eb3fd89244f26e696801b09ef2faa3487da99dba6435180c9ae058f4ae6981&#xD;
✅ Recent Candles: 24 entries</StdOut>
      </Output>
    </UnitTestResult>
    <UnitTestResult executionId="b61b55c4-8933-4b20-a125-21911d373cbe" testId="3f6c734a-9aef-19cd-f3e4-aac215dfa033" testName="MercadoBitcoin.Client.ComprehensiveTests.PrivateEndpointsTests.GetAccounts_ShouldReturnValidAccounts" computerName="ALIENWARE" duration="00:00:06.2528316" startTime="2025-12-24T18:43:01.4899875-03:00" endTime="2025-12-24T18:43:07.7429840-03:00" testType="13cdc9d9-ddb5-4fa4-a97d-d965ccfc6d4b" outcome="Passed" testListId="8c84fa94-04c1-424b-9868-57a2d4851a1d" relativeResultsDirectory="b61b55c4-8933-4b20-a125-21911d373cbe" />
    <UnitTestResult executionId="ddae7033-60d9-4cd1-b5b5-a453f3769bc9" testId="d532e953-d0ab-97e6-2a3e-35b032dd21e6" testName="MercadoBitcoin.Client.ComprehensiveTests.ExhaustiveApiCoverageTests.Balances_ShouldReturnAllBalances" computerName="ALIENWARE" duration="00:00:01.0337099" startTime="2025-12-24T18:44:40.5109024-03:00" endTime="2025-12-24T18:44:41.5448443-03:00" testType="13cdc9d9-ddb5-4fa4-a97d-d965ccfc6d4b" outcome="Passed" testListId="8c84fa94-04c1-424b-9868-57a2d4851a1d" relativeResultsDirectory="ddae7033-60d9-4cd1-b5b5-a453f3769bc9">
      <Output>
        <StdOut>[INIT] Using Account ID: 45eb3fd89244f26e696801b09ef2faa3487da99dba6435180c9ae058f4ae6981&#xD;
[INIT] Time synchronized at 2025-12-24 21:44:41 UTC&#xD;
✅ Balances: 1286 asset(s)&#xD;
   - RNDR: Available=0.00000001, Total=0.00000001&#xD;
   - ALPHA: Available=0.00000001, Total=0.00000001&#xD;
   - BCH: Available=0.00406931, Total=0.00406931&#xD;
   - LTC: Available=0.04614388, Total=0.04614388&#xD;
   - CRV: Available=0.00249763, Total=0.00249763&#xD;
[CLEANUP] Client disposed at 21:44:41 UTC</StdOut>
      </Output>
    </UnitTestResult>
    <UnitTestResult executionId="3f35594f-9fd0-4305-bc5e-62337f6063b4" testId="753de79f-8f03-0384-2349-096271f1eaa4" testName="MercadoBitcoin.Client.ComprehensiveTests.ErrorHandlingTests.RateLimiting_ShouldHandleGracefully" computerName="ALIENWARE" duration="00:00:02.4827920" startTime="2025-12-24T18:43:25.0513257-03:00" endTime="2025-12-24T18:43:27.5344929-03:00" testType="13cdc9d9-ddb5-4fa4-a97d-d965ccfc6d4b" outcome="Passed" testListId="8c84fa94-04c1-424b-9868-57a2d4851a1d" relativeResultsDirectory="3f35594f-9fd0-4305-bc5e-62337f6063b4" />
    <UnitTestResult executionId="49cf9871-4689-411e-aafe-8a4be2a0252c" testId="49f94121-68a7-d67d-2313-53bab769467d" testName="MercadoBitcoin.Client.ComprehensiveTests.ExhaustiveApiCoverageTests.Withdrawals_GetById_ShouldReturnDetails" computerName="ALIENWARE" duration="00:00:00.4155579" startTime="2025-12-24T18:44:26.4052485-03:00" endTime="2025-12-24T18:44:26.8207852-03:00" testType="13cdc9d9-ddb5-4fa4-a97d-d965ccfc6d4b" outcome="Passed" testListId="8c84fa94-04c1-424b-9868-57a2d4851a1d" relativeResultsDirectory="49cf9871-4689-411e-aafe-8a4be2a0252c">
      <Output>
        <StdOut>[INIT] Using Account ID: 45eb3fd89244f26e696801b09ef2faa3487da99dba6435180c9ae058f4ae6981&#xD;
[INIT] Time synchronized at 2025-12-24 21:44:26 UTC&#xD;
⚠️ No withdrawals found. Skipping GetWithdrawalById test.&#xD;
[CLEANUP] Client disposed at 21:44:26 UTC</StdOut>
      </Output>
    </UnitTestResult>
    <UnitTestResult executionId="d8df4103-2b82-4794-8efe-e935fecf3ffb" testId="af67edda-ac8c-8fd3-1f7b-a6b579fd392a" testName="MercadoBitcoin.Client.ComprehensiveTests.FullCoverageTests.Public_GetCandles_Plural_ShouldWork" computerName="ALIENWARE" duration="00:00:01.1477327" startTime="2025-12-24T18:43:48.3193755-03:00" endTime="2025-12-24T18:43:49.4672980-03:00" testType="13cdc9d9-ddb5-4fa4-a97d-d965ccfc6d4b" outcome="Passed" testListId="8c84fa94-04c1-424b-9868-57a2d4851a1d" relativeResultsDirectory="d8df4103-2b82-4794-8efe-e935fecf3ffb" />
    <UnitTestResult executionId="25111488-a49a-4f2d-a6dc-f90422c34228" testId="ed967fd2-10bf-71b3-27b8-61293b6ed1a5" testName="MercadoBitcoin.Client.ComprehensiveTests.DebugTests.DebugCandles" computerName="ALIENWARE" duration="00:00:00.2970827" startTime="2025-12-24T18:42:44.3430800-03:00" endTime="2025-12-24T18:42:44.6193470-03:00" testType="13cdc9d9-ddb5-4fa4-a97d-d965ccfc6d4b" outcome="Passed" testListId="8c84fa94-04c1-424b-9868-57a2d4851a1d" relativeResultsDirectory="25111488-a49a-4f2d-a6dc-f90422c34228" />
    <UnitTestResult executionId="289d87dd-3372-44b3-ae70-9b1299877a0a" testId="5bb621b3-9d26-21e9-696f-6b1656258421" testName="MercadoBitcoin.Client.ComprehensiveTests.TradingEndpointsTests.PlaceMarketOrder_DryRun_ShouldValidateStructure" computerName="ALIENWARE" duration="00:00:05.3651146" startTime="2025-12-24T18:43:08.3467039-03:00" endTime="2025-12-24T18:43:13.7116676-03:00" testType="13cdc9d9-ddb5-4fa4-a97d-d965ccfc6d4b" outcome="Passed" testListId="8c84fa94-04c1-424b-9868-57a2d4851a1d" relativeResultsDirectory="289d87dd-3372-44b3-ae70-9b1299877a0a" />
    <UnitTestResult executionId="d9286186-5fdc-4178-b451-a8a84b97e6ba" testId="2c993697-3f3f-e671-acaa-c7bf7282fc68" testName="MercadoBitcoin.Client.ComprehensiveTests.AllRoutesIntegrationTests.Private_Positions_ShouldReturnPositions" computerName="ALIENWARE" duration="00:00:01.1786845" startTime="2025-12-24T18:44:58.4621773-03:00" endTime="2025-12-24T18:44:59.6411269-03:00" testType="13cdc9d9-ddb5-4fa4-a97d-d965ccfc6d4b" outcome="Passed" testListId="8c84fa94-04c1-424b-9868-57a2d4851a1d" relativeResultsDirectory="d9286186-5fdc-4178-b451-a8a84b97e6ba">
      <Output>
        <StdOut>DEBUG: API Key found: True&#xD;
DEBUG: API Secret found: True&#xD;
✅ [INIT] Time synchronized. Timestamp: 1766612698&#xD;
✅ [INIT] Account ID: 45eb3fd89244f26e696801b09ef2faa3487da99dba6435180c9ae058f4ae6981&#xD;
✅ Found 0 positions for BTC-BRL</StdOut>
      </Output>
    </UnitTestResult>
    <UnitTestResult executionId="a3f53988-6244-43c4-946c-3b81b0e663f7" testId="2805daf3-43bb-060f-6394-a127edcd04f8" testName="MercadoBitcoin.Client.ComprehensiveTests.PrivateEndpointsTests.GetAccountInfo_ShouldReturnValidInfo" computerName="ALIENWARE" duration="00:00:04.9250497" startTime="2025-12-24T18:43:07.7430647-03:00" endTime="2025-12-24T18:43:12.6683798-03:00" testType="13cdc9d9-ddb5-4fa4-a97d-d965ccfc6d4b" outcome="Passed" testListId="8c84fa94-04c1-424b-9868-57a2d4851a1d" relativeResultsDirectory="a3f53988-6244-43c4-946c-3b81b0e663f7" />
    <UnitTestResult executionId="28afca81-adeb-4ebc-88eb-0c34e0ed4a6e" testId="0b0412ef-0dbf-986f-2f4b-7e70dd1082c5" testName="MercadoBitcoin.Client.ComprehensiveTests.ExhaustiveApiCoverageTests.AssetFees_WithoutNetwork_ShouldReturnFees" computerName="ALIENWARE" duration="00:00:00.8170339" startTime="2025-12-24T18:44:22.8368621-03:00" endTime="2025-12-24T18:44:23.6544366-03:00" testType="13cdc9d9-ddb5-4fa4-a97d-d965ccfc6d4b" outcome="Passed" testListId="8c84fa94-04c1-424b-9868-57a2d4851a1d" relativeResultsDirectory="28afca81-adeb-4ebc-88eb-0c34e0ed4a6e">
      <Output>
        <StdOut>[INIT] Using Account ID: 45eb3fd89244f26e696801b09ef2faa3487da99dba6435180c9ae058f4ae6981&#xD;
[INIT] Time synchronized at 2025-12-24 21:44:23 UTC&#xD;
✅ Asset Fees (BTC): Withdraw Fee=0.00016&#xD;
[CLEANUP] Client disposed at 21:44:23 UTC</StdOut>
      </Output>
    </UnitTestResult>
    <UnitTestResult executionId="9f9100a2-4ffd-46e8-b897-c2e951b92f23" testId="7a8c330d-64a7-0863-9493-acc20b3eff15" testName="MercadoBitcoin.Client.ComprehensiveTests.ExhaustiveApiCoverageTests.Orders_List_NoFilters_ShouldReturnOrders" computerName="ALIENWARE" duration="00:00:00.7650209" startTime="2025-12-24T18:44:47.3106934-03:00" endTime="2025-12-24T18:44:48.0758678-03:00" testType="13cdc9d9-ddb5-4fa4-a97d-d965ccfc6d4b" outcome="Passed" testListId="8c84fa94-04c1-424b-9868-57a2d4851a1d" relativeResultsDirectory="9f9100a2-4ffd-46e8-b897-c2e951b92f23">
      <Output>
        <StdOut>[INIT] Using Account ID: 45eb3fd89244f26e696801b09ef2faa3487da99dba6435180c9ae058f4ae6981&#xD;
[INIT] Time synchronized at 2025-12-24 21:44:47 UTC&#xD;
✅ Orders (no filters): 100 order(s)&#xD;
[CLEANUP] Client disposed at 21:44:48 UTC</StdOut>
      </Output>
    </UnitTestResult>
    <UnitTestResult executionId="c4475860-01c1-425d-ba8f-41dc6725c259" testId="0f3ab2f0-4114-3207-55be-7a1d77f1023d" testName="MercadoBitcoin.Client.ComprehensiveTests.TradingEndpointsTests.GetOrderTypes_ShouldReturnSupportedTypes" computerName="ALIENWARE" duration="00:00:04.5999562" startTime="2025-12-24T18:42:54.7852209-03:00" endTime="2025-12-24T18:42:59.3853930-03:00" testType="13cdc9d9-ddb5-4fa4-a97d-d965ccfc6d4b" outcome="Passed" testListId="8c84fa94-04c1-424b-9868-57a2d4851a1d" relativeResultsDirectory="c4475860-01c1-425d-ba8f-41dc6725c259" />
    <UnitTestResult executionId="2e95b7c4-1846-4e6a-974d-d316040025af" testId="b6667bb9-79da-77ff-ff7b-5a36779b9aba" testName="MercadoBitcoin.Client.ComprehensiveTests.PublicEndpointsTests.GetCandles_DifferentTimeframes_ShouldWork(timeframe: &quot;1m&quot;)" computerName="ALIENWARE" duration="00:00:04.3319488" startTime="2025-12-24T18:42:54.5369675-03:00" endTime="2025-12-24T18:42:58.8698865-03:00" testType="13cdc9d9-ddb5-4fa4-a97d-d965ccfc6d4b" outcome="Passed" testListId="8c84fa94-04c1-424b-9868-57a2d4851a1d" relativeResultsDirectory="2e95b7c4-1846-4e6a-974d-d316040025af" />
    <UnitTestResult executionId="534721e0-b178-413c-bfcf-bb3dc5ea30a6" testId="648fc957-1647-2172-be3a-920645abaf28" testName="MercadoBitcoin.Client.ComprehensiveTests.ExhaustiveApiCoverageTests.Positions_MultipleSymbols_ShouldReturnMultiple" computerName="ALIENWARE" duration="00:00:00.6380249" startTime="2025-12-24T18:44:29.5573783-03:00" endTime="2025-12-24T18:44:30.1955076-03:00" testType="13cdc9d9-ddb5-4fa4-a97d-d965ccfc6d4b" outcome="Passed" testListId="8c84fa94-04c1-424b-9868-57a2d4851a1d" relativeResultsDirectory="534721e0-b178-413c-bfcf-bb3dc5ea30a6">
      <Output>
        <StdOut>[INIT] Using Account ID: 45eb3fd89244f26e696801b09ef2faa3487da99dba6435180c9ae058f4ae6981&#xD;
[INIT] Time synchronized at 2025-12-24 21:44:30 UTC&#xD;
✅ Positions (multiple): 0 position(s)&#xD;
[CLEANUP] Client disposed at 21:44:30 UTC</StdOut>
      </Output>
    </UnitTestResult>
    <UnitTestResult executionId="a99a5455-a994-473b-872d-bbeb214aace8" testId="e2788e8e-c5e6-78a2-0928-3ced99c51f39" testName="MercadoBitcoin.Client.ComprehensiveTests.UniversalFilterTests.GetWithdrawLimitsAsync_NoParams_ShouldReturnAllLimits" computerName="ALIENWARE" duration="00:00:03.2299871" startTime="2025-12-24T18:43:23.5819496-03:00" endTime="2025-12-24T18:43:26.8124668-03:00" testType="13cdc9d9-ddb5-4fa4-a97d-d965ccfc6d4b" outcome="Passed" testListId="8c84fa94-04c1-424b-9868-57a2d4851a1d" relativeResultsDirectory="a99a5455-a994-473b-872d-bbeb214aace8">
      <Output>
        <StdOut>✅ Fetched 12 withdraw limit responses.</StdOut>
      </Output>
    </UnitTestResult>
    <UnitTestResult executionId="56acf112-55f4-45aa-b994-dad30884ce1a" testId="cfc6db7b-1071-a163-f56d-d44cc51a486a" testName="MercadoBitcoin.Client.ComprehensiveTests.ExhaustiveApiCoverageTests.Accounts_ShouldReturnAllAccounts" computerName="ALIENWARE" duration="00:00:00.8082257" startTime="2025-12-24T18:44:42.4293280-03:00" endTime="2025-12-24T18:44:43.2377399-03:00" testType="13cdc9d9-ddb5-4fa4-a97d-d965ccfc6d4b" outcome="Passed" testListId="8c84fa94-04c1-424b-9868-57a2d4851a1d" relativeResultsDirectory="56acf112-55f4-45aa-b994-dad30884ce1a">
      <Output>
        <StdOut>[INIT] Using Account ID: 45eb3fd89244f26e696801b09ef2faa3487da99dba6435180c9ae058f4ae6981&#xD;
[INIT] Time synchronized at 2025-12-24 21:44:42 UTC&#xD;
✅ Accounts: 1 account(s) found&#xD;
   - main (BRL): NORMAL&#xD;
[CLEANUP] Client disposed at 21:44:43 UTC</StdOut>
      </Output>
    </UnitTestResult>
    <UnitTestResult executionId="94e36956-dd1f-4cec-9dc3-fa168f14caea" testId="c3190d7e-e04c-e217-1447-c0577cd53403" testName="MercadoBitcoin.Client.ComprehensiveTests.ExhaustiveApiCoverageTests.Tickers_NoFilter_ShouldReturnAllTickers" computerName="ALIENWARE" duration="00:00:01.1143521" startTime="2025-12-24T18:44:16.7309425-03:00" endTime="2025-12-24T18:44:17.8456093-03:00" testType="13cdc9d9-ddb5-4fa4-a97d-d965ccfc6d4b" outcome="Passed" testListId="8c84fa94-04c1-424b-9868-57a2d4851a1d" relativeResultsDirectory="94e36956-dd1f-4cec-9dc3-fa168f14caea">
      <Output>
        <StdOut>[INIT] Using Account ID: 45eb3fd89244f26e696801b09ef2faa3487da99dba6435180c9ae058f4ae6981&#xD;
[INIT] Time synchronized at 2025-12-24 21:44:17 UTC&#xD;
✅ Tickers (no filter): 1172 tickers found&#xD;
[CLEANUP] Client disposed at 21:44:17 UTC</StdOut>
      </Output>
    </UnitTestResult>
    <UnitTestResult executionId="cbf66619-32ac-4750-ac0c-81d92169c616" testId="38b35af6-dd1c-f7a4-8bb4-6a488de69334" testName="MercadoBitcoin.Client.ComprehensiveTests.UniversalFilterTests.GetTickersAsync_NoParams_ShouldReturnAllTickers" computerName="ALIENWARE" duration="00:00:02.7502632" startTime="2025-12-24T18:43:20.8313300-03:00" endTime="2025-12-24T18:43:23.5818921-03:00" testType="13cdc9d9-ddb5-4fa4-a97d-d965ccfc6d4b" outcome="Passed" testListId="8c84fa94-04c1-424b-9868-57a2d4851a1d" relativeResultsDirectory="cbf66619-32ac-4750-ac0c-81d92169c616">
      <Output>
        <StdOut>✅ Fetched 1172 tickers without filters.</StdOut>
      </Output>
    </UnitTestResult>
    <UnitTestResult executionId="3ca1f44e-10df-4df9-aee0-88208c825d30" testId="273169d0-a576-fc5c-7b17-27ea0476288b" testName="MercadoBitcoin.Client.ComprehensiveTests.FullCoverageTests.Public_GetOrderBooks_Plural_ShouldWork" computerName="ALIENWARE" duration="00:00:01.5159807" startTime="2025-12-24T18:43:35.3265575-03:00" endTime="2025-12-24T18:43:36.8427474-03:00" testType="13cdc9d9-ddb5-4fa4-a97d-d965ccfc6d4b" outcome="Passed" testListId="8c84fa94-04c1-424b-9868-57a2d4851a1d" relativeResultsDirectory="3ca1f44e-10df-4df9-aee0-88208c825d30" />
    <UnitTestResult executionId="5836a5db-3b30-46b9-8bcc-586d3a110c40" testId="c5b21a9d-8c78-788f-d8b6-f50ef80f2256" testName="MercadoBitcoin.Client.ComprehensiveTests.PublicEndpointsTests.GetSymbols_ShouldReturnValidSymbols" computerName="ALIENWARE" duration="00:00:04.2812854" startTime="2025-12-24T18:43:23.9189764-03:00" endTime="2025-12-24T18:43:28.2005177-03:00" testType="13cdc9d9-ddb5-4fa4-a97d-d965ccfc6d4b" outcome="Passed" testListId="8c84fa94-04c1-424b-9868-57a2d4851a1d" relativeResultsDirectory="5836a5db-3b30-46b9-8bcc-586d3a110c40" />
    <UnitTestResult executionId="dc4147f2-2354-49e6-84ca-f8dc808c588f" testId="3a85c386-5c00-916d-164c-2e3f7c9126d3" testName="MercadoBitcoin.Client.ComprehensiveTests.FullCoverageTests.Private_ListWithdrawals_ShouldWork" computerName="ALIENWARE" duration="00:00:03.9700508" startTime="2025-12-24T18:43:15.4793914-03:00" endTime="2025-12-24T18:43:19.4494215-03:00" testType="13cdc9d9-ddb5-4fa4-a97d-d965ccfc6d4b" outcome="Passed" testListId="8c84fa94-04c1-424b-9868-57a2d4851a1d" relativeResultsDirectory="dc4147f2-2354-49e6-84ca-f8dc808c588f" />
    <UnitTestResult executionId="e79f572f-3e80-454a-aac4-da6dfed98c49" testId="0160ea8b-21f3-66b2-3d2a-1bd8c4479554" testName="MercadoBitcoin.Client.ComprehensiveTests.PublicEndpointsTests.GetAllSymbols_ShouldReturnMajorPairs" computerName="ALIENWARE" duration="00:00:02.2405200" startTime="2025-12-24T18:43:31.7667300-03:00" endTime="2025-12-24T18:43:34.0073744-03:00" testType="13cdc9d9-ddb5-4fa4-a97d-d965ccfc6d4b" outcome="Passed" testListId="8c84fa94-04c1-424b-9868-57a2d4851a1d" relativeResultsDirectory="e79f572f-3e80-454a-aac4-da6dfed98c49" />
    <UnitTestResult executionId="58108032-d32e-47bf-b143-c3515d59dae5" testId="9d2d923f-1fc5-75ab-b397-b64d3f03a3f9" testName="MercadoBitcoin.Client.ComprehensiveTests.ExhaustiveApiCoverageTests.DepositAddresses_ShouldReturnAddresses" computerName="ALIENWARE" duration="00:00:01.5797340" startTime="2025-12-24T18:44:34.5438839-03:00" endTime="2025-12-24T18:44:36.1240179-03:00" testType="13cdc9d9-ddb5-4fa4-a97d-d965ccfc6d4b" outcome="Passed" testListId="8c84fa94-04c1-424b-9868-57a2d4851a1d" relativeResultsDirectory="58108032-d32e-47bf-b143-c3515d59dae5">
      <Output>
        <StdOut>[INIT] Using Account ID: 45eb3fd89244f26e696801b09ef2faa3487da99dba6435180c9ae058f4ae6981&#xD;
[INIT] Time synchronized at 2025-12-24 21:44:35 UTC&#xD;
✅ Deposit Addresses (BTC): 1 address(es)&#xD;
[CLEANUP] Client disposed at 21:44:36 UTC</StdOut>
      </Output>
    </UnitTestResult>
    <UnitTestResult executionId="ab249df0-a118-47c7-a1a2-2a4906a1ad16" testId="7256d432-c5f0-8107-1dd2-6d1e0387ee73" testName="MercadoBitcoin.Client.ComprehensiveTests.TradingOperationsTests.ListOrders_AfterPlacement_ShouldIncludeNewOrder" computerName="ALIENWARE" duration="00:00:05.6745077" startTime="2025-12-24T18:43:07.3837695-03:00" endTime="2025-12-24T18:43:13.0585497-03:00" testType="13cdc9d9-ddb5-4fa4-a97d-d965ccfc6d4b" outcome="Passed" testListId="8c84fa94-04c1-424b-9868-57a2d4851a1d" relativeResultsDirectory="ab249df0-a118-47c7-a1a2-2a4906a1ad16">
      <Output>
        <StdOut>[DEBUG] Loaded Account ID: '45eb3fd89244f26e696801b09ef2faa3487da99dba6435180c9ae058f4ae6981'&#xD;
[INIT] Trading tests initialized for account 45eb3fd89244f26e696801b09ef2faa3487da99dba6435180c9ae058f4ae6981&#xD;
[LIST] Placed sell order 01KD951RC9Z04Y8B2K2WY0N155&#xD;
✅ Order found in list: 01KD951RC9Z04Y8B2K2WY0N155&#xD;
✅ Cleanup: Order 01KD951RC9Z04Y8B2K2WY0N155 cancelled&#xD;
[CLEANUP] Trading tests completed</StdOut>
      </Output>
    </UnitTestResult>
    <UnitTestResult executionId="7d1b9d5c-39d6-43b8-bf5e-7392b86afa7c" testId="731cb206-fff5-3d7e-6890-094e52ef2e8c" testName="MercadoBitcoin.Client.ComprehensiveTests.TradingOperationsTests.GetOrderById_ShouldReturnOrderDetails" computerName="ALIENWARE" duration="00:00:05.1525850" startTime="2025-12-24T18:43:16.6564021-03:00" endTime="2025-12-24T18:43:21.8092600-03:00" testType="13cdc9d9-ddb5-4fa4-a97d-d965ccfc6d4b" outcome="Passed" testListId="8c84fa94-04c1-424b-9868-57a2d4851a1d" relativeResultsDirectory="7d1b9d5c-39d6-43b8-bf5e-7392b86afa7c">
      <Output>
        <StdOut>[DEBUG] Loaded Account ID: '45eb3fd89244f26e696801b09ef2faa3487da99dba6435180c9ae058f4ae6981'&#xD;
[INIT] Trading tests initialized for account 45eb3fd89244f26e696801b09ef2faa3487da99dba6435180c9ae058f4ae6981&#xD;
[GETBYID] Placed sell order 01KD9521TCTQF3252YRCF0FTSP&#xD;
✅ Order retrieved: sell 0.00001000 BTC @ R$ 728678&#xD;
[CLEANUP] Trading tests completed</StdOut>
      </Output>
    </UnitTestResult>
[...]
[DEBUG] WS Message: {"type":"ticker","id":"BRLBTC","ts":1766612617881153400,"data":{"high":"486459.00000000","low":"478731.00000000","vol":"17.14942770","last":"485785.00000000","buy":"485785.00000000","sell":"486288.00000000","open":"485392.00000000","date":1766612617}}&#xD;
[DEBUG] WS Message: {"type":"ticker","id":"BRLBTC","ts":1766612617881153400,"data":{"high":"486459.00000000","low":"478731.00000000","vol":"17.14942770","last":"485785.00000000","buy":"485785.00000000","sell":"486288.00000000","open":"485392.00000000","date":1766612617}}&#xD;
[DEBUG] WS Message: {"type":"ticker","id":"BRLBTC","ts":1766612617881242682,"data":{"high":"486459.00000000","low":"478731.00000000","vol":"17.14942770","last":"485785.00000000","buy":"485785.00000000","sell":"486288.00000000","open":"485392.00000000","date":1766612617}}&#xD;
[DEBUG] WS Message: {"type":"ticker","id":"BRLBTC","ts":1766612617881153400,"data":{"high":"486459.00000000","low":"478731.00000000","vol":"17.14942770","last":"485785.00000000","buy":"485785.00000000","sell":"486288.00000000","open":"485392.00000000","date":1766612617}}&#xD;
[DEBUG] WS Message: {"type":"ticker","id":"BRLBTC","ts":1766612617881188095,"data":{"high":"486459.00000000","low":"478731.00000000","vol":"17.14942770","last":"485785.00000000","buy":"485785.00000000","sell":"486288.00000000","open":"485392.00000000","date":1766612617}}&#xD;
[DEBUG] WS Message: {"type":"ticker","id":"BRLBTC","ts":1766612617881153400,"data":{"high":"486459.00000000","low":"478731.00000000","vol":"17.14942770","last":"485785.00000000","buy":"485785.00000000","sell":"486288.00000000","open":"485392.00000000","date":1766612617}}&#xD;
[DEBUG] WS Message: {"type":"ticker","id":"BRLBTC","ts":1766612617881153400,"data":{"high":"486459.00000000","low":"478731.00000000","vol":"17.14942770","last":"485785.00000000","buy":"485785.00000000","sell":"486288.00000000","open":"485392.00000000","date":1766612617}}&#xD;
[DEBUG] WS Message: {"type":"ticker","id":"BRLBTC","ts":1766612617881250883,"data":{"high":"486459.00000000","low":"478731.00000000","vol":"17.14942770","last":"485785.00000000","buy":"485785.00000000","sell":"486288.00000000","open":"485392.00000000","date":1766612617}}&#xD;
[DEBUG] WS Message: {"type":"ticker","id":"BRLBTC","ts":1766612617881153400,"data":{"high":"486459.00000000","low":"478731.00000000","vol":"17.14942770","last":"485785.00000000","buy":"485785.00000000","sell":"486288.00000000","open":"485392.00000000","date":1766612617}}&#xD;
[AUTH] Authenticated. Token length=1235&#xD;
[DEBUG] WS Message: {"id":"BRLBTC","name":"orderbook","limit":10}&#xD;
[18:43:37] ?? API Call: GET /trades/BTC-BRL&#xD;
    Response: [&#xD;
  {&#xD;
    "amount": "0.01234560",&#xD;
    "date": 1766587098,&#xD;
    "price": "479300.00000000",&#xD;
    "tid": 21425792,&#xD;
    "type": "sell"&#xD;
  },&#xD;
  {&#xD;
    "amount": "0.00300000",&#xD;
    "date": 1766587102,&#xD;
    "price": "479254.00000000",&#xD;
    "tid": 21425793,&#xD;
    "type": "sell"&#xD;
  },&#xD;
  {&#xD;
    "amount": "0.00999000",&#xD;
    "date": 1766587112,&#xD;
    "price": "479102.00000000",&#xD;
    "tid": 21425794,&#xD;
    "type": "sell"&#xD;
  },&#xD;
  {&#xD;
    "amount": "0.00430634",&#xD;
    "date": 1766587112,&#xD;
    "price": "4791...&#xD;
[18:43:37] ? PASS - GetTrades&#xD;
    Details: Returned 1000 trades, Latest: 479300,00000000 at 24/12/2025 14:38:18 +00:00&#xD;
[DEBUG] WS Message: {"type":"ticker","id":"BRLBTC","ts":1766612618476915423,"data":{"high":"486459.00000000","low":"478731.00000000","vol":"17.14942770","last":"485785.00000000","buy":"485785.00000000","sell":"486289.00000000","open":"485392.00000000","date":1766612618}}&#xD;
[DEBUG] WS Message: {"type":"ticker","id":"BRLBTC","ts":1766612618476915423,"data":{"high":"486459.00000000","low":"478731.00000000","vol":"17.14942770","last":"485785.00000000","buy":"485785.00000000","sell":"486289.00000000","open":"485392.00000000","date":1766612618}}&#xD;
[DEBUG] WS Message: {"type":"ticker","id":"BRLBTC","ts":1766612618476878247,"data":{"high":"486459.00000000","low":"478731.00000000","vol":"17.14942770","last":"485785.00000000","buy":"485785.00000000","sell":"486289.00000000","open":"485392.00000000","date":1766612618}}&#xD;
[DEBUG] WS Message: {"type":"ticker","id":"BRLBTC","ts":1766612618476915423,"data":{"high":"486459.00000000","low":"478731.00000000","vol":"17.14942770","last":"485785.00000000","buy":"485785.00000000","sell":"486289.00000000","open":"485392.00000000","date":1766612618}}&#xD;
[DEBUG] WS Message: {"type":"ticker","id":"BRLBTC","ts":1766612618476915423,"data":{"high":"486459.00000000","low":"478731.00000000","vol":"17.14942770","last":"485785.00000000","buy":"485785.00000000","sell":"486289.00000000","open":"485392.00000000","date":1766612618}}&#xD;
[DEBUG] WS Message: {"type":"ticker","id":"BRLBTC","ts":1766612618476878247,"data":{"high":"486459.00000000","low":"478731.00000000","vol":"17.14942770","last":"485785.00000000","buy":"485785.00000000","sell":"486289.00000000","open":"485392.00000000","date":1766612618}}&#xD;
[DEBUG] WS Message: {"type":"ticker","id":"BRLBTC","ts":1766612618476915423,"data":{"high":"486459.00000000","low":"478731.00000000","vol":"17.14942770","last":"485785.00000000","buy":"485785.00000000","sell":"486289.00000000","open":"485392.00000000","date":1766612618}}&#xD;
[DEBUG] WS Message: {"type":"ticker","id":"BRLBTC","ts":1766612618476915423,"data":{"high":"486459.00000000","low":"478731.00000000","vol":"17.14942770","last":"485785.00000000","buy":"485785.00000000","sell":"486289.00000000","open":"485392.00000000","date":1766612618}}&#xD;
[DEBUG] WS Message: {"type":"ticker","id":"BRLBTC","ts":1766612618476855064,"data":{"high":"486459.00000000","low":"478731.00000000","vol":"17.14942770","last":"485785.00000000","buy":"485785.00000000","sell":"486289.00000000","open":"485392.00000000","date":1766612618}}&#xD;
[DEBUG] WS Message: {"type":"ticker","id":"BRLBTC","ts":1766612618476934713,"data":{"high":"486459.00000000","low":"478731.00000000","vol":"17.14942770","last":"485785.00000000","buy":"485785.00000000","sell":"486289.00000000","open":"485392.00000000","date":1766612618}}&#xD;
[AUTH] Configuring client with ApiKey/ApiSecret from appsettings.json...&#xD;
[DEBUG] WS Message: {"type":"orderbook","id":"BRLBTC","ts":1766612618550160554,"limit":10,"data":{"asks":[[486289,0.02099086],[486340,0.0830785],[486341,0.02313],[486347,0.1541],[486369,0.0513],[486429,0.10792],[486430,0.00999],[486439,0.00999],[486452,0.00999],[486458,0.00249]],"bids":[[485785,0.02196124],[485687,0.03526489],[485686,0.0857],[485684,0.04117491],[485573,0.049],[485272,0.03137064],[485271,0.63525],[485270,0.00011581],[484975,0.0785592],[484974,0.00541196]],"timestamp":1766612618546831571}}&#xD;
[AUTH] Authenticated. Token length=1235&#xD;
[DEBUG] WS Message: {"type":"orderbook","id":"BRLBTC","ts":1766612618708352348,"limit":10,"data":{"asks":[[486289,0.02099086],[486340,0.0830785],[486341,0.02313],[486347,0.1541],[486369,0.0513],[486429,0.10792],[486430,0.00999],[486439,0.00999],[486452,0.00999],[486458,0.00332]],"bids":[[485785,0.02196124],[485687,0.03526489],[485686,0.0857],[485684,0.04117491],[485573,0.049],[485272,0.03137064],[485271,0.63525],[485270,0.00011581],[484975,0.0785592],[484974,0.00541196]],"timestamp":1766612618705265445}}&#xD;
[DEBUG] WS Message: {"type":"orderbook","id":"BRLBTC","ts":1766612618770216314,"limit":10,"data":{"asks":[[486289,0.02099086],[486340,0.0830785],[486341,0.02313],[486347,0.1541],[486369,0.0513],[486429,0.10792],[486430,0.00999],[486439,0.00999],[486452,0.00999],[486458,0.00332]],"bids":[[485785,0.02196124],[485687,0.03526489],[485686,0.0857],[485684,0.04117491],[485573,0.049],[485272,0.03137064],[485271,0.63525],[485270,0.00011581],[484975,0.0785592],[484946,0.1542]],"timestamp":1766612618766961055}}&#xD;
[18:43:38] ? PASS - Public_GetAssetNetworks&#xD;
    Details: Returned 1 networks for BTC&#xD;
[AUTH] Configuring client with ApiKey/ApiSecret from appsettings.json...&#xD;
[AUTH] Configuring client with ApiKey/ApiSecret from appsettings.json...&#xD;
[DEBUG] WS Message: {"id":"BRLBTC","name":"ticker"}&#xD;
[AUTH] Authenticated. Token length=1235&#xD;
[AUTH] Configuring client with ApiKey/ApiSecret from appsettings.json...&#xD;
[AUTH] Authenticated. Token length=1235&#xD;
[18:43:39] ? PASS - Public_GetTickersBatch&#xD;
    Details: Returned 3 tickers in batches&#xD;
[AUTH] Configuring client with ApiKey/ApiSecret from appsettings.json...&#xD;
[AUTH] Authenticated. Token length=1235&#xD;
[18:43:39] ?? API Call: GET /orders/BTC-BRL?status=open&#xD;
    Response: [&#xD;
  {&#xD;
    "avgPrice": null,&#xD;
    "cost": null,&#xD;
    "created_at": 1766612614,&#xD;
    "executions": [],&#xD;
    "externalId": null,&#xD;
    "fee": "0.00000000",&#xD;
    "filledQty": "0.00000000",&#xD;
    "id": "01KD952FBSP94Q8MEDSFNGR1NE",&#xD;
    "instrument": "BTC-BRL",&#xD;
    "limitPrice": 971570,&#xD;
    "qty": "0.00001000",&#xD;
    "side": "sell",&#xD;
    "status": "cancelled",&#xD;
    "stopPrice": null,&#xD;
    "triggerOrderId": "1470018701",&#xD;
    "type": "limit",&#xD;
    "updated_at": 1766612614&#xD;
  },&#xD;
  {&#xD;
    "avgPrice": ...&#xD;
[18:43:39] ? PASS - GetOrdersWithStatus&#xD;
    Details: Returned 100 orders, 0 with status 'open'&#xD;
[AUTH] Authenticated. Token length=1235&#xD;
[AUTH] Authenticated. Token length=1235&#xD;
[AUTH] Configuring client with ApiKey/ApiSecret from appsettings.json...&#xD;
[18:43:41] ? PASS - BeastMode_SynchronizeTime&#xD;
    Details: Current server timestamp: 1766612621&#xD;
[AUTH] Configuring client with ApiKey/ApiSecret from appsettings.json...&#xD;
[AUTH] Authenticated. Token length=1235&#xD;
[18:43:42] ?? API Call: GET /balance&#xD;
    Response: [&#xD;
  {&#xD;
    "available": "0.00000000",&#xD;
    "on_hold": "0.00000000",&#xD;
    "symbol": "RFDFP62",&#xD;
    "total": "0.00000000"&#xD;
  },&#xD;
  {&#xD;
    "available": "0.00000000",&#xD;
    "on_hold": "0.00000000",&#xD;
    "symbol": "CARTAO33",&#xD;
    "total": "0.00000000"&#xD;
  },&#xD;
  {&#xD;
    "available": "0.00000000",&#xD;
    "on_hold": "0.00000000",&#xD;
    "symbol": "FISTEN01",&#xD;
    "total": "0.00000000"&#xD;
  },&#xD;
  {&#xD;
    "available": "0.00000000",&#xD;
    "on_hold": "0.00000000",&#xD;
    "symbol": "MEDTKN03",&#xD;
    "total": "0.0000000...&#xD;
[18:43:42] ? PASS - GetBalance&#xD;
    Details: Returned balances for 1286 currencies&#xD;
[AUTH] Authenticated. Token length=1235&#xD;
[18:43:42] ? PASS - Public_GetCandlesTyped&#xD;
    Details: Returned 52 typed candles&#xD;
[AUTH] Configuring client with ApiKey/ApiSecret from appsettings.json...&#xD;
[AUTH] Authenticated. Token length=1235&#xD;
[DEBUG] WS Message: {"type":"ticker","id":"BRLBTC","ts":1766612625063085871,"data":{"high":"486459.00000000","low":"478731.00000000","vol":"17.14917544","last":"485785.00000000","buy":"485785.00000000","sell":"486289.00000000","open":"485392.00000000","date":1766612625}}&#xD;
[18:43:44] ? PASS - Private_GetDepositAddresses&#xD;
    Details: Successfully retrieved BTC deposit addresses&#xD;
[AUTH] Configuring client with ApiKey/ApiSecret from appsettings.json...&#xD;
[AUTH] Authenticated. Token length=1235&#xD;
[18:43:46] ? PASS - Streaming_StreamOrders&#xD;
    Details: Streamed 5 orders&#xD;
[AUTH] Configuring client with ApiKey/ApiSecret from appsettings.json...&#xD;
[AUTH] Authenticated. Token length=1235&#xD;
[18:43:47] ? PASS - Public_GetTrades_Plural&#xD;
    Details: Returned 10 trades total&#xD;
[AUTH] Configuring client with ApiKey/ApiSecret from appsettings.json...&#xD;
[DEBUG] WS Message: {"type":"ticker","id":"BRLBTC","ts":1766612628602120571,"data":{"high":"486459.00000000","low":"478731.00000000","vol":"17.14917544","last":"485785.00000000","buy":"485785.00000000","sell":"486288.00000000","open":"485392.00000000","date":1766612628}}&#xD;
[DEBUG] WS Message: {"type":"ticker","id":"BRLBTC","ts":1766612628720188265,"data":{"high":"486459.00000000","low":"478731.00000000","vol":"17.14917544","last":"485785.00000000","buy":"485785.00000000","sell":"486289.00000000","open":"485392.00000000","date":1766612628}}&#xD;
[AUTH] Authenticated. Token length=1235&#xD;
[18:43:48] ? PASS - Public_GetCandlesTyped_Plural&#xD;
    Details: Returned 73 typed candles total&#xD;
[AUTH] Configuring client with ApiKey/ApiSecret from appsettings.json...&#xD;
[AUTH] Authenticated. Token length=1235&#xD;
[18:43:49] ? PASS - Public_GetCandles_Plural&#xD;
    Details: Returned 2 candle sets&#xD;
[AUTH] Configuring client with ApiKey/ApiSecret from appsettings.json...&#xD;
[AUTH] Authenticated. Token length=1235&#xD;
[18:43:50] ? PASS - Streaming_StreamTrades&#xD;
    Details: Streamed 5 trades&#xD;
[AUTH] Configuring client with ApiKey/ApiSecret from appsettings.json...&#xD;
[DEBUG] WS Message: {"id":"BRLETH","name":"ticker"}&#xD;
[DEBUG] WS Message: {"id":"BRLBTC","name":"ticker"}&#xD;
[AUTH] Authenticated. Token length=1235&#xD;
[18:43:51] ? PASS - Public_GetRecentCandles&#xD;
    Details: Raw: 10, Typed: 10&#xD;
[DEBUG] WS Message: {"type":"ticker","id":"BRLBTC","ts":1766612636053200309,"data":{"high":"486459.00000000","low":"478731.00000000","vol":"17.14917544","last":"485785.00000000","buy":"485785.00000000","sell":"486288.00000000","open":"485392.00000000","date":1766612636}}&#xD;
[DEBUG] WS Message: {"type":"ticker","id":"BRLBTC","ts":1766612647092155216,"data":{"high":"486459.00000000","low":"478731.00000000","vol":"17.14913547","last":"485785.00000000","buy":"485785.00000000","sell":"486288.00000000","open":"484926.00000000","date":1766612647}}&#xD;
[DEBUG] WS Message: {"type":"ticker","id":"BRLBTC","ts":1766612653207143473,"data":{"high":"486459.00000000","low":"478731.00000000","vol":"17.14913547","last":"485785.00000000","buy":"485785.00000000","sell":"486278.00000000","open":"484926.00000000","date":1766612653}}&#xD;
[DEBUG] WS Message: {"type":"ticker","id":"BRLBTC","ts":1766612653774966147,"data":{"high":"486459.00000000","low":"478731.00000000","vol":"17.14913547","last":"485785.00000000","buy":"485785.00000000","sell":"486277.00000000","open":"484926.00000000","date":1766612653}}&#xD;
[DEBUG] WS Message: {"type":"ticker","id":"BRLETH","ts":1766612654968500978,"data":{"high":"16482.00000000","low":"16017.00000000","vol":"73.48003949","last":"16345.00000000","buy":"16339.00000000","sell":"16346.00000000","open":"16428.00000000","date":1766612654}}&#xD;
[DEBUG] WS Message: {"type":"ticker","id":"BRLBTC","ts":1766612655107950360,"data":{"high":"486459.00000000","low":"478731.00000000","vol":"17.14908540","last":"485785.00000000","buy":"485785.00000000","sell":"486277.00000000","open":"484926.00000000","date":1766612655}}&#xD;
[DEBUG] WS Message: {"type":"ticker","id":"BRLBTC","ts":1766612655209646481,"data":{"high":"486459.00000000","low":"478731.00000000","vol":"17.14908540","last":"485785.00000000","buy":"485785.00000000","sell":"486273.00000000","open":"484926.00000000","date":1766612655}}&#xD;
[DEBUG] WS Message: {"type":"ticker","id":"BRLBTC","ts":1766612655527201135,"data":{"high":"486459.00000000","low":"478731.00000000","vol":"17.14908540","last":"485785.00000000","buy":"485785.00000000","sell":"486272.00000000","open":"484926.00000000","date":1766612655}}&#xD;
[DEBUG] WS Message: {"type":"ticker","id":"BRLBTC","ts":1766612655637134764,"data":{"high":"486459.00000000","low":"478731.00000000","vol":"17.14908540","last":"485785.00000000","buy":"485785.00000000","sell":"486263.00000000","open":"484926.00000000","date":1766612655}}&#xD;
[DEBUG] WS Message: {"type":"ticker","id":"BRLBTC","ts":1766612655983224429,"data":{"high":"486459.00000000","low":"478731.00000000","vol":"17.14908540","last":"485785.00000000","buy":"485785.00000000","sell":"486262.00000000","open":"484926.00000000","date":1766612655}}&#xD;
[DEBUG] WS Message: {"type":"ticker","id":"BRLBTC","ts":1766612656688126273,"data":{"high":"486459.00000000","low":"478731.00000000","vol":"17.14908540","last":"485785.00000000","buy":"485785.00000000","sell":"486235.00000000","open":"484926.00000000","date":1766612656}}&#xD;
[DEBUG] WS Message: {"type":"ticker","id":"BRLBTC","ts":1766612659568410011,"data":{"high":"486459.00000000","low":"478731.00000000","vol":"17.14908540","last":"485785.00000000","buy":"485785.00000000","sell":"486234.00000000","open":"484926.00000000","date":1766612659}}&#xD;
[DEBUG] WS Message: {"type":"ticker","id":"BRLBTC","ts":1766612661134791622,"data":{"high":"486459.00000000","low":"478731.00000000","vol":"17.14908540","last":"485785.00000000","buy":"485785.00000000","sell":"486235.00000000","open":"484926.00000000","date":1766612661}}&#xD;
[DEBUG] WS Message: {"type":"pong"}&#xD;
[DEBUG] WS Message: {"type":"ticker","id":"BRLBTC","ts":1766612663669961783,"data":{"high":"486459.00000000","low":"478731.00000000","vol":"17.14908540","last":"485785.00000000","buy":"485785.00000000","sell":"486234.00000000","open":"484926.00000000","date":1766612663}}&#xD;
[DEBUG] WS Message: {"type":"ticker","id":"BRLBTC","ts":1766612670054062771,"data":{"high":"486459.00000000","low":"478731.00000000","vol":"17.14841674","last":"485785.00000000","buy":"485785.00000000","sell":"486234.00000000","open":"485319.00000000","date":1766612670}}&#xD;
[DEBUG] WS Message: {"type":"ticker","id":"BRLETH","ts":1766612670878317632,"data":{"high":"16482.00000000","low":"16017.00000000","vol":"73.48003949","last":"16345.00000000","buy":"16339.00000000","sell":"16345.00000000","open":"16428.00000000","date":1766612670}}&#xD;
[DEBUG] WS Message: {"type":"ticker","id":"BRLBTC","ts":1766612673087933041,"data":{"high":"486459.00000000","low":"478731.00000000","vol":"17.13921674","last":"485785.00000000","buy":"485785.00000000","sell":"486234.00000000","open":"485319.00000000","date":1766612673}}&#xD;
[DEBUG] WS Message: {"type":"ticker","id":"BRLBTC","ts":1766612674057816993,"data":{"high":"486459.00000000","low":"478731.00000000","vol":"17.13001674","last":"485785.00000000","buy":"485785.00000000","sell":"486234.00000000","open":"485319.00000000","date":1766612674}}&#xD;
[DEBUG] WS Message: {"type":"ticker","id":"BRLBTC","ts":1766612676093098793,"data":{"high":"486459.00000000","low":"478731.00000000","vol":"17.12739768","last":"485785.00000000","buy":"485785.00000000","sell":"486234.00000000","open":"485388.00000000","date":1766612676}}&#xD;
[DEBUG] WS Message: {"type":"ticker","id":"BRLBTC","ts":1766612676218221453,"data":{"high":"486459.00000000","low":"478731.00000000","vol":"17.12739768","last":"485785.00000000","buy":"485785.00000000","sell":"486235.00000000","open":"485388.00000000","date":1766612676}}&#xD;
[DEBUG] WS Message: {"type":"ticker","id":"BRLBTC","ts":1766612676437939518,"data":{"high":"486459.00000000","low":"478731.00000000","vol":"17.12739768","last":"485785.00000000","buy":"485785.00000000","sell":"486234.00000000","open":"485388.00000000","date":1766612676}}&#xD;
[DEBUG] WS Message: {"type":"ticker","id":"BRLBTC","ts":1766612678176428768,"data":{"high":"486459.00000000","low":"478731.00000000","vol":"17.12739768","last":"485785.00000000","buy":"485785.00000000","sell":"486235.00000000","open":"485388.00000000","date":1766612678}}&#xD;
[DEBUG] WS Message: {"type":"ticker","id":"BRLBTC","ts":1766612678546996051,"data":{"high":"486459.00000000","low":"478731.00000000","vol":"17.12739768","last":"485785.00000000","buy":"485785.00000000","sell":"486234.00000000","open":"485388.00000000","date":1766612678}}&#xD;
[DEBUG] WS Message: {"type":"ticker","id":"BRLETH","ts":1766612679070888695,"data":{"high":"16482.00000000","low":"16017.00000000","vol":"73.47748077","last":"16345.00000000","buy":"16339.00000000","sell":"16345.00000000","open":"16428.00000000","date":1766612679}}&#xD;
[xUnit.net 00:02:26.21]   Finished:    MercadoBitcoin.Client.ComprehensiveTests&#xD;
</StdOut>
    </Output>
  </ResultSummary>
</TestRun>